**************************************************************
checked in
**** Day 0 [[[[[[[[[[[[[[[[[
private value: 89.64153542555016
------ Round 0 -----------
attempt to bid at 57.0
ASK_0  +154.412  sellerGD_1
ASK_1  +102.423  sellerZIC_0
BID_0  +25.871  buyerZIP_0
BID_1  +57.000  buyerGD_2
BID_2  +54.195  buyerZIP_1
ASK_3  +149.251  sellerZIC_3
ASK_4  +65.681  sellerZIC_1
BID_4  +59.868  buyerZIP_2
BID_6  +95.181  buyerRE_4
BID_7  +113.064  buyerZIC_1
TRANSACTION_0  +89.372  {buyerZIC_1.BID_7: +113.064, sellerZIC_1.ASK_4: +65.681)
ASK_7  +116.837  sellerZIC_4
BID_11  +127.964  buyerRE_3
TRANSACTION_1  +122.401  {buyerRE_3.BID_11: +127.964, sellerZIC_4.ASK_7: +116.837)
ASK_13  +66.879  sellerZIP_1
ASK_14  +112.214  sellerGD_2
TRANSACTION_2  +81.030  {buyerRE_4.BID_6: +95.181, sellerZIP_1.ASK_13: +66.879)
------ Round 1 -----------
attempt to bid at 65.19498723824579
ASK_24  +60.705  sellerZIC_1
BID_2  +54.195  buyerZIP_1
BID_23  +64.195  buyerGD_0
BID_25  +95.181  buyerRE_4
BID_27  +70.509  buyerRE_1
TRANSACTION_3  +65.607  {buyerRE_1.BID_27: +70.509, sellerZIC_1.ASK_24: +60.705)
BID_29  +104.950  buyerZIC_3
ASK_33  +66.879  sellerZIP_1
BID_1  +65.681  buyerGD_2
BID_31  +127.964  buyerRE_3
TRANSACTION_4  +120.089  {buyerRE_3.BID_31: +127.964, sellerGD_2.ASK_14: +112.214)
BID_32  +77.710  buyerZIC_1
ASK_35  +81.805  sellerZIC_4
TRANSACTION_5  +98.802  {buyerZIC_3.BID_29: +104.950, sellerZIP_1.ASK_33: +66.879)
------ Round 2 -----------
attempt to bid at 66.8785968438208
BID_32  +95.932  buyerZIC_1
TRANSACTION_6  +88.868  {buyerZIC_1.BID_32: +95.932, sellerZIC_4.ASK_35: +81.805)
ASK_39  +139.566  sellerRE_4
ASK_41  +119.837  sellerGD_4
ASK_42  +112.214  sellerGD_2
BID_38  +106.113  buyerZIC_3
BID_1  +69.543  buyerGD_2
BID_44  +127.964  buyerRE_3
TRANSACTION_7  +120.089  {buyerRE_3.BID_44: +127.964, sellerGD_2.ASK_42: +112.214)
ASK_51  +66.879  sellerZIP_1
TRANSACTION_8  +98.802  {buyerZIC_3.BID_38: +106.113, sellerZIP_1.ASK_51: +66.879)
------ Round 3 -----------
attempt to bid at 66.8785968438208
ASK_52  +119.785  sellerZIC_4
ASK_53  +62.809  sellerZIC_1
TRANSACTION_9  +66.176  {buyerGD_2.BID_1: +69.543, sellerZIC_1.ASK_53: +62.809)
BID_4  +75.266  buyerZIP_2
BID_49  +108.078  buyerZIC_1
BID_25  +95.181  buyerRE_4
ASK_1  +72.901  sellerZIC_0
ASK_62  +112.214  sellerGD_2
TRANSACTION_10  +84.041  {buyerRE_4.BID_25: +95.181, sellerZIC_0.ASK_1: +72.901)
------ Round 4 -----------
attempt to bid at 66.8785968438208
ASK_67  +117.144  sellerZIP_3
BID_60  +66.879  buyerGD_4
ASK_68  +71.322  sellerZIC_0
BID_61  +95.181  buyerRE_4
ASK_52  +102.206  sellerZIC_4
TRANSACTION_11  +105.142  {buyerZIC_1.BID_49: +108.078, sellerZIC_4.ASK_52: +102.206)
ASK_62  +108.078  sellerGD_2
BID_69  +104.879  buyerZIC_3
TRANSACTION_12  +100.030  {buyerZIC_3.BID_69: +104.879, sellerZIC_0.ASK_68: +71.322)
------ Round 5 -----------
attempt to bid at 72.58523730561137
ASK_77  +114.178  sellerRE_3
ASK_80  +91.652  sellerZIC_0
ASK_62  +103.206  sellerGD_2
BID_61  +95.181  buyerRE_4
TRANSACTION_13  +93.416  {buyerRE_4.BID_61: +95.181, sellerZIC_0.ASK_80: +91.652)
------ Round 6 -----------
attempt to bid at 72.58523730561137
BID_60  +72.585  buyerGD_4
ASK_62  +102.206  sellerGD_2
ASK_41  +102.206  sellerGD_4
------ Round 7 -----------
attempt to bid at 72.90099080419168
ASK_62  +96.932  sellerGD_2
BID_98  +77.046  buyerZIC_4
BID_60  +72.901  buyerGD_4
------ Round 8 -----------
attempt to bid at 72.90099080419168
ASK_62  +95.932  sellerGD_2
ASK_41  +95.932  sellerGD_4
BID_60  +72.901  buyerGD_4
------ Round 9 -----------
attempt to bid at 72.90099080419168
ASK_62  +95.932  sellerGD_2
ASK_41  +95.932  sellerGD_4
BID_60  +72.901  buyerGD_4
**** Day 0 ]]]]]]]]]]]]]]]]]
**** Day 1 [[[[[[[[[[[[[[[[[
private value: 45.70140873955918
------ Round 0 -----------
attempt to bid at 72.90099080419168
BID_122  +54.676  buyerZIC_2
ASK_118  +130.304  sellerZIC_4
ASK_119  +149.030  sellerRE_1
ASK_122  +131.816  sellerRE_3
BID_125  +60.686  buyerRE_4
BID_126  +103.329  buyerRE_3
ASK_124  +95.932  sellerGD_4
BID_127  +81.805  buyerGD_1
ASK_129  +86.770  sellerZIC_0
ASK_130  +117.144  sellerZIP_3
ASK_134  +110.832  sellerGD_1
ASK_135  +84.805  sellerGD_0
ASK_136  +109.559  sellerRE_2
ASK_137  +85.805  sellerGD_2
TRANSACTION_14  +94.567  {buyerRE_3.BID_126: +103.329, sellerGD_2.ASK_137: +85.805)
------ Round 1 -----------
BID_141  +114.329  buyerRE_3
TRANSACTION_15  +111.944  {buyerRE_3.BID_141: +114.329, sellerRE_2.ASK_136: +109.559)
ASK_135  +82.405  sellerGD_0
ASK_138  +61.888  sellerZIP_4
BID_142  +79.901  buyerGD_3
BID_127  +84.805  buyerGD_1
ASK_130  +93.253  sellerZIP_3
BID_145  +83.550  buyerZIP_1
BID_149  +88.780  buyerZIC_4
ASK_143  +85.805  sellerGD_2
BID_150  +100.134  buyerZIP_2
TRANSACTION_16  +92.969  {buyerZIP_2.BID_150: +100.134, sellerGD_2.ASK_143: +85.805)
ASK_118  +92.305  sellerZIC_4
TRANSACTION_17  +83.605  {buyerGD_1.BID_127: +84.805, sellerGD_0.ASK_135: +82.405)
TRANSACTION_18  +83.605  {buyerZIC_4.BID_149: +88.780, sellerZIP_4.ASK_138: +61.888)
------ Round 2 -----------
BID_155  +103.329  buyerRE_3
TRANSACTION_19  +97.817  {buyerRE_3.BID_155: +103.329, sellerZIC_4.ASK_118: +92.305)
BID_142  +85.805  buyerGD_3
BID_125  +60.686  buyerRE_4
ASK_150  +84.780  sellerZIP_4
ASK_151  +80.474  sellerZIP_2
BID_161  +84.805  buyerGD_1
BID_145  +89.859  buyerZIP_1
ASK_155  +92.687  sellerRE_0
ASK_156  +82.405  sellerGD_0
ASK_157  +85.805  sellerGD_2
TRANSACTION_20  +87.832  {buyerZIP_1.BID_145: +89.859, sellerGD_2.ASK_157: +85.805)
TRANSACTION_21  +81.439  {buyerGD_1.BID_161: +84.805, sellerZIP_2.ASK_151: +80.474)
------ Round 3 -----------
ASK_161  +80.925  sellerZIP_0
BID_170  +85.805  buyerGD_0
ASK_155  +64.687  sellerRE_0
TRANSACTION_22  +75.246  {buyerGD_3.BID_142: +85.805, sellerRE_0.ASK_155: +64.687)
BID_172  +84.805  buyerGD_1
BID_174  +92.987  buyerZIP_4
BID_175  +93.407  buyerZIP_2
TRANSACTION_23  +93.330  {buyerZIP_2.BID_175: +93.407, sellerZIP_3.ASK_130: +93.253)
ASK_156  +81.805  sellerGD_0
ASK_166  +108.237  sellerZIC_4
ASK_168  +80.240  sellerZIP_2
TRANSACTION_24  +80.583  {buyerGD_1.BID_172: +84.805, sellerZIP_2.ASK_168: +80.240)
------ Round 4 -----------
ASK_169  +64.687  sellerRE_0
TRANSACTION_25  +78.837  {buyerZIP_4.BID_174: +92.987, sellerRE_0.ASK_169: +64.687)
ASK_150  +80.869  sellerZIP_4
ASK_156  +80.474  sellerGD_0
BID_125  +60.686  buyerRE_4
BID_170  +85.805  buyerGD_0
ASK_172  +80.240  sellerZIP_2
ASK_173  +95.492  sellerZIP_3
BID_190  +61.534  buyerZIP_3
BID_192  +85.805  buyerGD_3
------ Round 5 -----------
ASK_156  +77.685  sellerGD_0
ASK_181  +64.687  sellerRE_0
TRANSACTION_26  +75.246  {buyerGD_0.BID_170: +85.805, sellerRE_0.ASK_181: +64.687)
BID_190  +61.534  buyerZIP_3
BID_192  +85.805  buyerGD_3
ASK_150  +74.440  sellerZIP_4
ASK_173  +95.492  sellerZIP_3
------ Round 6 -----------
BID_192  +85.805  buyerGD_3
ASK_173  +95.492  sellerZIP_3
BID_209  +85.805  buyerGD_0
ASK_150  +74.440  sellerZIP_4
BID_190  +61.534  buyerZIP_3
------ Round 7 -----------
BID_190  +61.534  buyerZIP_3
BID_224  +65.380  buyerRE_2
BID_192  +85.805  buyerGD_3
ASK_173  +95.492  sellerZIP_3
ASK_172  +72.258  sellerZIP_2
ASK_166  +84.866  sellerZIC_4
TRANSACTION_27  +85.335  {buyerGD_3.BID_192: +85.805, sellerZIC_4.ASK_166: +84.866)
BID_209  +85.805  buyerGD_0
------ Round 8 -----------
ASK_172  +72.258  sellerZIP_2
BID_209  +85.805  buyerGD_0
BID_231  +87.542  buyerZIP_4
ASK_173  +95.492  sellerZIP_3
ASK_197  +88.692  sellerZIC_4
------ Round 9 -----------
ASK_150  +69.785  sellerZIP_4
BID_231  +87.542  buyerZIP_4
BID_242  +89.795  buyerZIP_1
TRANSACTION_28  +89.244  {buyerZIP_1.BID_242: +89.795, sellerZIC_4.ASK_197: +88.692)
ASK_173  +95.492  sellerZIP_3
BID_245  +88.832  buyerZIP_2
BID_247  +79.667  buyerZIC_4
ASK_172  +72.258  sellerZIP_2
TRANSACTION_29  +71.021  {buyerZIC_4.BID_247: +79.667, sellerZIP_4.ASK_150: +69.785)
**** Day 1 ]]]]]]]]]]]]]]]]]
**** Day 2 [[[[[[[[[[[[[[[[[
private value: 102.1426827983241
------ Round 0 -----------
attempt to bid at 89.60276582588067
ASK_210  +103.700  sellerZIC_1
ASK_211  +69.785  sellerGD_0
BID_250  +28.405  buyerZIP_2
BID_251  +3.513  buyerZIC_4
BID_253  +93.509  buyerRE_4
BID_254  +70.509  buyerGD_2
BID_255  +37.414  buyerRE_0
BID_256  +98.934  buyerZIC_2
BID_258  +55.048  buyerZIP_4
ASK_220  +62.336  sellerRE_0
BID_261  +97.748  buyerZIP_1
TRANSACTION_30  +80.042  {buyerZIP_1.BID_261: +97.748, sellerRE_0.ASK_220: +62.336)
BID_262  +89.603  buyerGD_4
ASK_224  +78.919  sellerZIP_0
TRANSACTION_31  +84.261  {buyerGD_4.BID_262: +89.603, sellerZIP_0.ASK_224: +78.919)
TRANSACTION_32  +96.221  {buyerZIC_2.BID_256: +98.934, sellerGD_0.ASK_211: +69.785)
------ Round 1 -----------
attempt to bid at 89.60276582588067
ASK_225  +109.460  sellerZIC_3
ASK_226  +102.906  sellerZIP_0
BID_258  +70.909  buyerZIP_4
ASK_227  +69.785  sellerGD_0
BID_268  +89.603  buyerGD_4
BID_269  +90.193  buyerZIP_1
ASK_231  +92.146  sellerZIC_4
BID_253  +93.509  buyerRE_4
BID_271  +88.875  buyerZIC_0
TRANSACTION_33  +91.192  {buyerRE_4.BID_253: +93.509, sellerGD_0.ASK_227: +69.785)
------ Round 2 -----------
attempt to bid at 89.79534323933615
ASK_240  +69.785  sellerGD_0
BID_271  +101.686  buyerZIC_0
ASK_242  +91.118  sellerZIC_2
BID_254  +70.509  buyerGD_2
BID_275  +93.509  buyerRE_4
ASK_244  +62.336  sellerRE_0
TRANSACTION_34  +76.265  {buyerZIP_1.BID_269: +90.193, sellerRE_0.ASK_244: +62.336)
BID_268  +89.795  buyerGD_4
TRANSACTION_35  +92.313  {buyerRE_4.BID_275: +93.509, sellerZIC_2.ASK_242: +91.118)
TRANSACTION_36  +92.313  {buyerZIC_0.BID_271: +101.686, sellerGD_0.ASK_240: +69.785)
------ Round 3 -----------
attempt to bid at 90.19320683230872
ASK_250  +105.470  sellerZIP_1
ASK_251  +62.336  sellerRE_0
TRANSACTION_37  +76.066  {buyerGD_4.BID_268: +89.795, sellerRE_0.ASK_251: +62.336)
ASK_255  +81.882  sellerZIC_2
BID_285  +86.997  buyerZIC_2
TRANSACTION_38  +84.439  {buyerZIC_2.BID_285: +86.997, sellerZIC_2.ASK_255: +81.882)
------ Round 4 -----------
attempt to bid at 90.19320683230872
BID_290  +90.193  buyerGD_4
BID_292  +74.464  buyerZIC_0
BID_294  +92.235  buyerZIC_2
ASK_250  +105.470  sellerZIP_1
ASK_264  +103.216  sellerZIC_2
BID_298  +93.509  buyerRE_4
ASK_266  +94.121  sellerRE_4
ASK_231  +82.995  sellerZIC_4
TRANSACTION_39  +86.594  {buyerGD_4.BID_290: +90.193, sellerZIC_4.ASK_231: +82.995)
------ Round 5 -----------
BID_301  +84.609  buyerZIP_1
BID_298  +93.509  buyerRE_4
ASK_264  +91.357  sellerZIC_2
BID_294  +106.863  buyerZIC_2
ASK_273  +98.713  sellerZIC_4
TRANSACTION_40  +93.815  {buyerZIC_2.BID_294: +106.863, sellerZIC_2.ASK_264: +91.357)
------ Round 6 -----------
BID_301  +89.206  buyerZIP_1
BID_298  +93.509  buyerRE_4
------ Round 7 -----------
BID_301  +89.206  buyerZIP_1
BID_292  +105.841  buyerZIC_0
TRANSACTION_41  +99.795  {buyerZIC_0.BID_292: +105.841, sellerRE_4.ASK_266: +94.121)
------ Round 8 -----------
ASK_286  +98.121  sellerRE_4
BID_301  +89.206  buyerZIP_1
------ Round 9 -----------
BID_323  +103.317  buyerZIC_0
BID_301  +89.206  buyerZIP_1
ASK_286  +98.121  sellerRE_4
TRANSACTION_42  +100.719  {buyerZIC_0.BID_323: +103.317, sellerRE_4.ASK_286: +98.121)
**** Day 2 ]]]]]]]]]]]]]]]]]
**** Day 3 [[[[[[[[[[[[[[[[[
private value: 67.34757472796439
------ Round 0 -----------
attempt to bid at 89.79534323933615
ASK_295  +129.337  sellerZIC_3
BID_328  +33.029  buyerZIP_2
ASK_296  +64.249  sellerRE_3
BID_329  +62.108  buyerZIP_0
BID_330  +0.000  buyerZIC_2
ASK_303  +107.743  sellerZIP_1
BID_332  +43.293  buyerZIC_0
ASK_305  +94.121  sellerGD_0
BID_333  +45.912  buyerZIC_3
BID_334  +71.839  buyerZIP_4
TRANSACTION_43  +68.044  {buyerZIP_4.BID_334: +71.839, sellerRE_3.ASK_296: +64.249)
BID_336  +101.002  buyerRE_4
ASK_307  +90.193  sellerGD_3
ASK_308  +70.548  sellerRE_4
ASK_310  +90.193  sellerGD_1
ASK_311  +73.936  sellerZIP_4
BID_339  +88.789  buyerZIC_4
BID_341  +89.795  buyerGD_0
BID_342  +98.521  buyerZIC_1
TRANSACTION_44  +94.357  {buyerZIC_1.BID_342: +98.521, sellerGD_3.ASK_307: +90.193)
TRANSACTION_45  +81.362  {buyerZIC_4.BID_339: +88.789, sellerZIP_4.ASK_311: +73.936)
TRANSACTION_46  +81.362  {buyerRE_4.BID_336: +101.002, sellerRE_4.ASK_308: +70.548)
------ Round 1 -----------
BID_341  +90.193  buyerGD_0
TRANSACTION_47  +90.193  {buyerGD_0.BID_341: +90.193, sellerGD_1.ASK_310: +90.193)
ASK_315  +86.903  sellerZIP_4
BID_344  +45.957  buyerZIC_4
BID_345  +101.002  buyerRE_4
ASK_317  +87.542  sellerGD_2
BID_348  +71.839  buyerZIP_4
ASK_320  +71.561  sellerRE_0
TRANSACTION_48  +71.700  {buyerZIP_4.BID_348: +71.839, sellerRE_0.ASK_320: +71.561)
BID_329  +62.108  buyerZIP_0
ASK_321  +63.566  sellerZIC_0
ASK_305  +93.509  sellerGD_0
ASK_322  +88.835  sellerZIP_2
ASK_326  +70.548  sellerRE_4
ASK_303  +81.850  sellerZIP_1
BID_352  +119.202  buyerZIC_1
TRANSACTION_49  +91.384  {buyerZIC_1.BID_352: +119.202, sellerZIC_0.ASK_321: +63.566)
ASK_328  +64.249  sellerRE_3
TRANSACTION_50  +76.199  {buyerRE_4.BID_345: +101.002, sellerRE_4.ASK_326: +70.548)
------ Round 2 -----------
ASK_322  +73.271  sellerZIP_2
BID_333  +58.863  buyerZIC_3
BID_355  +70.295  buyerZIP_4
TRANSACTION_51  +67.272  {buyerZIP_4.BID_355: +70.295, sellerRE_3.ASK_328: +64.249)
BID_329  +66.448  buyerZIP_0
ASK_337  +71.561  sellerRE_0
BID_358  +94.002  buyerRE_4
ASK_340  +70.548  sellerRE_4
BID_360  +90.193  buyerGD_0
TRANSACTION_52  +80.877  {buyerGD_0.BID_360: +90.193, sellerRE_0.ASK_337: +71.561)
ASK_342  +66.169  sellerZIC_0
TRANSACTION_53  +66.309  {buyerZIP_0.BID_329: +66.448, sellerZIC_0.ASK_342: +66.169)
BID_361  +95.934  buyerZIC_1
TRANSACTION_54  +91.738  {buyerZIC_1.BID_361: +95.934, sellerGD_2.ASK_317: +87.542)
BID_362  +47.717  buyerRE_3
TRANSACTION_55  +71.909  {buyerRE_4.BID_358: +94.002, sellerRE_4.ASK_340: +70.548)
------ Round 3 -----------
ASK_344  +89.795  sellerGD_3
ASK_322  +73.271  sellerZIP_2
BID_344  +68.314  buyerZIC_4
BID_328  +68.196  buyerZIP_2
BID_364  +90.193  buyerGD_0
TRANSACTION_56  +89.994  {buyerGD_0.BID_364: +90.193, sellerGD_3.ASK_344: +89.795)
ASK_345  +106.882  sellerZIP_3
ASK_346  +78.249  sellerRE_3
ASK_315  +70.825  sellerZIP_4
BID_370  +69.976  buyerRE_0
