**************************************************************
checked in
**** Day 0 [[[[[[[[[[[[[[[[[
private value: 67.39049414172769
------ Round 0 -----------
attempt to ask at 92.74418228305876
ASK_0  +124.858  sellerGD_4
BID_0  +0.000  buyerZIC_3
ASK_1  +153.228  sellerZIP_3
BID_1  +37.000  buyerGD_0
ASK_2  +121.418  sellerRE_2
BID_2  +10.000  buyerGD_3
BID_3  +24.400  buyerZIC_4
ASK_6  +110.823  sellerZIP_4
BID_4  +32.000  buyerGD_1
ASK_7  +108.265  sellerGD_3
ASK_10  +77.015  sellerZIP_2
ASK_11  +81.955  sellerZIC_0
BID_6  +54.000  buyerGD_4
BID_7  +37.540  buyerZIP_1
BID_8  +58.830  buyerZIP_2
BID_11  +68.289  buyerZIP_3
ASK_16  +61.867  sellerZIC_2
BID_16  +42.353  buyerZIP_0
BID_18  +71.938  buyerZIP_4
TRANSACTION_0  +66.902  {buyerZIP_4.BID_18: +71.938, sellerZIC_2.ASK_16: +61.867)
------ Round 1 -----------
attempt to ask at 96.36375247500837
BID_11  +68.289  buyerZIP_3
ASK_7  +71.938  sellerGD_3
BID_4  +46.353  buyerGD_1
ASK_21  +81.019  sellerGD_1
ASK_10  +67.189  sellerZIP_2
BID_6  +77.289  buyerGD_4
BID_23  +71.938  buyerZIP_4
TRANSACTION_1  +69.563  {buyerZIP_4.BID_23: +71.938, sellerZIP_2.ASK_10: +67.189)
------ Round 2 -----------
attempt to ask at 77.2241655155085
BID_4  +47.681  buyerGD_1
BID_6  +80.273  buyerGD_4
BID_34  +71.938  buyerZIP_4
ASK_21  +80.644  sellerGD_1
ASK_11  +75.336  sellerZIC_0
TRANSACTION_2  +77.804  {buyerGD_4.BID_6: +80.273, sellerZIC_0.ASK_11: +75.336)
ASK_41  +69.502  sellerZIP_1
ASK_7  +68.139  sellerGD_3
TRANSACTION_3  +68.820  {buyerZIP_4.BID_34: +71.938, sellerGD_3.ASK_7: +68.139)
------ Round 3 -----------
attempt to ask at 69.17047934839502
BID_7  +51.198  buyerZIP_1
ASK_45  +69.170  sellerZIC_1
ASK_46  +68.139  sellerGD_3
BID_42  +80.273  buyerGD_4
BID_16  +62.121  buyerZIP_0
ASK_21  +80.495  sellerGD_1
------ Round 4 -----------
attempt to ask at 114.0838279738091
BID_16  +62.121  buyerZIP_0
BID_42  +80.495  buyerGD_4
TRANSACTION_4  +80.495  {buyerGD_4.BID_42: +80.495, sellerGD_1.ASK_21: +80.495)
ASK_46  +67.189  sellerGD_3
BID_11  +76.858  buyerZIP_3
------ Round 5 -----------
attempt to ask at 96.3023325544782
ASK_6  +97.388  sellerZIP_4
ASK_69  +95.411  sellerZIC_0
BID_11  +76.858  buyerZIP_3
ASK_70  +80.435  sellerGD_1
ASK_46  +67.189  sellerGD_3
BID_16  +62.121  buyerZIP_0
BID_62  +80.495  buyerGD_4
TRANSACTION_5  +80.465  {buyerGD_4.BID_62: +80.495, sellerGD_1.ASK_70: +80.435)
------ Round 6 -----------
attempt to ask at 110.34503213595599
ASK_46  +64.121  sellerGD_3
ASK_81  +80.435  sellerGD_1
BID_11  +76.858  buyerZIP_3
BID_16  +62.121  buyerZIP_0
------ Round 7 -----------
attempt to ask at 74.88015715498477
ASK_46  +62.521  sellerGD_3
BID_11  +76.858  buyerZIP_3
ASK_69  +74.140  sellerZIC_0
TRANSACTION_6  +75.499  {buyerZIP_3.BID_11: +76.858, sellerZIC_0.ASK_69: +74.140)
BID_16  +62.121  buyerZIP_0
BID_8  +72.387  buyerZIP_2
ASK_81  +80.435  sellerGD_1
------ Round 8 -----------
attempt to ask at 87.14570456650108
BID_16  +62.121  buyerZIP_0
ASK_81  +80.435  sellerGD_1
ASK_46  +62.121  sellerGD_3
BID_8  +72.387  buyerZIP_2
BID_86  +75.729  buyerZIP_3
TRANSACTION_7  +62.121  {buyerZIP_0.BID_16: +62.121, sellerGD_3.ASK_46: +62.121)
------ Round 9 -----------
attempt to ask at 97.8103454457596
ASK_104  +62.121  sellerGD_3
BID_7  +51.198  buyerZIP_1
BID_89  +62.121  buyerZIP_0
BID_86  +75.729  buyerZIP_3
ASK_81  +80.435  sellerGD_1
TRANSACTION_8  +62.121  {buyerZIP_0.BID_89: +62.121, sellerGD_3.ASK_104: +62.121)
**** Day 0 ]]]]]]]]]]]]]]]]]
**** Day 1 [[[[[[[[[[[[[[[[[
private value: 113.24281729757786
------ Round 0 -----------
attempt to ask at 135.98281699232757
BID_98  +6.422  buyerRE_1
ASK_115  +186.171  sellerRE_1
ASK_116  +169.105  sellerZIC_3
BID_99  +34.466  buyerZIC_1
BID_100  +59.684  buyerZIC_3
BID_101  +72.387  buyerZIP_2
ASK_117  +137.846  sellerRE_0
BID_103  +79.984  buyerRE_4
ASK_118  +135.983  sellerZIC_1
ASK_119  +123.938  sellerGD_0
BID_110  +62.521  buyerGD_1
ASK_122  +75.473  sellerZIC_4
ASK_123  +62.121  sellerGD_3
BID_111  +62.521  buyerGD_3
TRANSACTION_9  +76.185  {buyerRE_4.BID_103: +79.984, sellerGD_3.ASK_123: +62.121)
------ Round 1 -----------
attempt to ask at 157.7545902458951
ASK_128  +98.013  sellerZIC_2
BID_120  +79.984  buyerRE_4
BID_111  +62.521  buyerGD_3
ASK_130  +66.328  sellerZIC_0
ASK_133  +62.121  sellerGD_3
BID_110  +62.521  buyerGD_1
TRANSACTION_10  +76.185  {buyerRE_4.BID_120: +79.984, sellerGD_3.ASK_133: +62.121)
------ Round 2 -----------
attempt to ask at 156.9139367667958
BID_126  +79.984  buyerRE_4
BID_110  +64.121  buyerGD_1
ASK_122  +58.178  sellerZIC_4
TRANSACTION_11  +61.150  {buyerGD_1.BID_110: +64.121, sellerZIC_4.ASK_122: +58.178)
BID_127  +63.060  buyerZIP_1
ASK_117  +89.846  sellerRE_0
BID_111  +64.121  buyerGD_3
ASK_139  +62.121  sellerGD_3
TRANSACTION_12  +76.185  {buyerRE_4.BID_126: +79.984, sellerGD_3.ASK_139: +62.121)
------ Round 3 -----------
attempt to ask at 125.44089442817494
BID_111  +65.886  buyerGD_3
------ Round 4 -----------
attempt to ask at 156.07519404729828
BID_150  +66.328  buyerGD_1
TRANSACTION_13  +66.328  {buyerGD_1.BID_150: +66.328, sellerZIC_0.ASK_130: +66.328)
BID_111  +66.328  buyerGD_3
------ Round 5 -----------
attempt to ask at 151.65573223493993
ASK_119  +66.672  sellerGD_0
ASK_128  +84.400  sellerZIC_2
BID_159  +67.017  buyerGD_1
TRANSACTION_14  +66.844  {buyerGD_1.BID_159: +67.017, sellerGD_0.ASK_119: +66.672)
BID_111  +67.189  buyerGD_3
ASK_152  +102.337  sellerRE_3
ASK_153  +79.704  sellerZIC_0
------ Round 6 -----------
attempt to ask at 141.0000911098905
ASK_157  +66.672  sellerGD_0
TRANSACTION_15  +66.930  {buyerGD_3.BID_111: +67.189, sellerGD_0.ASK_157: +66.672)
BID_173  +63.108  buyerZIP_3
------ Round 7 -----------
attempt to ask at 118.51581771625206
ASK_162  +61.523  sellerZIC_4
TRANSACTION_16  +62.315  {buyerZIP_3.BID_173: +63.108, sellerZIC_4.ASK_162: +61.523)
BID_184  +67.189  buyerGD_3
ASK_165  +66.672  sellerGD_0
TRANSACTION_17  +66.930  {buyerGD_3.BID_184: +67.189, sellerGD_0.ASK_165: +66.672)
------ Round 8 -----------
attempt to ask at 136.34259309619665
ASK_153  +77.005  sellerZIC_0
ASK_167  +52.456  sellerZIC_4
TRANSACTION_18  +57.758  {buyerZIP_1.BID_127: +63.060, sellerZIC_4.ASK_167: +52.456)
BID_193  +67.189  buyerGD_3
------ Round 9 -----------
attempt to ask at 125.25496736634523
ASK_153  +74.115  sellerZIC_0
BID_193  +67.189  buyerGD_3
**** Day 1 ]]]]]]]]]]]]]]]]]
**** Day 2 [[[[[[[[[[[[[[[[[
private value: 89.67798445373774
------ Round 0 -----------
attempt to ask at 89.77674070047215
ASK_173  +115.210  sellerZIC_2
BID_205  +0.000  buyerRE_1
ASK_174  +137.329  sellerRE_0
ASK_175  +69.523  sellerZIP_2
BID_206  +0.000  buyerRE_4
BID_207  +26.832  buyerZIC_4
BID_208  +0.000  buyerRE_3
BID_210  +26.599  buyerZIC_3
ASK_177  +100.007  sellerZIC_4
ASK_179  +89.777  sellerZIC_1
BID_213  +33.000  buyerGD_2
BID_214  +52.329  buyerZIP_4
BID_215  +57.127  buyerZIP_1
------ Round 1 -----------
attempt to ask at 104.8775864415802
BID_222  +52.456  buyerGD_0
ASK_175  +69.523  sellerZIP_2
BID_208  +56.759  buyerRE_3
BID_215  +57.127  buyerZIP_1
------ Round 2 -----------
attempt to ask at 110.22256788564846
BID_215  +57.127  buyerZIP_1
ASK_177  +75.353  sellerZIC_4
ASK_175  +69.523  sellerZIP_2
------ Round 3 -----------
attempt to ask at 129.58444798132405
ASK_206  +60.599  sellerZIC_3
BID_215  +57.127  buyerZIP_1
ASK_175  +69.523  sellerZIP_2
------ Round 4 -----------
attempt to ask at 115.25870172772557
BID_246  +57.642  buyerRE_0
ASK_175  +69.523  sellerZIP_2
------ Round 5 -----------
attempt to ask at 121.77452951436862
ASK_175  +69.523  sellerZIP_2
------ Round 6 -----------
attempt to ask at 123.03439740790054
ASK_175  +69.523  sellerZIP_2
BID_208  +57.759  buyerRE_3
------ Round 7 -----------
attempt to ask at 127.61806923663244
ASK_175  +69.523  sellerZIP_2
------ Round 8 -----------
attempt to ask at 126.23394079273567
ASK_175  +69.523  sellerZIP_2
------ Round 9 -----------
attempt to ask at 135.16796618932858
ASK_175  +69.523  sellerZIP_2
**** Day 2 ]]]]]]]]]]]]]]]]]
**** Day 3 [[[[[[[[[[[[[[[[[
private value: 95.3055647900328
------ Round 0 -----------
attempt to ask at 111.49700228124857
BID_280  +52.329  buyerZIP_4
BID_281  +52.456  buyerGD_0
ASK_262  +111.497  sellerZIC_1
BID_282  +57.127  buyerZIP_1
ASK_263  +72.754  sellerRE_1
ASK_264  +68.189  sellerGD_4
BID_283  +30.339  buyerZIC_1
ASK_268  +59.890  sellerRE_4
BID_289  +55.649  buyerRE_4
------ Round 1 -----------
attempt to ask at 141.3125788094476
ASK_264  +67.189  sellerGD_4
BID_282  +57.127  buyerZIP_1
BID_280  +57.252  buyerZIP_4
------ Round 2 -----------
attempt to ask at 139.46135353762656
BID_280  +57.252  buyerZIP_4
BID_289  +57.649  buyerRE_4
ASK_264  +66.672  sellerGD_4
------ Round 3 -----------
attempt to ask at 111.86126053798944
BID_280  +57.252  buyerZIP_4
ASK_264  +66.672  sellerGD_4
------ Round 4 -----------
attempt to ask at 145.2963124262169
BID_280  +57.252  buyerZIP_4
ASK_264  +66.672  sellerGD_4
------ Round 5 -----------
attempt to ask at 103.0648245359771
ASK_264  +66.672  sellerGD_4
BID_280  +57.252  buyerZIP_4
ASK_319  +66.103  sellerZIC_0
------ Round 6 -----------
attempt to ask at 138.15875075524673
BID_282  +57.743  buyerZIP_1
ASK_264  +66.103  sellerGD_4
------ Round 7 -----------
attempt to ask at 98.77901145955548
ASK_264  +66.103  sellerGD_4
BID_282  +57.743  buyerZIP_1
------ Round 8 -----------
attempt to ask at 120.31893635867164
BID_282  +57.743  buyerZIP_1
ASK_264  +66.103  sellerGD_4
------ Round 9 -----------
attempt to ask at 117.49317769426852
BID_282  +57.743  buyerZIP_1
ASK_264  +66.103  sellerGD_4
**** Day 3 ]]]]]]]]]]]]]]]]]
**** Day 4 [[[[[[[[[[[[[[[[[
private value: 59.43010249175131
------ Round 0 -----------
attempt to ask at 60.03998148953542
BID_395  +8.803  buyerZIC_3
BID_396  +0.000  buyerRE_1
ASK_362  +157.882  sellerZIC_2
BID_397  +57.252  buyerZIP_4
ASK_363  +142.965  sellerRE_3
BID_399  +57.940  buyerZIP_1
ASK_364  +88.241  sellerZIP_3
ASK_365  +71.995  sellerZIP_1
ASK_367  +60.040  sellerZIC_1
------ Round 1 -----------
attempt to ask at 68.45554120372981
BID_399  +57.940  buyerZIP_1
BID_397  +57.252  buyerZIP_4
ASK_365  +71.995  sellerZIP_1
------ Round 2 -----------
attempt to ask at 107.74672550614923
BID_399  +57.940  buyerZIP_1
BID_397  +57.252  buyerZIP_4
ASK_365  +71.995  sellerZIP_1
------ Round 3 -----------
attempt to ask at 66.71014082385227
BID_399  +57.940  buyerZIP_1
BID_397  +57.252  buyerZIP_4
ASK_365  +71.995  sellerZIP_1
------ Round 4 -----------
attempt to ask at 81.89268100541085
BID_399  +57.940  buyerZIP_1
BID_397  +57.252  buyerZIP_4
ASK_365  +71.995  sellerZIP_1
------ Round 5 -----------
attempt to ask at 104.44395380327478
BID_397  +57.252  buyerZIP_4
ASK_365  +71.995  sellerZIP_1
BID_399  +57.940  buyerZIP_1
------ Round 6 -----------
attempt to ask at 89.1296396846883
ASK_365  +71.995  sellerZIP_1
BID_474  +57.712  buyerZIC_2
BID_399  +57.940  buyerZIP_1
------ Round 7 -----------
attempt to ask at 60.80122971907258
BID_399  +57.940  buyerZIP_1
ASK_365  +71.995  sellerZIP_1
------ Round 8 -----------
attempt to ask at 76.61271028919145
BID_399  +57.940  buyerZIP_1
ASK_365  +71.995  sellerZIP_1
------ Round 9 -----------
attempt to ask at 67.71375644020736
BID_399  +57.940  buyerZIP_1
ASK_365  +71.995  sellerZIP_1
**** Day 4 ]]]]]]]]]]]]]]]]]
**** Day 5 [[[[[[[[[[[[[[[[[
private value: 93.64998722448945
------ Round 0 -----------
attempt to ask at 116.8125715223141
ASK_457  +139.409  sellerRE_3
BID_516  +14.601  buyerRE_1
ASK_458  +176.276  sellerRE_2
BID_517  +9.626  buyerRE_2
ASK_459  +95.463  sellerZIC_2
BID_519  +28.660  buyerZIC_0
ASK_460  +66.672  sellerGD_0
BID_520  +45.656  buyerZIC_2
BID_521  +32.518  buyerZIC_3
BID_522  +52.405  buyerZIP_2
BID_523  +57.573  buyerZIP_1
BID_525  +57.252  buyerZIP_4
ASK_466  +90.875  sellerRE_0
------ Round 1 -----------
attempt to ask at 105.00572877936065
BID_525  +57.252  buyerZIP_4
ASK_460  +66.672  sellerGD_0
BID_523  +57.573  buyerZIP_1
ASK_459  +88.535  sellerZIC_2
------ Round 2 -----------
attempt to ask at 116.25991739565507
BID_523  +57.573  buyerZIP_1
ASK_460  +66.672  sellerGD_0
BID_525  +57.252  buyerZIP_4
------ Round 3 -----------
attempt to ask at 123.53102930355817
BID_525  +57.252  buyerZIP_4
BID_523  +57.573  buyerZIP_1
ASK_460  +66.672  sellerGD_0
ASK_459  +80.450  sellerZIC_2
ASK_490  +63.941  sellerGD_3
------ Round 4 -----------
attempt to ask at 124.40139089012519
BID_523  +57.573  buyerZIP_1
ASK_490  +63.941  sellerGD_3
BID_525  +57.252  buyerZIP_4
------ Round 5 -----------
attempt to ask at 111.67151139816269
BID_523  +57.573  buyerZIP_1
BID_525  +57.252  buyerZIP_4
ASK_505  +63.901  sellerZIP_3
ASK_490  +62.485  sellerGD_3
------ Round 6 -----------
attempt to ask at 118.7065979000181
BID_523  +57.573  buyerZIP_1
ASK_466  +75.875  sellerRE_0
ASK_490  +62.121  sellerGD_3
BID_525  +57.252  buyerZIP_4
------ Round 7 -----------
attempt to ask at 134.69616542570293
ASK_466  +66.875  sellerRE_0
BID_525  +57.252  buyerZIP_4
BID_523  +57.573  buyerZIP_1
ASK_490  +62.121  sellerGD_3
------ Round 8 -----------
attempt to ask at 119.69030505279079
BID_525  +57.252  buyerZIP_4
BID_523  +57.573  buyerZIP_1
ASK_490  +62.121  sellerGD_3
------ Round 9 -----------
attempt to ask at 130.81001847749576
BID_523  +57.573  buyerZIP_1
BID_525  +57.252  buyerZIP_4
ASK_490  +62.121  sellerGD_3
**** Day 5 ]]]]]]]]]]]]]]]]]
**** Day 6 [[[[[[[[[[[[[[[[[
private value: 82.08132130093873
------ Round 0 -----------
attempt to ask at 111.29589105257764
ASK_532  +159.021  sellerRE_4
ASK_533  +145.321  sellerZIC_4
ASK_534  +72.387  sellerGD_1
ASK_535  +66.672  sellerGD_0
BID_604  +34.084  buyerZIC_2
ASK_537  +104.097  sellerRE_2
BID_605  +52.456  buyerGD_1
BID_606  +52.456  buyerGD_0
BID_607  +46.000  buyerGD_2
BID_608  +57.252  buyerZIP_4
BID_616  +57.973  buyerZIP_1
------ Round 1 -----------
attempt to ask at 124.01011029724032
ASK_535  +66.672  sellerGD_0
BID_606  +52.456  buyerGD_0
ASK_537  +102.097  sellerRE_2
BID_616  +57.973  buyerZIP_1
ASK_549  +58.828  sellerZIC_2
BID_605  +52.456  buyerGD_1
------ Round 2 -----------
attempt to ask at 104.67827579705045
BID_606  +52.456  buyerGD_0
ASK_556  +88.317  sellerRE_0
BID_616  +57.973  buyerZIP_1
BID_605  +52.456  buyerGD_1
------ Round 3 -----------
attempt to ask at 120.97295591374859
BID_606  +52.456  buyerGD_0
BID_605  +52.456  buyerGD_1
BID_616  +57.973  buyerZIP_1
------ Round 4 -----------
attempt to ask at 116.75469113979489
ASK_556  +81.317  sellerRE_0
BID_605  +52.456  buyerGD_1
BID_606  +52.456  buyerGD_0
BID_616  +57.973  buyerZIP_1
------ Round 5 -----------
attempt to ask at 110.63664081739262
BID_616  +57.973  buyerZIP_1
BID_605  +52.456  buyerGD_1
BID_606  +52.456  buyerGD_0
BID_668  +54.421  buyerRE_1
------ Round 6 -----------
attempt to ask at 86.53482608497143
BID_616  +57.973  buyerZIP_1
------ Round 7 -----------
attempt to ask at 122.31207177974284
BID_616  +57.973  buyerZIP_1
------ Round 8 -----------
attempt to ask at 115.9867585171014
BID_616  +57.973  buyerZIP_1
------ Round 9 -----------
attempt to ask at 126.74136718269438
BID_616  +57.973  buyerZIP_1
ASK_532  +72.021  sellerRE_4
**** Day 6 ]]]]]]]]]]]]]]]]]
**** Day 7 [[[[[[[[[[[[[[[[[
private value: 114.35558947268873
------ Round 0 -----------
attempt to ask at 151.40497650718316
BID_706  +52.456  buyerGD_1
ASK_602  +108.141  sellerZIC_2
BID_708  +51.000  buyerGD_2
BID_709  +57.598  buyerZIP_1
ASK_604  +123.170  sellerRE_2
ASK_608  +63.266  sellerGD_0
BID_716  +57.252  buyerZIP_4
ASK_611  +86.661  sellerRE_0
------ Round 1 -----------
attempt to ask at 133.33856159588322
ASK_608  +61.643  sellerGD_0
ASK_617  +52.141  sellerZIP_4
ASK_611  +67.661  sellerRE_0
BID_709  +57.598  buyerZIP_1
BID_708  +52.456  buyerGD_2
BID_716  +57.252  buyerZIP_4
TRANSACTION_19  +54.854  {buyerZIP_4.BID_716: +57.252, sellerZIP_4.ASK_617: +52.141)
------ Round 2 -----------
attempt to ask at 116.14037211984396
BID_708  +52.456  buyerGD_2
BID_739  +57.252  buyerZIP_4
ASK_627  +56.264  sellerZIP_4
BID_709  +57.598  buyerZIP_1
TRANSACTION_20  +56.758  {buyerZIP_4.BID_739: +57.252, sellerZIP_4.ASK_627: +56.264)
------ Round 3 -----------
attempt to ask at 121.23210687423125
ASK_635  +59.806  sellerZIP_4
BID_751  +57.218  buyerZIP_4
BID_709  +57.598  buyerZIP_1
------ Round 4 -----------
attempt to ask at 138.34372357232496
BID_709  +57.598  buyerZIP_1
ASK_635  +59.806  sellerZIP_4
------ Round 5 -----------
attempt to ask at 160.2443104959093
ASK_635  +59.806  sellerZIP_4
BID_709  +57.598  buyerZIP_1
------ Round 6 -----------
attempt to ask at 117.69302256871015
BID_709  +57.598  buyerZIP_1
ASK_611  +66.661  sellerRE_0
ASK_635  +59.806  sellerZIP_4
------ Round 7 -----------
attempt to ask at 156.3669928116724
BID_709  +57.598  buyerZIP_1
ASK_635  +59.806  sellerZIP_4
------ Round 8 -----------
attempt to ask at 141.67498488677666
ASK_635  +59.806  sellerZIP_4
BID_709  +57.598  buyerZIP_1
------ Round 9 -----------
attempt to ask at 139.95574424043298
BID_709  +57.598  buyerZIP_1
ASK_635  +59.806  sellerZIP_4
**** Day 7 ]]]]]]]]]]]]]]]]]
**** Day 8 [[[[[[[[[[[[[[[[[
private value: 108.38198114652187
------ Round 0 -----------
attempt to ask at 115.4259248636663
BID_832  +57.974  buyerZIP_1
ASK_690  +91.804  sellerRE_4
ASK_691  +74.112  sellerZIC_4
ASK_692  +71.995  sellerZIP_1
BID_837  +33.645  buyerRE_0
ASK_695  +71.284  sellerRE_3
BID_840  +53.384  buyerZIP_4
ASK_696  +69.523  sellerZIP_2
ASK_702  +63.901  sellerZIP_3
------ Round 1 -----------
attempt to ask at 144.3210328114219
ASK_696  +69.523  sellerZIP_2
BID_832  +57.974  buyerZIP_1
ASK_702  +63.901  sellerZIP_3
BID_840  +53.384  buyerZIP_4
ASK_695  +63.284  sellerRE_3
------ Round 2 -----------
attempt to ask at 110.4504918679595
BID_840  +53.384  buyerZIP_4
BID_832  +57.974  buyerZIP_1
ASK_696  +69.523  sellerZIP_2
------ Round 3 -----------
attempt to ask at 131.2941856798716
BID_840  +53.384  buyerZIP_4
BID_832  +57.974  buyerZIP_1
ASK_696  +69.523  sellerZIP_2
------ Round 4 -----------
attempt to ask at 146.00234266836196
ASK_696  +69.523  sellerZIP_2
BID_840  +53.384  buyerZIP_4
ASK_695  +63.284  sellerRE_3
BID_832  +57.974  buyerZIP_1
------ Round 5 -----------
attempt to ask at 126.08377821743488
ASK_692  +69.167  sellerZIP_1
BID_840  +53.384  buyerZIP_4
BID_832  +57.974  buyerZIP_1
------ Round 6 -----------
attempt to ask at 145.35398461157456
ASK_692  +69.167  sellerZIP_1
BID_840  +53.384  buyerZIP_4
BID_832  +57.974  buyerZIP_1
------ Round 7 -----------
attempt to ask at 144.6755797835067
BID_832  +57.974  buyerZIP_1
ASK_692  +69.167  sellerZIP_1
BID_840  +53.384  buyerZIP_4
------ Round 8 -----------
attempt to ask at 130.4810129571706
BID_832  +57.974  buyerZIP_1
BID_840  +53.384  buyerZIP_4
ASK_692  +69.167  sellerZIP_1
------ Round 9 -----------
attempt to ask at 152.22440728684887
BID_837  +55.645  buyerRE_0
ASK_696  +68.603  sellerZIP_2
BID_832  +57.974  buyerZIP_1
**** Day 8 ]]]]]]]]]]]]]]]]]
**** Day 9 [[[[[[[[[[[[[[[[[
private value: 61.13856139127165
------ Round 0 -----------
attempt to ask at 74.24328740453348
ASK_776  +83.669  sellerZIP_1
ASK_777  +77.291  sellerRE_1
BID_975  +47.265  buyerZIC_4
ASK_780  +118.985  sellerRE_4
BID_976  +13.436  buyerZIC_1
ASK_782  +71.209  sellerRE_0
BID_977  +42.690  buyerRE_0
BID_978  +52.456  buyerGD_0
BID_979  +57.804  buyerZIP_1
BID_980  +52.456  buyerGD_1
ASK_784  +74.243  sellerZIC_1
BID_985  +52.456  buyerGD_2
BID_987  +55.641  buyerZIC_2
------ Round 1 -----------
attempt to ask at 91.41626667696983
BID_997  +57.144  buyerZIP_2
BID_979  +57.804  buyerZIP_1
------ Round 2 -----------
attempt to ask at 99.99823455000296
ASK_797  +53.710  sellerRE_2
TRANSACTION_21  +55.427  {buyerZIP_2.BID_997: +57.144, sellerRE_2.ASK_797: +53.710)
BID_979  +57.804  buyerZIP_1
------ Round 3 -----------
attempt to ask at 93.05331321666017
BID_979  +57.804  buyerZIP_1
------ Round 4 -----------
attempt to ask at 94.21823610318825
BID_979  +57.804  buyerZIP_1
------ Round 5 -----------
attempt to ask at 72.97585313208401
BID_979  +57.804  buyerZIP_1
ASK_784  +72.976  sellerZIC_1
------ Round 6 -----------
attempt to ask at 100.22193735931069
BID_979  +57.804  buyerZIP_1
BID_975  +56.535  buyerZIC_4
------ Round 7 -----------
attempt to ask at 91.9323990936391
BID_979  +57.804  buyerZIP_1
------ Round 8 -----------
attempt to ask at 108.74606793513522
ASK_849  +53.710  sellerRE_2
TRANSACTION_22  +55.122  {buyerZIC_4.BID_975: +56.535, sellerRE_2.ASK_849: +53.710)
BID_979  +57.804  buyerZIP_1
------ Round 9 -----------
attempt to ask at 84.06497301766649
BID_1069  +55.732  buyerZIP_0
BID_979  +57.804  buyerZIP_1
**** Day 9 ]]]]]]]]]]]]]]]]]
