**************************************************************
checked in
**** Day 0 [[[[[[[[[[[[[[[[[
private value: 137.34098162967712
------ Round 0 -----------
attempt to ask at 233.34098162967712
BID_0  +43.261  buyerZIC_4
ASK_0  +148.723  sellerZIP_0
ASK_1  +205.724  sellerRE_0
ASK_3  +165.405  sellerGD_2
ASK_4  +110.823  sellerZIP_4
ASK_5  +108.589  sellerZIC_4
BID_3  +37.000  buyerGD_0
ASK_6  +108.265  sellerGD_3
ASK_8  +74.208  sellerZIC_2
ASK_11  +92.744  sellerZIC_1
BID_6  +54.000  buyerGD_4
BID_9  +58.830  buyerZIP_2
ASK_14  +87.983  sellerZIP_1
BID_13  +68.289  buyerZIP_3
BID_15  +73.702  buyerRE_1
BID_19  +71.938  buyerZIP_4
------ Round 1 -----------
attempt to ask at 144.34098162967712
ASK_20  +83.395  sellerGD_1
BID_6  +74.208  buyerGD_4
ASK_6  +74.702  sellerGD_3
ASK_8  +67.546  sellerZIC_2
ASK_26  +72.994  sellerZIP_2
BID_19  +71.938  buyerZIP_4
TRANSACTION_0  +72.466  {buyerGD_4.BID_6: +74.208, sellerZIC_2.ASK_8: +67.546)
------ Round 2 -----------
attempt to ask at 205.34098162967712
BID_30  +74.208  buyerGD_4
BID_13  +77.062  buyerZIP_3
ASK_26  +66.847  sellerZIP_2
ASK_6  +73.702  sellerGD_3
TRANSACTION_1  +73.702  {buyerRE_1.BID_15: +73.702, sellerGD_3.ASK_6: +73.702)
BID_19  +75.235  buyerZIP_4
TRANSACTION_2  +76.149  {buyerZIP_3.BID_13: +77.062, sellerZIP_2.ASK_26: +66.847)
------ Round 3 -----------
attempt to ask at 181.34098162967712
ASK_39  +73.702  sellerGD_3
ASK_40  +104.967  sellerGD_0
ASK_43  +66.847  sellerZIP_2
BID_19  +79.162  buyerZIP_4
BID_47  +77.062  buyerZIP_3
BID_9  +74.568  buyerZIP_2
TRANSACTION_3  +74.135  {buyerZIP_2.BID_9: +74.568, sellerGD_3.ASK_39: +73.702)
ASK_14  +75.775  sellerZIP_1
TRANSACTION_4  +78.112  {buyerZIP_4.BID_19: +79.162, sellerZIP_2.ASK_43: +66.847)
------ Round 4 -----------
attempt to ask at 151.34098162967712
BID_53  +74.568  buyerZIP_2
BID_47  +82.238  buyerZIP_3
ASK_14  +75.775  sellerZIP_1
ASK_11  +74.426  sellerZIC_1
TRANSACTION_5  +74.497  {buyerZIP_2.BID_53: +74.568, sellerZIC_1.ASK_11: +74.426)
ASK_40  +103.767  sellerGD_0
ASK_57  +66.847  sellerZIP_2
ASK_58  +73.702  sellerGD_3
TRANSACTION_6  +78.223  {buyerZIP_3.BID_47: +82.238, sellerZIP_2.ASK_57: +66.847)
------ Round 5 -----------
attempt to ask at 195.34098162967712
BID_67  +76.606  buyerZIP_3
ASK_61  +89.858  sellerGD_4
BID_69  +77.156  buyerZIP_4
ASK_62  +72.838  sellerZIC_1
BID_77  +72.328  buyerZIP_2
ASK_68  +68.081  sellerZIC_2
TRANSACTION_7  +76.881  {buyerZIP_4.BID_69: +77.156, sellerZIC_2.ASK_68: +68.081)
------ Round 6 -----------
attempt to ask at 158.34098162967712
BID_77  +72.328  buyerZIP_2
ASK_58  +72.328  sellerGD_3
TRANSACTION_8  +72.328  {buyerZIP_2.BID_77: +72.328, sellerGD_3.ASK_58: +72.328)
ASK_61  +84.238  sellerGD_4
ASK_14  +68.983  sellerZIP_1
ASK_72  +82.044  sellerZIC_2
BID_0  +45.268  buyerZIC_4
------ Round 7 -----------
attempt to ask at 163.34098162967712
BID_100  +57.626  buyerRE_3
BID_0  +60.035  buyerZIC_4
ASK_72  +69.639  sellerZIC_2
TRANSACTION_9  +75.407  {buyerZIP_3.BID_67: +76.606, sellerZIC_2.ASK_72: +69.639)
------ Round 8 -----------
attempt to ask at 174.34098162967712
BID_30  +74.208  buyerGD_4
ASK_61  +82.638  sellerGD_4
------ Round 9 -----------
attempt to ask at 236.34098162967712
ASK_61  +82.238  sellerGD_4
BID_30  +74.208  buyerGD_4
**** Day 0 ]]]]]]]]]]]]]]]]]
**** Day 1 [[[[[[[[[[[[[[[[[
private value: 59.1892454540357
------ Round 0 -----------
attempt to ask at 103.1892454540357
ASK_99  +103.189  sellerRE_4
ASK_100  +79.162  sellerGD_4
BID_130  +0.000  buyerRE_3
ASK_101  +169.093  sellerRE_2
ASK_103  +83.408  sellerRE_1
BID_131  +0.000  buyerRE_0
BID_132  +0.691  buyerZIP_3
ASK_104  +72.328  sellerGD_3
ASK_105  +77.475  sellerZIP_1
ASK_113  +72.328  sellerGD_1
ASK_114  +64.502  sellerZIC_0
BID_137  +0.000  buyerRE_1
BID_138  +2.683  buyerZIP_2
------ Round 1 -----------
attempt to ask at 113.1892454540357
BID_132  +0.691  buyerZIP_3
ASK_104  +72.328  sellerGD_3
BID_130  +0.856  buyerRE_3
BID_138  +2.683  buyerZIP_2
------ Round 2 -----------
attempt to ask at 109.1892454540357
ASK_100  +70.177  sellerGD_4
BID_138  +2.683  buyerZIP_2
------ Round 3 -----------
attempt to ask at 85.1892454540357
BID_138  +2.683  buyerZIP_2
ASK_100  +69.639  sellerGD_4
------ Round 4 -----------
attempt to ask at 91.1892454540357
ASK_114  +64.058  sellerZIC_0
ASK_100  +68.393  sellerGD_4
BID_138  +2.683  buyerZIP_2
------ Round 5 -----------
attempt to ask at 99.1892454540357
ASK_100  +68.081  sellerGD_4
BID_138  +2.683  buyerZIP_2
------ Round 6 -----------
attempt to ask at 80.1892454540357
ASK_114  +63.108  sellerZIC_0
BID_138  +2.683  buyerZIP_2
ASK_100  +67.094  sellerGD_4
------ Round 7 -----------
attempt to ask at 80.1892454540357
BID_138  +2.683  buyerZIP_2
ASK_100  +66.847  sellerGD_4
------ Round 8 -----------
attempt to ask at 72.1892454540357
ASK_100  +66.847  sellerGD_4
BID_138  +2.683  buyerZIP_2
------ Round 9 -----------
attempt to ask at 100.1892454540357
ASK_100  +66.847  sellerGD_4
ASK_114  +62.090  sellerZIC_0
BID_138  +2.683  buyerZIP_2
**** Day 1 ]]]]]]]]]]]]]]]]]
**** Day 2 [[[[[[[[[[[[[[[[[
private value: 59.50540464837104
------ Round 0 -----------
attempt to ask at 130.50540464837104
BID_175  +0.000  buyerRE_1
ASK_207  +130.653  sellerZIP_0
ASK_208  +144.537  sellerRE_0
ASK_209  +110.882  sellerZIC_0
BID_176  +0.000  buyerRE_4
ASK_210  +130.505  sellerRE_4
ASK_212  +67.791  sellerZIC_3
BID_177  +0.000  buyerZIC_4
BID_178  +0.000  buyerRE_0
BID_179  +0.000  buyerZIC_3
BID_180  +0.000  buyerRE_3
------ Round 1 -----------
attempt to ask at 124.50540464837104
BID_176  +0.000  buyerRE_4
ASK_209  +72.189  sellerZIC_0
BID_180  +0.000  buyerRE_3
BID_179  +0.000  buyerZIC_3
BID_177  +0.000  buyerZIC_4
BID_178  +0.000  buyerRE_0
ASK_225  +66.949  sellerZIC_2
BID_175  +0.000  buyerRE_1
------ Round 2 -----------
attempt to ask at 115.50540464837104
ASK_212  +57.884  sellerZIC_3
BID_180  +0.000  buyerRE_3
BID_176  +0.000  buyerRE_4
BID_175  +0.000  buyerRE_1
BID_177  +0.000  buyerZIC_4
BID_178  +0.000  buyerRE_0
BID_179  +0.000  buyerZIC_3
------ Round 3 -----------
attempt to ask at 74.50540464837104
BID_178  +0.000  buyerRE_0
BID_176  +0.000  buyerRE_4
BID_175  +0.000  buyerRE_1
BID_179  +0.000  buyerZIC_3
BID_180  +0.000  buyerRE_3
BID_177  +0.000  buyerZIC_4
------ Round 4 -----------
attempt to ask at 91.50540464837104
BID_179  +0.000  buyerZIC_3
BID_177  +0.000  buyerZIC_4
BID_176  +0.000  buyerRE_4
BID_175  +0.000  buyerRE_1
BID_180  +0.000  buyerRE_3
BID_178  +0.000  buyerRE_0
------ Round 5 -----------
attempt to ask at 80.50540464837104
BID_176  +0.000  buyerRE_4
BID_178  +0.000  buyerRE_0
BID_175  +0.000  buyerRE_1
BID_177  +0.000  buyerZIC_4
BID_180  +0.000  buyerRE_3
BID_179  +0.000  buyerZIC_3
------ Round 6 -----------
attempt to ask at 81.50540464837104
BID_178  +0.000  buyerRE_0
BID_176  +0.000  buyerRE_4
BID_175  +0.000  buyerRE_1
BID_180  +0.000  buyerRE_3
BID_179  +0.000  buyerZIC_3
BID_177  +0.000  buyerZIC_4
------ Round 7 -----------
attempt to ask at 78.50540464837104
BID_177  +0.000  buyerZIC_4
BID_178  +0.000  buyerRE_0
BID_179  +0.000  buyerZIC_3
BID_176  +0.000  buyerRE_4
BID_180  +0.000  buyerRE_3
BID_175  +0.000  buyerRE_1
------ Round 8 -----------
attempt to ask at 90.50540464837104
BID_175  +0.000  buyerRE_1
BID_179  +0.000  buyerZIC_3
BID_177  +0.000  buyerZIC_4
BID_176  +0.000  buyerRE_4
BID_180  +0.000  buyerRE_3
BID_178  +0.000  buyerRE_0
------ Round 9 -----------
attempt to ask at 88.50540464837104
BID_175  +0.000  buyerRE_1
BID_178  +0.000  buyerRE_0
BID_179  +0.521  buyerZIC_3
BID_176  +0.000  buyerRE_4
ASK_212  +56.926  sellerZIC_3
BID_177  +0.000  buyerZIC_4
BID_180  +0.000  buyerRE_3
**** Day 2 ]]]]]]]]]]]]]]]]]
**** Day 3 [[[[[[[[[[[[[[[[[
private value: 102.34124856069684
------ Round 0 -----------
attempt to ask at 142.34124856069684
BID_181  +0.000  buyerRE_3
ASK_274  +76.118  sellerZIP_1
BID_182  +0.000  buyerZIC_3
ASK_276  +103.224  sellerZIC_4
BID_183  +0.000  buyerRE_2
BID_184  +0.000  buyerRE_1
BID_185  +0.000  buyerRE_0
ASK_287  +72.328  sellerGD_1
BID_186  +0.000  buyerZIC_4
------ Round 1 -----------
attempt to ask at 115.34124856069684
BID_184  +0.000  buyerRE_1
BID_182  +0.000  buyerZIC_3
ASK_274  +76.118  sellerZIP_1
BID_181  +0.000  buyerRE_3
BID_186  +0.000  buyerZIC_4
BID_185  +0.000  buyerRE_0
BID_183  +0.000  buyerRE_2
ASK_287  +72.328  sellerGD_1
------ Round 2 -----------
attempt to ask at 110.34124856069684
BID_183  +0.000  buyerRE_2
BID_182  +0.000  buyerZIC_3
BID_186  +0.000  buyerZIC_4
ASK_274  +76.118  sellerZIP_1
BID_181  +0.000  buyerRE_3
ASK_287  +72.328  sellerGD_1
BID_184  +0.000  buyerRE_1
BID_185  +0.000  buyerRE_0
------ Round 3 -----------
attempt to ask at 175.34124856069684
BID_185  +0.000  buyerRE_0
ASK_287  +72.328  sellerGD_1
BID_181  +0.000  buyerRE_3
BID_183  +0.000  buyerRE_2
BID_186  +0.000  buyerZIC_4
BID_182  +0.000  buyerZIC_3
ASK_274  +76.118  sellerZIP_1
BID_184  +0.000  buyerRE_1
------ Round 4 -----------
attempt to ask at 164.34124856069684
BID_183  +0.000  buyerRE_2
BID_181  +0.000  buyerRE_3
BID_185  +0.000  buyerRE_0
BID_184  +0.000  buyerRE_1
BID_182  +0.000  buyerZIC_3
ASK_274  +76.118  sellerZIP_1
ASK_287  +72.328  sellerGD_1
BID_186  +0.000  buyerZIC_4
------ Round 5 -----------
attempt to ask at 151.34124856069684
BID_186  +0.000  buyerZIC_4
BID_182  +0.000  buyerZIC_3
BID_184  +0.000  buyerRE_1
ASK_274  +76.118  sellerZIP_1
BID_183  +0.000  buyerRE_2
BID_181  +0.000  buyerRE_3
ASK_287  +72.328  sellerGD_1
BID_185  +0.000  buyerRE_0
------ Round 6 -----------
attempt to ask at 164.34124856069684
ASK_276  +61.891  sellerZIC_4
BID_181  +0.000  buyerRE_3
BID_182  +0.000  buyerZIC_3
BID_184  +0.000  buyerRE_1
BID_186  +0.000  buyerZIC_4
BID_185  +0.000  buyerRE_0
ASK_274  +76.118  sellerZIP_1
BID_183  +0.000  buyerRE_2
------ Round 7 -----------
attempt to ask at 165.34124856069684
BID_185  +0.000  buyerRE_0
BID_182  +0.000  buyerZIC_3
BID_181  +0.000  buyerRE_3
ASK_274  +76.118  sellerZIP_1
BID_184  +0.000  buyerRE_1
BID_186  +0.000  buyerZIC_4
BID_183  +0.000  buyerRE_2
------ Round 8 -----------
attempt to ask at 177.34124856069684
BID_181  +0.000  buyerRE_3
ASK_274  +76.118  sellerZIP_1
BID_182  +0.000  buyerZIC_3
BID_184  +0.000  buyerRE_1
BID_183  +0.000  buyerRE_2
BID_185  +0.000  buyerRE_0
ASK_276  +56.090  sellerZIC_4
BID_186  +0.000  buyerZIC_4
------ Round 9 -----------
attempt to ask at 196.34124856069684
BID_184  +0.000  buyerRE_1
BID_185  +0.000  buyerRE_0
ASK_274  +76.118  sellerZIP_1
BID_186  +0.000  buyerZIC_4
BID_182  +0.000  buyerZIC_3
BID_183  +0.000  buyerRE_2
BID_181  +0.000  buyerRE_3
**** Day 3 ]]]]]]]]]]]]]]]]]
**** Day 4 [[[[[[[[[[[[[[[[[
private value: 62.410649308003485
------ Round 0 -----------
attempt to ask at 84.41064930800349
BID_187  +0.000  buyerZIC_2
BID_188  +0.000  buyerRE_4
ASK_387  +84.411  sellerRE_4
ASK_388  +141.590  sellerZIC_0
BID_189  +0.000  buyerRE_0
ASK_389  +130.653  sellerZIP_0
BID_190  +0.000  buyerZIC_0
ASK_391  +66.847  sellerGD_3
ASK_396  +80.283  sellerZIP_4
------ Round 1 -----------
attempt to ask at 117.41064930800349
BID_190  +0.000  buyerZIC_0
ASK_391  +66.847  sellerGD_3
BID_189  +0.000  buyerRE_0
ASK_396  +80.283  sellerZIP_4
BID_188  +0.000  buyerRE_4
BID_187  +0.000  buyerZIC_2
------ Round 2 -----------
attempt to ask at 120.41064930800349
ASK_391  +66.847  sellerGD_3
BID_189  +0.000  buyerRE_0
ASK_396  +80.283  sellerZIP_4
BID_187  +0.000  buyerZIC_2
BID_190  +0.000  buyerZIC_0
BID_188  +0.000  buyerRE_4
ASK_418  +60.926  sellerZIP_3
------ Round 3 -----------
attempt to ask at 149.41064930800349
BID_189  +0.000  buyerRE_0
BID_190  +0.000  buyerZIC_0
BID_187  +0.000  buyerZIC_2
ASK_396  +80.283  sellerZIP_4
ASK_418  +60.926  sellerZIP_3
BID_188  +0.000  buyerRE_4
------ Round 4 -----------
attempt to ask at 143.41064930800349
BID_188  +0.000  buyerRE_4
BID_187  +0.000  buyerZIC_2
BID_190  +0.000  buyerZIC_0
BID_189  +0.000  buyerRE_0
ASK_396  +80.283  sellerZIP_4
ASK_418  +60.926  sellerZIP_3
------ Round 5 -----------
attempt to ask at 97.41064930800349
ASK_418  +60.926  sellerZIP_3
BID_190  +0.000  buyerZIC_0
BID_188  +0.000  buyerRE_4
BID_189  +0.000  buyerRE_0
BID_187  +0.000  buyerZIC_2
ASK_396  +80.283  sellerZIP_4
------ Round 6 -----------
attempt to ask at 70.41064930800349
ASK_387  +70.411  sellerRE_4
ASK_418  +60.926  sellerZIP_3
BID_188  +0.000  buyerRE_4
BID_189  +0.000  buyerRE_0
BID_187  +0.000  buyerZIC_2
BID_190  +0.000  buyerZIC_0
------ Round 7 -----------
attempt to ask at 100.41064930800349
BID_189  +0.000  buyerRE_0
BID_188  +0.000  buyerRE_4
ASK_418  +60.926  sellerZIP_3
BID_190  +0.000  buyerZIC_0
BID_187  +0.000  buyerZIC_2
------ Round 8 -----------
attempt to ask at 109.41064930800349
BID_189  +0.000  buyerRE_0
BID_190  +0.000  buyerZIC_0
BID_188  +0.000  buyerRE_4
BID_187  +0.000  buyerZIC_2
ASK_418  +60.926  sellerZIP_3
------ Round 9 -----------
attempt to ask at 126.41064930800349
BID_190  +0.000  buyerZIC_0
BID_187  +0.000  buyerZIC_2
ASK_418  +60.926  sellerZIP_3
BID_189  +0.000  buyerRE_0
BID_188  +0.000  buyerRE_4
**** Day 4 ]]]]]]]]]]]]]]]]]
**** Day 5 [[[[[[[[[[[[[[[[[
private value: 82.5604148907587
------ Round 0 -----------
attempt to ask at 119.5604148907587
BID_191  +0.000  buyerRE_0
ASK_475  +173.331  sellerRE_0
BID_192  +0.000  buyerZIC_3
ASK_476  +82.090  sellerZIP_3
ASK_477  +139.963  sellerRE_3
ASK_478  +130.653  sellerZIP_0
BID_193  +0.000  buyerZIC_4
ASK_482  +71.353  sellerZIC_2
BID_194  +0.000  buyerRE_2
BID_195  +0.000  buyerZIC_2
BID_196  +0.000  buyerZIC_0
------ Round 1 -----------
attempt to ask at 83.5604148907587
BID_193  +0.000  buyerZIC_4
ASK_476  +82.090  sellerZIP_3
BID_196  +0.000  buyerZIC_0
BID_192  +0.000  buyerZIC_3
BID_191  +0.000  buyerRE_0
BID_194  +0.000  buyerRE_2
BID_195  +0.000  buyerZIC_2
------ Round 2 -----------
attempt to ask at 113.5604148907587
BID_192  +0.000  buyerZIC_3
BID_195  +0.000  buyerZIC_2
BID_196  +0.000  buyerZIC_0
BID_191  +0.000  buyerRE_0
ASK_482  +67.723  sellerZIC_2
ASK_476  +82.090  sellerZIP_3
BID_193  +0.000  buyerZIC_4
BID_194  +0.000  buyerRE_2
------ Round 3 -----------
attempt to ask at 120.5604148907587
ASK_476  +82.090  sellerZIP_3
BID_195  +0.000  buyerZIC_2
BID_193  +0.000  buyerZIC_4
BID_194  +0.000  buyerRE_2
BID_196  +0.000  buyerZIC_0
BID_192  +0.000  buyerZIC_3
BID_191  +0.000  buyerRE_0
------ Round 4 -----------
attempt to ask at 108.5604148907587
BID_194  +0.000  buyerRE_2
BID_191  +0.000  buyerRE_0
BID_192  +0.000  buyerZIC_3
ASK_478  +61.918  sellerZIP_0
BID_195  +0.000  buyerZIC_2
BID_196  +0.000  buyerZIC_0
ASK_476  +82.090  sellerZIP_3
BID_193  +0.000  buyerZIC_4
------ Round 5 -----------
attempt to ask at 123.5604148907587
ASK_476  +82.090  sellerZIP_3
BID_196  +0.000  buyerZIC_0
BID_192  +0.000  buyerZIC_3
BID_194  +0.000  buyerRE_2
BID_191  +0.000  buyerRE_0
BID_195  +0.000  buyerZIC_2
ASK_478  +61.918  sellerZIP_0
BID_193  +0.000  buyerZIC_4
------ Round 6 -----------
attempt to ask at 102.5604148907587
BID_192  +0.000  buyerZIC_3
ASK_478  +61.918  sellerZIP_0
BID_191  +0.000  buyerRE_0
BID_194  +0.000  buyerRE_2
ASK_476  +82.090  sellerZIP_3
BID_193  +0.000  buyerZIC_4
BID_195  +0.000  buyerZIC_2
BID_196  +0.000  buyerZIC_0
------ Round 7 -----------
attempt to ask at 135.5604148907587
BID_194  +0.000  buyerRE_2
BID_196  +0.000  buyerZIC_0
BID_195  +0.000  buyerZIC_2
BID_193  +0.000  buyerZIC_4
BID_192  +0.000  buyerZIC_3
ASK_478  +61.918  sellerZIP_0
BID_191  +0.000  buyerRE_0
ASK_476  +82.090  sellerZIP_3
------ Round 8 -----------
attempt to ask at 175.5604148907587
BID_192  +0.000  buyerZIC_3
BID_193  +0.000  buyerZIC_4
BID_191  +0.000  buyerRE_0
ASK_476  +82.090  sellerZIP_3
BID_195  +0.000  buyerZIC_2
ASK_478  +61.918  sellerZIP_0
BID_194  +0.000  buyerRE_2
BID_196  +0.000  buyerZIC_0
------ Round 9 -----------
attempt to ask at 132.5604148907587
ASK_478  +61.918  sellerZIP_0
BID_196  +0.000  buyerZIC_0
BID_194  +0.000  buyerRE_2
BID_195  +0.000  buyerZIC_2
BID_193  +0.000  buyerZIC_4
ASK_476  +82.090  sellerZIP_3
BID_191  +0.000  buyerRE_0
BID_192  +0.000  buyerZIC_3
**** Day 5 ]]]]]]]]]]]]]]]]]
**** Day 6 [[[[[[[[[[[[[[[[[
private value: 142.9151359712705
------ Round 0 -----------
attempt to ask at 166.9151359712705
BID_197  +0.000  buyerRE_2
BID_198  +0.000  buyerZIC_2
ASK_560  +142.635  sellerZIC_3
ASK_561  +137.848  sellerZIC_2
ASK_562  +79.336  sellerZIC_1
BID_199  +0.000  buyerZIC_3
BID_200  +0.000  buyerZIC_0
ASK_567  +116.746  sellerRE_3
ASK_571  +93.900  sellerRE_2
------ Round 1 -----------
attempt to ask at 188.9151359712705
BID_199  +0.000  buyerZIC_3
BID_198  +0.000  buyerZIC_2
BID_200  +0.000  buyerZIC_0
BID_197  +0.000  buyerRE_2
------ Round 2 -----------
attempt to ask at 223.9151359712705
BID_197  +0.000  buyerRE_2
ASK_571  +80.900  sellerRE_2
BID_198  +0.000  buyerZIC_2
BID_199  +0.000  buyerZIC_3
BID_200  +0.000  buyerZIC_0
------ Round 3 -----------
attempt to ask at 223.9151359712705
BID_197  +0.000  buyerRE_2
BID_199  +0.000  buyerZIC_3
BID_198  +0.000  buyerZIC_2
BID_200  +0.000  buyerZIC_0
------ Round 4 -----------
attempt to ask at 178.9151359712705
BID_199  +0.000  buyerZIC_3
BID_198  +0.000  buyerZIC_2
BID_197  +0.000  buyerRE_2
BID_200  +0.000  buyerZIC_0
------ Round 5 -----------
attempt to ask at 168.9151359712705
BID_200  +0.000  buyerZIC_0
BID_199  +0.000  buyerZIC_3
BID_198  +0.000  buyerZIC_2
BID_197  +0.000  buyerRE_2
------ Round 6 -----------
attempt to ask at 219.9151359712705
BID_200  +0.000  buyerZIC_0
BID_198  +0.000  buyerZIC_2
BID_197  +0.000  buyerRE_2
BID_199  +0.000  buyerZIC_3
------ Round 7 -----------
attempt to ask at 239.9151359712705
BID_199  +0.000  buyerZIC_3
BID_197  +0.000  buyerRE_2
BID_200  +0.000  buyerZIC_0
BID_198  +0.000  buyerZIC_2
------ Round 8 -----------
attempt to ask at 218.9151359712705
BID_197  +0.000  buyerRE_2
BID_200  +0.000  buyerZIC_0
BID_198  +0.000  buyerZIC_2
BID_199  +0.000  buyerZIC_3
------ Round 9 -----------
attempt to ask at 152.9151359712705
BID_197  +0.000  buyerRE_2
BID_200  +0.000  buyerZIC_0
BID_199  +0.000  buyerZIC_3
BID_198  +0.000  buyerZIC_2
**** Day 6 ]]]]]]]]]]]]]]]]]
**** Day 7 [[[[[[[[[[[[[[[[[
private value: 121.53525166213512
------ Round 0 -----------
attempt to ask at 137.53525166213512
ASK_635  +57.588  sellerRE_2
BID_201  +0.000  buyerZIC_3
ASK_636  +137.286  sellerZIC_2
BID_202  +0.000  buyerZIC_1
BID_203  +0.000  buyerZIC_0
BID_204  +0.000  buyerRE_0
BID_205  +0.000  buyerRE_1
ASK_644  +132.153  sellerZIC_4
BID_206  +0.000  buyerRE_2
BID_207  +0.691  buyerZIP_3
------ Round 1 -----------
attempt to ask at 174.53525166213512
BID_204  +0.000  buyerRE_0
BID_202  +0.000  buyerZIC_1
BID_207  +0.691  buyerZIP_3
ASK_650  +51.982  sellerRE_3
BID_201  +0.000  buyerZIC_3
BID_203  +0.000  buyerZIC_0
------ Round 2 -----------
attempt to ask at 187.53525166213512
ASK_644  +131.029  sellerZIC_4
BID_203  +0.000  buyerZIC_0
BID_202  +0.000  buyerZIC_1
BID_204  +0.219  buyerRE_0
BID_207  +0.691  buyerZIP_3
------ Round 3 -----------
attempt to ask at 201.53525166213512
BID_207  +0.691  buyerZIP_3
ASK_644  +128.085  sellerZIC_4
------ Round 4 -----------
attempt to ask at 175.53525166213512
BID_207  +0.691  buyerZIP_3
ASK_682  +110.382  sellerRE_0
------ Round 5 -----------
attempt to ask at 170.53525166213512
BID_207  +0.691  buyerZIP_3
------ Round 6 -----------
attempt to ask at 207.53525166213512
BID_207  +0.691  buyerZIP_3
------ Round 7 -----------
attempt to ask at 185.53525166213512
BID_207  +0.691  buyerZIP_3
------ Round 8 -----------
attempt to ask at 164.53525166213512
BID_207  +0.691  buyerZIP_3
------ Round 9 -----------
attempt to ask at 171.53525166213512
BID_207  +0.691  buyerZIP_3
**** Day 7 ]]]]]]]]]]]]]]]]]
**** Day 8 [[[[[[[[[[[[[[[[[
private value: 62.48072430025786
------ Round 0 -----------
attempt to ask at 101.48072430025786
ASK_725  +85.124  sellerRE_2
BID_208  +0.000  buyerZIC_4
ASK_726  +131.057  sellerZIC_1
BID_209  +0.000  buyerRE_2
BID_210  +0.000  buyerRE_4
ASK_727  +72.328  sellerGD_2
BID_211  +0.000  buyerZIC_1
ASK_731  +58.256  sellerGD_0
BID_212  +0.000  buyerRE_0
BID_213  +0.000  buyerRE_3
------ Round 1 -----------
attempt to ask at 129.48072430025786
BID_209  +0.000  buyerRE_2
BID_208  +0.000  buyerZIC_4
BID_213  +0.000  buyerRE_3
ASK_731  +58.256  sellerGD_0
BID_212  +0.000  buyerRE_0
BID_211  +0.000  buyerZIC_1
BID_210  +0.000  buyerRE_4
ASK_727  +71.944  sellerGD_2
------ Round 2 -----------
attempt to ask at 73.48072430025786
BID_213  +0.000  buyerRE_3
BID_211  +0.000  buyerZIC_1
ASK_731  +57.721  sellerGD_0
BID_208  +0.000  buyerZIC_4
BID_209  +0.000  buyerRE_2
ASK_727  +71.944  sellerGD_2
BID_210  +0.000  buyerRE_4
BID_212  +0.000  buyerRE_0
------ Round 3 -----------
attempt to ask at 117.48072430025786
BID_208  +0.000  buyerZIC_4
BID_210  +0.000  buyerRE_4
BID_211  +0.000  buyerZIC_1
ASK_727  +70.717  sellerGD_2
BID_213  +0.000  buyerRE_3
ASK_731  +57.588  sellerGD_0
BID_209  +0.000  buyerRE_2
BID_212  +0.000  buyerRE_0
------ Round 4 -----------
attempt to ask at 83.48072430025786
BID_209  +0.000  buyerRE_2
BID_208  +0.000  buyerZIC_4
ASK_771  +58.555  sellerRE_3
ASK_731  +57.588  sellerGD_0
BID_211  +0.000  buyerZIC_1
BID_210  +0.000  buyerRE_4
BID_213  +0.000  buyerRE_3
BID_212  +0.000  buyerRE_0
------ Round 5 -----------
attempt to ask at 158.48072430025786
BID_213  +0.000  buyerRE_3
BID_209  +0.000  buyerRE_2
BID_210  +0.000  buyerRE_4
BID_211  +0.000  buyerZIC_1
BID_208  +0.000  buyerZIC_4
BID_212  +0.000  buyerRE_0
ASK_731  +56.689  sellerGD_0
------ Round 6 -----------
attempt to ask at 119.48072430025786
BID_213  +0.000  buyerRE_3
BID_211  +0.000  buyerZIC_1
ASK_731  +56.689  sellerGD_0
BID_209  +0.000  buyerRE_2
BID_210  +0.000  buyerRE_4
BID_212  +0.000  buyerRE_0
BID_208  +0.000  buyerZIC_4
------ Round 7 -----------
attempt to ask at 156.48072430025786
BID_210  +0.000  buyerRE_4
BID_213  +0.000  buyerRE_3
BID_212  +0.000  buyerRE_0
BID_208  +0.000  buyerZIC_4
BID_211  +0.000  buyerZIC_1
ASK_731  +56.210  sellerGD_0
BID_209  +0.000  buyerRE_2
------ Round 8 -----------
attempt to ask at 136.48072430025786
BID_208  +0.000  buyerZIC_4
BID_210  +0.000  buyerRE_4
BID_211  +0.000  buyerZIC_1
BID_213  +0.000  buyerRE_3
BID_209  +0.000  buyerRE_2
ASK_731  +56.090  sellerGD_0
BID_212  +0.000  buyerRE_0
------ Round 9 -----------
attempt to ask at 143.48072430025786
BID_208  +0.000  buyerZIC_4
BID_209  +0.000  buyerRE_2
ASK_731  +56.090  sellerGD_0
BID_211  +0.000  buyerZIC_1
BID_210  +0.000  buyerRE_4
BID_213  +0.000  buyerRE_3
BID_212  +0.000  buyerRE_0
**** Day 8 ]]]]]]]]]]]]]]]]]
**** Day 9 [[[[[[[[[[[[[[[[[
private value: 62.932720175012946
------ Round 0 -----------
attempt to ask at 157.93272017501295
ASK_814  +157.933  sellerRE_4
BID_214  +0.000  buyerZIC_2
ASK_815  +66.847  sellerGD_3
ASK_816  +151.567  sellerZIP_0
BID_215  +0.000  buyerRE_2
ASK_817  +64.515  sellerRE_3
ASK_818  +72.189  sellerGD_1
BID_216  +0.861  buyerRE_0
BID_217  +0.000  buyerZIC_1
ASK_825  +69.209  sellerZIC_3
BID_218  +0.000  buyerRE_1
------ Round 1 -----------
attempt to ask at 128.93272017501295
BID_217  +0.000  buyerZIC_1
ASK_816  +62.633  sellerZIP_0
BID_215  +0.000  buyerRE_2
BID_218  +0.000  buyerRE_1
------ Round 2 -----------
attempt to ask at 129.93272017501295
ASK_838  +61.903  sellerRE_1
BID_215  +0.000  buyerRE_2
BID_217  +0.219  buyerZIC_1
------ Round 3 -----------
attempt to ask at 113.93272017501295
------ Round 4 -----------
attempt to ask at 98.93272017501295
------ Round 5 -----------
attempt to ask at 116.93272017501295
ASK_838  +58.903  sellerRE_1
------ Round 6 -----------
attempt to ask at 100.93272017501295
------ Round 7 -----------
attempt to ask at 132.93272017501295
------ Round 8 -----------
attempt to ask at 93.93272017501295
------ Round 9 -----------
attempt to ask at 109.93272017501295
**** Day 9 ]]]]]]]]]]]]]]]]]
**** Day 10 [[[[[[[[[[[[[[[[[
private value: 138.35402322001755
------ Round 0 -----------
attempt to ask at 172.35402322001755
ASK_893  +95.469  sellerZIP_0
ASK_896  +172.354  sellerRE_4
BID_219  +0.000  buyerRE_1
ASK_897  +66.847  sellerGD_3
BID_220  +0.406  buyerZIP_4
ASK_901  +120.623  sellerRE_0
ASK_904  +104.128  sellerZIC_2
ASK_907  +75.835  sellerZIP_2
------ Round 1 -----------
attempt to ask at 152.35402322001755
ASK_907  +75.835  sellerZIP_2
BID_219  +0.000  buyerRE_1
BID_220  +0.406  buyerZIP_4
ASK_897  +66.847  sellerGD_3
------ Round 2 -----------
attempt to ask at 161.35402322001755
ASK_897  +66.847  sellerGD_3
BID_219  +0.000  buyerRE_1
BID_220  +0.406  buyerZIP_4
ASK_907  +75.835  sellerZIP_2
------ Round 3 -----------
attempt to ask at 207.35402322001755
ASK_907  +75.835  sellerZIP_2
ASK_897  +66.847  sellerGD_3
BID_219  +0.000  buyerRE_1
BID_220  +0.406  buyerZIP_4
------ Round 4 -----------
attempt to ask at 195.35402322001755
BID_220  +0.406  buyerZIP_4
ASK_897  +66.847  sellerGD_3
BID_219  +0.000  buyerRE_1
ASK_907  +75.835  sellerZIP_2
------ Round 5 -----------
attempt to ask at 160.35402322001755
ASK_897  +66.847  sellerGD_3
ASK_907  +75.835  sellerZIP_2
BID_219  +0.000  buyerRE_1
BID_220  +0.406  buyerZIP_4
------ Round 6 -----------
attempt to ask at 172.35402322001755
ASK_907  +75.835  sellerZIP_2
ASK_897  +66.847  sellerGD_3
BID_220  +0.406  buyerZIP_4
BID_219  +0.000  buyerRE_1
------ Round 7 -----------
attempt to ask at 227.35402322001755
BID_219  +0.000  buyerRE_1
ASK_907  +75.835  sellerZIP_2
BID_220  +0.406  buyerZIP_4
ASK_897  +66.847  sellerGD_3
------ Round 8 -----------
attempt to ask at 205.35402322001755
BID_220  +0.406  buyerZIP_4
ASK_897  +66.847  sellerGD_3
ASK_907  +75.835  sellerZIP_2
BID_219  +0.000  buyerRE_1
------ Round 9 -----------
attempt to ask at 201.35402322001755
BID_220  +0.406  buyerZIP_4
BID_219  +0.000  buyerRE_1
ASK_907  +75.835  sellerZIP_2
ASK_897  +66.847  sellerGD_3
**** Day 10 ]]]]]]]]]]]]]]]]]
**** Day 11 [[[[[[[[[[[[[[[[[
private value: 117.26866038516164
------ Round 0 -----------
attempt to ask at 131.26866038516164
ASK_989  +66.847  sellerGD_3
ASK_990  +122.462  sellerZIP_3
ASK_991  +95.469  sellerZIP_0
BID_231  +0.778  buyerZIP_4
ASK_993  +56.944  sellerZIC_3
BID_234  +0.000  buyerZIC_1
------ Round 1 -----------
attempt to ask at 206.26866038516164
BID_231  +0.778  buyerZIP_4
ASK_1003  +65.804  sellerZIC_4
BID_234  +0.000  buyerZIC_1
------ Round 2 -----------
attempt to ask at 211.26866038516164
BID_234  +0.000  buyerZIC_1
BID_231  +0.778  buyerZIP_4
------ Round 3 -----------
attempt to ask at 123.26866038516164
BID_234  +0.000  buyerZIC_1
BID_231  +0.778  buyerZIP_4
ASK_1003  +59.598  sellerZIC_4
ASK_993  +55.851  sellerZIC_3
------ Round 4 -----------
attempt to ask at 208.26866038516164
BID_234  +0.000  buyerZIC_1
BID_231  +0.778  buyerZIP_4
------ Round 5 -----------
attempt to ask at 146.26866038516164
BID_234  +0.000  buyerZIC_1
BID_231  +0.778  buyerZIP_4
ASK_1003  +55.028  sellerZIC_4
------ Round 6 -----------
attempt to ask at 139.26866038516164
BID_234  +0.000  buyerZIC_1
BID_231  +0.778  buyerZIP_4
------ Round 7 -----------
attempt to ask at 183.26866038516164
ASK_1003  +54.365  sellerZIC_4
BID_234  +0.000  buyerZIC_1
BID_231  +0.778  buyerZIP_4
------ Round 8 -----------
attempt to ask at 171.26866038516164
BID_234  +0.000  buyerZIC_1
BID_231  +0.778  buyerZIP_4
------ Round 9 -----------
attempt to ask at 203.26866038516164
BID_231  +0.778  buyerZIP_4
BID_234  +0.000  buyerZIC_1
**** Day 11 ]]]]]]]]]]]]]]]]]
**** Day 12 [[[[[[[[[[[[[[[[[
private value: 82.36897096503526
------ Round 0 -----------
attempt to ask at 110.36897096503526
ASK_1075  +110.369  sellerRE_4
BID_263  +0.000  buyerRE_2
BID_264  +0.000  buyerZIC_4
BID_265  +0.000  buyerRE_0
BID_266  +0.760  buyerZIP_4
ASK_1077  +123.132  sellerZIC_3
BID_267  +0.691  buyerZIP_3
ASK_1078  +72.189  sellerGD_1
------ Round 1 -----------
attempt to ask at 107.36897096503526
BID_267  +0.691  buyerZIP_3
ASK_1078  +72.189  sellerGD_1
ASK_1097  +109.700  sellerZIC_4
BID_266  +0.760  buyerZIP_4
ASK_1075  +107.369  sellerRE_4
------ Round 2 -----------
attempt to ask at 97.36897096503526
BID_267  +0.691  buyerZIP_3
ASK_1097  +86.109  sellerZIC_4
ASK_1078  +72.189  sellerGD_1
BID_266  +0.760  buyerZIP_4
ASK_1102  +59.496  sellerZIP_3
------ Round 3 -----------
attempt to ask at 148.36897096503526
BID_267  +0.691  buyerZIP_3
ASK_1102  +59.496  sellerZIP_3
BID_266  +0.760  buyerZIP_4
------ Round 4 -----------
attempt to ask at 92.36897096503526
BID_267  +0.691  buyerZIP_3
BID_266  +0.760  buyerZIP_4
ASK_1102  +59.496  sellerZIP_3
------ Round 5 -----------
attempt to ask at 82.36897096503526
BID_267  +0.691  buyerZIP_3
ASK_1075  +82.369  sellerRE_4
BID_266  +0.760  buyerZIP_4
ASK_1102  +59.496  sellerZIP_3
------ Round 6 -----------
attempt to ask at 106.36897096503526
BID_267  +0.691  buyerZIP_3
ASK_1102  +59.496  sellerZIP_3
BID_266  +0.760  buyerZIP_4
------ Round 7 -----------
attempt to ask at 156.36897096503526
ASK_1102  +59.496  sellerZIP_3
BID_266  +0.760  buyerZIP_4
BID_267  +0.691  buyerZIP_3
------ Round 8 -----------
attempt to ask at 123.36897096503526
BID_267  +0.691  buyerZIP_3
BID_265  +1.241  buyerRE_0
ASK_1102  +59.496  sellerZIP_3
BID_266  +0.760  buyerZIP_4
------ Round 9 -----------
attempt to ask at 128.36897096503526
ASK_1102  +59.496  sellerZIP_3
BID_266  +0.760  buyerZIP_4
**** Day 12 ]]]]]]]]]]]]]]]]]
**** Day 13 [[[[[[[[[[[[[[[[[
private value: 146.38977905269712
------ Round 0 -----------
attempt to ask at 229.38977905269712
BID_278  +0.000  buyerZIC_1
BID_279  +0.000  buyerRE_0
ASK_1163  +55.851  sellerGD_4
ASK_1167  +85.756  sellerRE_0
ASK_1171  +54.476  sellerZIP_3
BID_280  +0.000  buyerZIC_3
BID_281  +0.000  buyerRE_3
BID_282  +0.000  buyerRE_2
------ Round 1 -----------
attempt to ask at 180.38977905269712
BID_281  +0.000  buyerRE_3
BID_282  +0.000  buyerRE_2
BID_279  +0.000  buyerRE_0
BID_278  +0.000  buyerZIC_1
BID_280  +0.000  buyerZIC_3
ASK_1163  +55.851  sellerGD_4
ASK_1171  +54.476  sellerZIP_3
------ Round 2 -----------
attempt to ask at 158.38977905269712
ASK_1171  +54.476  sellerZIP_3
BID_281  +0.000  buyerRE_3
BID_278  +0.000  buyerZIC_1
BID_279  +0.000  buyerRE_0
ASK_1163  +55.851  sellerGD_4
BID_280  +0.000  buyerZIC_3
BID_282  +0.000  buyerRE_2
------ Round 3 -----------
attempt to ask at 201.38977905269712
BID_280  +0.000  buyerZIC_3
BID_278  +0.076  buyerZIC_1
BID_282  +0.000  buyerRE_2
ASK_1171  +54.476  sellerZIP_3
ASK_1163  +55.851  sellerGD_4
BID_281  +0.000  buyerRE_3
------ Round 4 -----------
attempt to ask at 162.38977905269712
BID_282  +0.000  buyerRE_2
BID_280  +0.000  buyerZIC_3
BID_281  +0.000  buyerRE_3
ASK_1171  +54.476  sellerZIP_3
ASK_1163  +55.851  sellerGD_4
------ Round 5 -----------
attempt to ask at 192.38977905269712
ASK_1163  +55.851  sellerGD_4
BID_280  +0.000  buyerZIC_3
BID_282  +0.000  buyerRE_2
BID_281  +0.000  buyerRE_3
BID_279  +0.351  buyerRE_0
ASK_1171  +54.476  sellerZIP_3
------ Round 6 -----------
attempt to ask at 219.38977905269712
ASK_1171  +54.476  sellerZIP_3
BID_282  +0.000  buyerRE_2
BID_281  +0.000  buyerRE_3
BID_280  +0.000  buyerZIC_3
ASK_1163  +55.851  sellerGD_4
------ Round 7 -----------
attempt to ask at 172.38977905269712
ASK_1163  +55.851  sellerGD_4
BID_281  +0.000  buyerRE_3
ASK_1171  +54.476  sellerZIP_3
BID_280  +0.000  buyerZIC_3
BID_282  +0.000  buyerRE_2
------ Round 8 -----------
attempt to ask at 216.38977905269712
BID_280  +0.000  buyerZIC_3
ASK_1163  +55.851  sellerGD_4
BID_282  +0.000  buyerRE_2
ASK_1171  +54.476  sellerZIP_3
BID_281  +0.000  buyerRE_3
------ Round 9 -----------
attempt to ask at 232.38977905269712
ASK_1163  +55.851  sellerGD_4
ASK_1171  +54.476  sellerZIP_3
BID_282  +0.000  buyerRE_2
BID_281  +0.000  buyerRE_3
BID_280  +0.000  buyerZIC_3
**** Day 13 ]]]]]]]]]]]]]]]]]
**** Day 14 [[[[[[[[[[[[[[[[[
private value: 134.79763690847903
------ Round 0 -----------
attempt to ask at 170.79763690847903
ASK_1256  +120.967  sellerZIC_0
ASK_1257  +170.798  sellerRE_4
BID_283  +0.000  buyerRE_2
ASK_1260  +80.283  sellerZIP_4
BID_284  +0.000  buyerZIC_3
BID_285  +0.000  buyerRE_1
ASK_1261  +84.670  sellerZIP_3
BID_286  +0.000  buyerZIC_1
ASK_1267  +75.324  sellerZIC_1
------ Round 1 -----------
attempt to ask at 208.79763690847903
BID_285  +0.000  buyerRE_1
BID_284  +0.000  buyerZIC_3
BID_286  +0.000  buyerZIC_1
ASK_1260  +80.283  sellerZIP_4
BID_283  +0.000  buyerRE_2
------ Round 2 -----------
attempt to ask at 206.79763690847903
BID_284  +0.000  buyerZIC_3
BID_285  +0.000  buyerRE_1
BID_286  +0.000  buyerZIC_1
BID_283  +0.000  buyerRE_2
ASK_1260  +80.283  sellerZIP_4
------ Round 3 -----------
attempt to ask at 199.79763690847903
BID_285  +0.000  buyerRE_1
ASK_1260  +80.283  sellerZIP_4
BID_286  +0.000  buyerZIC_1
BID_284  +0.000  buyerZIC_3
ASK_1267  +59.874  sellerZIC_1
BID_283  +0.000  buyerRE_2
------ Round 4 -----------
attempt to ask at 143.79763690847903
BID_285  +0.000  buyerRE_1
BID_286  +0.000  buyerZIC_1
BID_283  +0.000  buyerRE_2
ASK_1260  +80.283  sellerZIP_4
BID_284  +0.000  buyerZIC_3
------ Round 5 -----------
attempt to ask at 168.79763690847903
BID_286  +0.000  buyerZIC_1
ASK_1260  +80.283  sellerZIP_4
BID_285  +0.000  buyerRE_1
BID_283  +0.000  buyerRE_2
BID_284  +0.000  buyerZIC_3
------ Round 6 -----------
attempt to ask at 172.79763690847903
ASK_1260  +80.283  sellerZIP_4
BID_285  +0.000  buyerRE_1
BID_284  +0.000  buyerZIC_3
BID_283  +0.000  buyerRE_2
BID_286  +0.000  buyerZIC_1
------ Round 7 -----------
attempt to ask at 189.79763690847903
BID_286  +0.000  buyerZIC_1
BID_285  +0.000  buyerRE_1
BID_284  +0.000  buyerZIC_3
BID_283  +0.000  buyerRE_2
ASK_1267  +59.704  sellerZIC_1
ASK_1260  +80.283  sellerZIP_4
------ Round 8 -----------
attempt to ask at 222.79763690847903
BID_284  +0.000  buyerZIC_3
BID_286  +0.000  buyerZIC_1
BID_285  +0.000  buyerRE_1
BID_283  +0.000  buyerRE_2
ASK_1267  +53.820  sellerZIC_1
ASK_1260  +80.283  sellerZIP_4
------ Round 9 -----------
attempt to ask at 207.79763690847903
BID_284  +0.000  buyerZIC_3
BID_285  +0.000  buyerRE_1
BID_286  +0.000  buyerZIC_1
ASK_1260  +80.283  sellerZIP_4
BID_283  +0.000  buyerRE_2
**** Day 14 ]]]]]]]]]]]]]]]]]
**** Day 15 [[[[[[[[[[[[[[[[[
private value: 133.61671110615134
------ Round 0 -----------
attempt to ask at 160.61671110615134
BID_287  +0.000  buyerZIC_1
BID_288  +0.000  buyerRE_3
ASK_1331  +112.666  sellerZIC_3
ASK_1332  +66.847  sellerGD_3
BID_289  +0.000  buyerRE_1
BID_290  +0.000  buyerRE_4
BID_291  +0.000  buyerZIC_2
------ Round 1 -----------
attempt to ask at 181.61671110615134
ASK_1346  +61.667  sellerRE_2
BID_290  +0.000  buyerRE_4
BID_289  +0.000  buyerRE_1
BID_291  +0.000  buyerZIC_2
BID_287  +0.000  buyerZIC_1
BID_288  +0.000  buyerRE_3
------ Round 2 -----------
attempt to ask at 139.61671110615134
BID_289  +0.000  buyerRE_1
BID_290  +0.000  buyerRE_4
BID_291  +0.000  buyerZIC_2
ASK_1331  +90.327  sellerZIC_3
BID_287  +0.000  buyerZIC_1
BID_288  +0.000  buyerRE_3
------ Round 3 -----------
attempt to ask at 160.61671110615134
BID_291  +0.000  buyerZIC_2
BID_287  +0.000  buyerZIC_1
BID_288  +0.000  buyerRE_3
BID_290  +0.000  buyerRE_4
BID_289  +0.000  buyerRE_1
------ Round 4 -----------
attempt to ask at 158.61671110615134
BID_290  +0.000  buyerRE_4
BID_289  +0.000  buyerRE_1
BID_291  +0.000  buyerZIC_2
BID_287  +0.000  buyerZIC_1
BID_288  +0.000  buyerRE_3
------ Round 5 -----------
attempt to ask at 152.61671110615134
BID_290  +0.000  buyerRE_4
BID_287  +0.000  buyerZIC_1
BID_289  +0.000  buyerRE_1
BID_291  +0.000  buyerZIC_2
BID_288  +0.000  buyerRE_3
------ Round 6 -----------
attempt to ask at 165.61671110615134
BID_288  +0.000  buyerRE_3
BID_287  +0.000  buyerZIC_1
BID_289  +0.000  buyerRE_1
BID_290  +0.000  buyerRE_4
BID_291  +0.000  buyerZIC_2
------ Round 7 -----------
attempt to ask at 201.61671110615134
BID_287  +0.000  buyerZIC_1
BID_291  +0.000  buyerZIC_2
BID_288  +0.000  buyerRE_3
BID_289  +0.000  buyerRE_1
BID_290  +0.000  buyerRE_4
------ Round 8 -----------
attempt to ask at 205.61671110615134
BID_290  +0.000  buyerRE_4
BID_287  +0.000  buyerZIC_1
BID_291  +0.000  buyerZIC_2
BID_288  +0.000  buyerRE_3
BID_289  +0.000  buyerRE_1
------ Round 9 -----------
attempt to ask at 139.61671110615134
BID_290  +0.000  buyerRE_4
BID_291  +0.000  buyerZIC_2
BID_287  +0.000  buyerZIC_1
BID_289  +0.000  buyerRE_1
BID_288  +0.000  buyerRE_3
**** Day 15 ]]]]]]]]]]]]]]]]]
**** Day 16 [[[[[[[[[[[[[[[[[
private value: 73.0489926179871
------ Round 0 -----------
attempt to ask at 124.0489926179871
ASK_1425  +120.129  sellerZIC_2
ASK_1426  +92.749  sellerZIP_3
BID_292  +0.000  buyerRE_3
ASK_1429  +75.835  sellerZIP_2
BID_293  +0.000  buyerRE_0
BID_294  +0.000  buyerZIC_1
ASK_1434  +74.120  sellerRE_3
BID_295  +0.000  buyerZIC_2
ASK_1438  +66.847  sellerGD_3
------ Round 1 -----------
attempt to ask at 144.0489926179871
BID_292  +0.000  buyerRE_3
ASK_1426  +92.749  sellerZIP_3
BID_293  +0.000  buyerRE_0
BID_294  +0.000  buyerZIC_1
ASK_1438  +66.847  sellerGD_3
BID_295  +0.000  buyerZIC_2
------ Round 2 -----------
attempt to ask at 170.0489926179871
BID_295  +0.000  buyerZIC_2
BID_294  +0.000  buyerZIC_1
BID_292  +0.000  buyerRE_3
ASK_1438  +66.847  sellerGD_3
ASK_1426  +92.749  sellerZIP_3
BID_293  +0.000  buyerRE_0
------ Round 3 -----------
attempt to ask at 165.0489926179871
BID_293  +0.000  buyerRE_0
ASK_1426  +92.749  sellerZIP_3
BID_294  +0.000  buyerZIC_1
ASK_1434  +63.120  sellerRE_3
BID_292  +0.000  buyerRE_3
BID_295  +0.000  buyerZIC_2
------ Round 4 -----------
attempt to ask at 132.0489926179871
BID_293  +0.000  buyerRE_0
BID_294  +0.000  buyerZIC_1
BID_295  +0.000  buyerZIC_2
ASK_1426  +92.749  sellerZIP_3
ASK_1472  +60.238  sellerZIP_0
BID_292  +0.000  buyerRE_3
------ Round 5 -----------
attempt to ask at 108.0489926179871
BID_293  +0.000  buyerRE_0
ASK_1472  +60.238  sellerZIP_0
BID_295  +0.000  buyerZIC_2
ASK_1426  +92.749  sellerZIP_3
BID_292  +0.000  buyerRE_3
BID_294  +0.000  buyerZIC_1
------ Round 6 -----------
attempt to ask at 74.0489926179871
BID_292  +0.000  buyerRE_3
BID_293  +0.000  buyerRE_0
ASK_1472  +60.238  sellerZIP_0
ASK_1426  +92.749  sellerZIP_3
BID_295  +0.000  buyerZIC_2
BID_294  +0.000  buyerZIC_1
------ Round 7 -----------
attempt to ask at 118.0489926179871
ASK_1472  +60.238  sellerZIP_0
BID_295  +0.000  buyerZIC_2
BID_294  +0.000  buyerZIC_1
ASK_1426  +92.749  sellerZIP_3
BID_293  +0.000  buyerRE_0
BID_292  +0.000  buyerRE_3
------ Round 8 -----------
attempt to ask at 116.0489926179871
BID_293  +0.000  buyerRE_0
BID_292  +0.000  buyerRE_3
BID_295  +0.000  buyerZIC_2
ASK_1426  +92.749  sellerZIP_3
BID_294  +0.000  buyerZIC_1
ASK_1472  +60.238  sellerZIP_0
------ Round 9 -----------
attempt to ask at 171.0489926179871
BID_294  +0.679  buyerZIC_1
ASK_1434  +54.120  sellerRE_3
ASK_1426  +92.749  sellerZIP_3
BID_293  +0.000  buyerRE_0
**** Day 16 ]]]]]]]]]]]]]]]]]
**** Day 17 [[[[[[[[[[[[[[[[[
private value: 102.32390300370753
------ Round 0 -----------
attempt to ask at 130.32390300370753
ASK_1515  +70.411  sellerGD_2
BID_296  +0.000  buyerZIC_2
ASK_1516  +70.241  sellerZIP_2
BID_297  +0.000  buyerRE_0
BID_298  +0.000  buyerRE_4
BID_299  +0.000  buyerRE_2
ASK_1520  +57.324  sellerZIC_3
BID_300  +0.000  buyerZIC_3
BID_301  +0.389  buyerZIP_4
ASK_1526  +65.804  sellerGD_3
BID_302  +0.000  buyerRE_1
------ Round 1 -----------
attempt to ask at 182.32390300370753
BID_296  +0.000  buyerZIC_2
BID_297  +0.000  buyerRE_0
BID_302  +0.000  buyerRE_1
BID_300  +0.000  buyerZIC_3
BID_301  +0.389  buyerZIP_4
ASK_1526  +65.804  sellerGD_3
------ Round 2 -----------
attempt to ask at 147.32390300370753
BID_297  +0.000  buyerRE_0
BID_300  +0.000  buyerZIC_3
ASK_1526  +65.804  sellerGD_3
BID_302  +0.000  buyerRE_1
BID_301  +0.389  buyerZIP_4
BID_296  +0.000  buyerZIC_2
------ Round 3 -----------
attempt to ask at 111.32390300370753
BID_301  +0.389  buyerZIP_4
ASK_1526  +59.598  sellerGD_3
BID_300  +0.000  buyerZIC_3
BID_302  +0.000  buyerRE_1
BID_297  +0.000  buyerRE_0
BID_296  +0.000  buyerZIC_2
------ Round 4 -----------
attempt to ask at 132.32390300370753
ASK_1526  +58.984  sellerGD_3
BID_297  +0.000  buyerRE_0
BID_302  +0.000  buyerRE_1
BID_296  +0.000  buyerZIC_2
BID_301  +0.389  buyerZIP_4
BID_300  +0.000  buyerZIC_3
------ Round 5 -----------
attempt to ask at 141.32390300370753
ASK_1526  +58.830  sellerGD_3
BID_302  +0.000  buyerRE_1
BID_297  +0.000  buyerRE_0
BID_296  +0.000  buyerZIC_2
BID_300  +0.000  buyerZIC_3
BID_301  +0.389  buyerZIP_4
------ Round 6 -----------
attempt to ask at 156.32390300370753
BID_300  +0.000  buyerZIC_3
BID_296  +0.000  buyerZIC_2
BID_301  +0.389  buyerZIP_4
BID_302  +0.000  buyerRE_1
BID_297  +0.000  buyerRE_0
ASK_1526  +58.830  sellerGD_3
------ Round 7 -----------
attempt to ask at 122.32390300370753
ASK_1526  +58.610  sellerGD_3
BID_302  +0.000  buyerRE_1
BID_297  +0.000  buyerRE_0
BID_296  +0.000  buyerZIC_2
BID_301  +0.389  buyerZIP_4
BID_300  +0.000  buyerZIC_3
------ Round 8 -----------
attempt to ask at 177.32390300370753
BID_297  +0.000  buyerRE_0
ASK_1526  +58.555  sellerGD_3
BID_296  +0.000  buyerZIC_2
BID_301  +0.389  buyerZIP_4
BID_302  +0.000  buyerRE_1
BID_300  +0.000  buyerZIC_3
------ Round 9 -----------
attempt to ask at 143.32390300370753
BID_302  +0.000  buyerRE_1
BID_297  +0.000  buyerRE_0
BID_301  +0.389  buyerZIP_4
BID_296  +0.000  buyerZIC_2
BID_300  +0.000  buyerZIC_3
ASK_1526  +58.555  sellerGD_3
**** Day 17 ]]]]]]]]]]]]]]]]]
**** Day 18 [[[[[[[[[[[[[[[[[
private value: 117.03838715329766
------ Round 0 -----------
attempt to ask at 209.03838715329766
ASK_1609  +117.320  sellerRE_3
ASK_1610  +92.749  sellerZIP_3
ASK_1611  +82.410  sellerZIC_2
ASK_1612  +86.807  sellerZIC_4
BID_303  +0.000  buyerRE_1
BID_304  +0.000  buyerRE_0
ASK_1617  +76.118  sellerZIP_1
BID_305  +0.000  buyerRE_2
BID_306  +0.771  buyerZIP_4
BID_307  +0.000  buyerZIC_2
------ Round 1 -----------
attempt to ask at 178.03838715329766
BID_307  +0.000  buyerZIC_2
BID_303  +0.000  buyerRE_1
ASK_1610  +71.109  sellerZIP_3
ASK_1612  +59.443  sellerZIC_4
BID_304  +0.000  buyerRE_0
BID_306  +0.771  buyerZIP_4
------ Round 2 -----------
attempt to ask at 128.03838715329766
BID_307  +0.000  buyerZIC_2
ASK_1610  +71.109  sellerZIP_3
BID_304  +0.000  buyerRE_0
BID_306  +0.771  buyerZIP_4
BID_303  +0.000  buyerRE_1
------ Round 3 -----------
attempt to ask at 183.03838715329766
BID_304  +0.000  buyerRE_0
BID_307  +0.000  buyerZIC_2
BID_306  +0.771  buyerZIP_4
ASK_1610  +71.109  sellerZIP_3
ASK_1612  +56.051  sellerZIC_4
BID_303  +0.000  buyerRE_1
------ Round 4 -----------
attempt to ask at 163.03838715329766
BID_307  +0.000  buyerZIC_2
BID_304  +0.000  buyerRE_0
BID_306  +0.771  buyerZIP_4
BID_303  +0.000  buyerRE_1
ASK_1610  +71.109  sellerZIP_3
------ Round 5 -----------
attempt to ask at 161.03838715329766
ASK_1610  +71.109  sellerZIP_3
BID_306  +0.771  buyerZIP_4
BID_307  +0.000  buyerZIC_2
BID_303  +0.000  buyerRE_1
BID_304  +0.000  buyerRE_0
------ Round 6 -----------
attempt to ask at 162.03838715329766
BID_306  +0.771  buyerZIP_4
BID_303  +0.000  buyerRE_1
BID_304  +0.000  buyerRE_0
ASK_1610  +71.109  sellerZIP_3
BID_307  +0.000  buyerZIC_2
------ Round 7 -----------
attempt to ask at 179.03838715329766
BID_307  +0.000  buyerZIC_2
BID_306  +0.771  buyerZIP_4
BID_303  +0.000  buyerRE_1
BID_304  +0.000  buyerRE_0
ASK_1610  +71.109  sellerZIP_3
------ Round 8 -----------
attempt to ask at 205.03838715329766
BID_306  +0.771  buyerZIP_4
BID_304  +0.000  buyerRE_0
BID_303  +0.000  buyerRE_1
ASK_1610  +71.109  sellerZIP_3
BID_307  +0.000  buyerZIC_2
------ Round 9 -----------
attempt to ask at 186.03838715329766
BID_307  +0.000  buyerZIC_2
ASK_1610  +71.109  sellerZIP_3
BID_304  +0.000  buyerRE_0
BID_303  +0.000  buyerRE_1
BID_306  +0.771  buyerZIP_4
**** Day 18 ]]]]]]]]]]]]]]]]]
**** Day 19 [[[[[[[[[[[[[[[[[
private value: 76.46008727606386
------ Round 0 -----------
attempt to ask at 114.46008727606386
BID_308  +0.000  buyerZIC_0
ASK_1684  +137.826  sellerRE_3
ASK_1685  +96.572  sellerZIC_3
BID_309  +0.000  buyerRE_2
ASK_1686  +90.636  sellerZIP_3
BID_310  +0.000  buyerZIC_4
BID_311  +0.000  buyerRE_0
ASK_1689  +71.856  sellerRE_0
ASK_1690  +84.052  sellerZIC_4
ASK_1693  +72.189  sellerGD_1
BID_312  +0.000  buyerZIC_3
------ Round 1 -----------
attempt to ask at 111.46008727606386
BID_308  +0.000  buyerZIC_0
ASK_1693  +72.189  sellerGD_1
BID_310  +0.000  buyerZIC_4
BID_311  +0.000  buyerRE_0
BID_312  +0.000  buyerZIC_3
ASK_1689  +61.856  sellerRE_0
BID_309  +0.000  buyerRE_2
ASK_1700  +52.812  sellerZIC_2
------ Round 2 -----------
attempt to ask at 155.46008727606386
BID_308  +0.000  buyerZIC_0
BID_312  +0.000  buyerZIC_3
BID_309  +0.000  buyerRE_2
BID_310  +0.000  buyerZIC_4
ASK_1693  +72.189  sellerGD_1
BID_311  +0.000  buyerRE_0
------ Round 3 -----------
attempt to ask at 112.46008727606386
BID_312  +0.000  buyerZIC_3
BID_309  +0.000  buyerRE_2
BID_308  +0.000  buyerZIC_0
BID_311  +0.000  buyerRE_0
ASK_1693  +72.189  sellerGD_1
BID_310  +0.000  buyerZIC_4
------ Round 4 -----------
attempt to ask at 88.46008727606386
BID_311  +0.000  buyerRE_0
BID_309  +0.000  buyerRE_2
BID_308  +0.000  buyerZIC_0
BID_312  +0.000  buyerZIC_3
BID_310  +0.000  buyerZIC_4
ASK_1693  +71.520  sellerGD_1
------ Round 5 -----------
attempt to ask at 109.46008727606386
BID_311  +0.000  buyerRE_0
BID_309  +0.000  buyerRE_2
ASK_1693  +71.520  sellerGD_1
BID_308  +0.000  buyerZIC_0
BID_310  +0.000  buyerZIC_4
BID_312  +0.000  buyerZIC_3
------ Round 6 -----------
attempt to ask at 169.46008727606386
BID_311  +0.000  buyerRE_0
BID_310  +0.000  buyerZIC_4
BID_309  +0.000  buyerRE_2
BID_308  +0.000  buyerZIC_0
ASK_1693  +71.520  sellerGD_1
BID_312  +0.000  buyerZIC_3
------ Round 7 -----------
attempt to ask at 86.46008727606386
BID_312  +0.000  buyerZIC_3
BID_311  +0.000  buyerRE_0
BID_309  +0.000  buyerRE_2
BID_308  +0.000  buyerZIC_0
BID_310  +0.000  buyerZIC_4
ASK_1693  +71.387  sellerGD_1
------ Round 8 -----------
attempt to ask at 151.46008727606386
BID_311  +0.000  buyerRE_0
BID_312  +0.000  buyerZIC_3
BID_310  +0.000  buyerZIC_4
ASK_1693  +71.353  sellerGD_1
BID_308  +0.000  buyerZIC_0
BID_309  +0.000  buyerRE_2
------ Round 9 -----------
attempt to ask at 111.46008727606386
ASK_1693  +70.550  sellerGD_1
BID_312  +0.000  buyerZIC_3
BID_309  +0.000  buyerRE_2
BID_310  +0.000  buyerZIC_4
BID_311  +0.000  buyerRE_0
BID_308  +0.000  buyerZIC_0
**** Day 19 ]]]]]]]]]]]]]]]]]
