**************************************************************
checked in
**** Day 0 [[[[[[[[[[[[[[[[[
private value: 89.55477704294026
------ Round 0 -----------
attempt to ask at 108.58866312773898
BID_0  +43.261  buyerZIC_4
ASK_0  +148.723  sellerZIP_0
ASK_1  +205.724  sellerRE_0
ASK_3  +165.405  sellerGD_2
ASK_4  +110.823  sellerZIP_4
ASK_5  +108.589  sellerZIC_4
BID_3  +37.000  buyerGD_0
ASK_6  +108.265  sellerGD_3
ASK_8  +74.208  sellerZIC_2
ASK_11  +92.744  sellerZIC_1
BID_6  +54.000  buyerGD_4
BID_9  +58.830  buyerZIP_2
ASK_14  +87.983  sellerZIP_1
BID_13  +68.289  buyerZIP_3
BID_15  +73.702  buyerRE_1
BID_19  +71.938  buyerZIP_4
------ Round 1 -----------
attempt to ask at 116.440985200461
ASK_20  +83.395  sellerGD_1
BID_6  +74.208  buyerGD_4
ASK_6  +74.702  sellerGD_3
ASK_8  +67.546  sellerZIC_2
ASK_26  +72.994  sellerZIP_2
BID_19  +71.938  buyerZIP_4
TRANSACTION_0  +72.466  {buyerGD_4.BID_6: +74.208, sellerZIC_2.ASK_8: +67.546)
------ Round 2 -----------
attempt to ask at 121.73929804703221
BID_30  +74.208  buyerGD_4
BID_13  +77.062  buyerZIP_3
ASK_26  +66.847  sellerZIP_2
ASK_6  +73.702  sellerGD_3
TRANSACTION_1  +73.702  {buyerRE_1.BID_15: +73.702, sellerGD_3.ASK_6: +73.702)
BID_19  +75.235  buyerZIP_4
TRANSACTION_2  +76.149  {buyerZIP_3.BID_13: +77.062, sellerZIP_2.ASK_26: +66.847)
------ Round 3 -----------
attempt to ask at 137.47531225671992
ASK_39  +73.702  sellerGD_3
ASK_40  +104.967  sellerGD_0
ASK_43  +66.847  sellerZIP_2
BID_19  +79.162  buyerZIP_4
BID_47  +77.062  buyerZIP_3
BID_9  +74.568  buyerZIP_2
TRANSACTION_3  +74.135  {buyerZIP_2.BID_9: +74.568, sellerGD_3.ASK_39: +73.702)
ASK_14  +75.775  sellerZIP_1
TRANSACTION_4  +78.112  {buyerZIP_4.BID_19: +79.162, sellerZIP_2.ASK_43: +66.847)
------ Round 4 -----------
attempt to ask at 115.34990734653547
BID_53  +74.568  buyerZIP_2
BID_47  +82.238  buyerZIP_3
ASK_14  +75.775  sellerZIP_1
ASK_11  +74.426  sellerZIC_1
TRANSACTION_5  +74.497  {buyerZIP_2.BID_53: +74.568, sellerZIC_1.ASK_11: +74.426)
ASK_40  +103.767  sellerGD_0
ASK_57  +66.847  sellerZIP_2
ASK_58  +73.702  sellerGD_3
TRANSACTION_6  +78.223  {buyerZIP_3.BID_47: +82.238, sellerZIP_2.ASK_57: +66.847)
------ Round 5 -----------
attempt to ask at 130.32685827929527
BID_67  +76.606  buyerZIP_3
ASK_61  +89.858  sellerGD_4
BID_69  +77.156  buyerZIP_4
ASK_62  +72.838  sellerZIC_1
BID_77  +72.328  buyerZIP_2
ASK_68  +68.081  sellerZIC_2
TRANSACTION_7  +76.881  {buyerZIP_4.BID_69: +77.156, sellerZIC_2.ASK_68: +68.081)
------ Round 6 -----------
attempt to ask at 138.81787980208173
BID_77  +72.328  buyerZIP_2
ASK_58  +72.328  sellerGD_3
TRANSACTION_8  +72.328  {buyerZIP_2.BID_77: +72.328, sellerGD_3.ASK_58: +72.328)
ASK_61  +84.238  sellerGD_4
ASK_14  +68.983  sellerZIP_1
ASK_72  +82.044  sellerZIC_2
BID_0  +45.268  buyerZIC_4
------ Round 7 -----------
attempt to ask at 134.95980398729444
BID_100  +57.626  buyerRE_3
BID_0  +60.035  buyerZIC_4
ASK_72  +69.639  sellerZIC_2
TRANSACTION_9  +75.407  {buyerZIP_3.BID_67: +76.606, sellerZIC_2.ASK_72: +69.639)
------ Round 8 -----------
attempt to ask at 94.64227284770459
BID_30  +74.208  buyerGD_4
ASK_61  +82.638  sellerGD_4
------ Round 9 -----------
attempt to ask at 126.26339956186712
ASK_61  +82.238  sellerGD_4
BID_30  +74.208  buyerGD_4
**** Day 0 ]]]]]]]]]]]]]]]]]
**** Day 1 [[[[[[[[[[[[[[[[[
private value: 96.5627824421972
------ Round 0 -----------
attempt to ask at 114.7863183170557
ASK_99  +103.189  sellerRE_4
ASK_100  +79.162  sellerGD_4
BID_130  +0.000  buyerRE_3
ASK_101  +169.093  sellerRE_2
ASK_103  +83.408  sellerRE_1
BID_131  +0.000  buyerRE_0
BID_132  +0.691  buyerZIP_3
ASK_104  +72.328  sellerGD_3
ASK_105  +77.475  sellerZIP_1
ASK_113  +72.328  sellerGD_1
ASK_114  +64.502  sellerZIC_0
BID_137  +0.000  buyerRE_1
BID_138  +2.683  buyerZIP_2
------ Round 1 -----------
attempt to ask at 141.6523354477249
BID_132  +0.691  buyerZIP_3
ASK_104  +72.328  sellerGD_3
BID_130  +0.856  buyerRE_3
BID_138  +2.683  buyerZIP_2
------ Round 2 -----------
attempt to ask at 102.10204572649673
ASK_100  +70.177  sellerGD_4
BID_138  +2.683  buyerZIP_2
------ Round 3 -----------
attempt to ask at 107.8653892618604
BID_138  +2.683  buyerZIP_2
ASK_100  +69.639  sellerGD_4
------ Round 4 -----------
attempt to ask at 134.38697607489303
ASK_114  +64.058  sellerZIC_0
ASK_100  +68.393  sellerGD_4
BID_138  +2.683  buyerZIP_2
------ Round 5 -----------
attempt to ask at 123.3425602898933
ASK_100  +68.081  sellerGD_4
BID_138  +2.683  buyerZIP_2
------ Round 6 -----------
attempt to ask at 134.86803714185953
ASK_114  +63.108  sellerZIC_0
BID_138  +2.683  buyerZIP_2
ASK_100  +67.094  sellerGD_4
------ Round 7 -----------
attempt to ask at 99.37119064852595
BID_138  +2.683  buyerZIP_2
ASK_100  +66.847  sellerGD_4
------ Round 8 -----------
attempt to ask at 143.24974542250857
ASK_100  +66.847  sellerGD_4
BID_138  +2.683  buyerZIP_2
------ Round 9 -----------
attempt to ask at 106.12234346335754
ASK_100  +66.847  sellerGD_4
ASK_114  +62.090  sellerZIC_0
BID_138  +2.683  buyerZIP_2
**** Day 1 ]]]]]]]]]]]]]]]]]
**** Day 2 [[[[[[[[[[[[[[[[[
private value: 146.64332827087492
------ Round 0 -----------
attempt to ask at 179.7532890108414
BID_175  +0.000  buyerRE_1
ASK_207  +130.653  sellerZIP_0
ASK_208  +144.537  sellerRE_0
ASK_209  +110.882  sellerZIC_0
BID_176  +0.000  buyerRE_4
ASK_210  +130.505  sellerRE_4
ASK_212  +67.791  sellerZIC_3
BID_177  +0.000  buyerZIC_4
BID_178  +0.000  buyerRE_0
BID_179  +0.000  buyerZIC_3
BID_180  +0.000  buyerRE_3
------ Round 1 -----------
attempt to ask at 187.3102749697864
BID_176  +0.000  buyerRE_4
ASK_209  +72.189  sellerZIC_0
BID_180  +0.000  buyerRE_3
BID_179  +0.000  buyerZIC_3
BID_177  +0.000  buyerZIC_4
BID_178  +0.000  buyerRE_0
ASK_225  +66.949  sellerZIC_2
BID_175  +0.000  buyerRE_1
------ Round 2 -----------
attempt to ask at 173.56066082138568
ASK_212  +57.884  sellerZIC_3
BID_180  +0.000  buyerRE_3
BID_176  +0.000  buyerRE_4
BID_175  +0.000  buyerRE_1
BID_177  +0.000  buyerZIC_4
BID_178  +0.000  buyerRE_0
BID_179  +0.000  buyerZIC_3
------ Round 3 -----------
attempt to ask at 183.24760721297935
BID_178  +0.000  buyerRE_0
BID_176  +0.000  buyerRE_4
BID_175  +0.000  buyerRE_1
BID_179  +0.000  buyerZIC_3
BID_180  +0.000  buyerRE_3
BID_177  +0.000  buyerZIC_4
------ Round 4 -----------
attempt to ask at 160.70135334739462
BID_179  +0.000  buyerZIC_3
BID_177  +0.000  buyerZIC_4
BID_176  +0.000  buyerRE_4
BID_175  +0.000  buyerRE_1
BID_180  +0.000  buyerRE_3
BID_178  +0.000  buyerRE_0
------ Round 5 -----------
attempt to ask at 151.58342368667945
BID_176  +0.000  buyerRE_4
BID_178  +0.000  buyerRE_0
BID_175  +0.000  buyerRE_1
BID_177  +0.000  buyerZIC_4
BID_180  +0.000  buyerRE_3
BID_179  +0.000  buyerZIC_3
------ Round 6 -----------
attempt to ask at 196.59071665955707
BID_178  +0.000  buyerRE_0
BID_176  +0.000  buyerRE_4
BID_175  +0.000  buyerRE_1
BID_180  +0.000  buyerRE_3
BID_179  +0.000  buyerZIC_3
BID_177  +0.000  buyerZIC_4
------ Round 7 -----------
attempt to ask at 154.87887865165249
BID_177  +0.000  buyerZIC_4
BID_178  +0.000  buyerRE_0
BID_179  +0.000  buyerZIC_3
BID_176  +0.000  buyerRE_4
BID_180  +0.000  buyerRE_3
BID_175  +0.000  buyerRE_1
------ Round 8 -----------
attempt to ask at 150.10973529424518
BID_175  +0.000  buyerRE_1
BID_179  +0.000  buyerZIC_3
BID_177  +0.000  buyerZIC_4
BID_176  +0.000  buyerRE_4
BID_180  +0.000  buyerRE_3
BID_178  +0.000  buyerRE_0
------ Round 9 -----------
attempt to ask at 161.43001755699515
BID_175  +0.000  buyerRE_1
BID_178  +0.000  buyerRE_0
BID_179  +0.521  buyerZIC_3
BID_176  +0.000  buyerRE_4
ASK_212  +56.926  sellerZIC_3
BID_177  +0.000  buyerZIC_4
BID_180  +0.000  buyerRE_3
**** Day 2 ]]]]]]]]]]]]]]]]]
**** Day 3 [[[[[[[[[[[[[[[[[
private value: 53.565385984256864
------ Round 0 -----------
attempt to ask at 103.22394859977067
BID_181  +0.000  buyerRE_3
ASK_274  +76.118  sellerZIP_1
BID_182  +0.000  buyerZIC_3
ASK_276  +103.224  sellerZIC_4
BID_183  +0.000  buyerRE_2
BID_184  +0.000  buyerRE_1
BID_185  +0.000  buyerRE_0
ASK_287  +72.328  sellerGD_1
BID_186  +0.000  buyerZIC_4
------ Round 1 -----------
attempt to ask at 91.00488557014614
BID_184  +0.000  buyerRE_1
BID_182  +0.000  buyerZIC_3
ASK_274  +76.118  sellerZIP_1
BID_181  +0.000  buyerRE_3
BID_186  +0.000  buyerZIC_4
BID_185  +0.000  buyerRE_0
BID_183  +0.000  buyerRE_2
ASK_287  +72.328  sellerGD_1
------ Round 2 -----------
attempt to ask at 93.22637197328731
BID_183  +0.000  buyerRE_2
BID_182  +0.000  buyerZIC_3
BID_186  +0.000  buyerZIC_4
ASK_274  +76.118  sellerZIP_1
BID_181  +0.000  buyerRE_3
ASK_287  +72.328  sellerGD_1
BID_184  +0.000  buyerRE_1
BID_185  +0.000  buyerRE_0
------ Round 3 -----------
attempt to ask at 97.4744203616865
BID_185  +0.000  buyerRE_0
ASK_287  +72.328  sellerGD_1
BID_181  +0.000  buyerRE_3
BID_183  +0.000  buyerRE_2
BID_186  +0.000  buyerZIC_4
BID_182  +0.000  buyerZIC_3
ASK_274  +76.118  sellerZIP_1
BID_184  +0.000  buyerRE_1
------ Round 4 -----------
attempt to ask at 97.1736398874782
BID_183  +0.000  buyerRE_2
BID_181  +0.000  buyerRE_3
BID_185  +0.000  buyerRE_0
BID_184  +0.000  buyerRE_1
BID_182  +0.000  buyerZIC_3
ASK_274  +76.118  sellerZIP_1
ASK_287  +72.328  sellerGD_1
BID_186  +0.000  buyerZIC_4
------ Round 5 -----------
attempt to ask at 86.88978739082813
BID_186  +0.000  buyerZIC_4
BID_182  +0.000  buyerZIC_3
BID_184  +0.000  buyerRE_1
ASK_274  +76.118  sellerZIP_1
BID_183  +0.000  buyerRE_2
BID_181  +0.000  buyerRE_3
ASK_287  +72.328  sellerGD_1
BID_185  +0.000  buyerRE_0
------ Round 6 -----------
attempt to ask at 61.89105596859008
ASK_276  +61.891  sellerZIC_4
BID_181  +0.000  buyerRE_3
BID_182  +0.000  buyerZIC_3
BID_184  +0.000  buyerRE_1
BID_186  +0.000  buyerZIC_4
BID_185  +0.000  buyerRE_0
ASK_274  +76.118  sellerZIP_1
BID_183  +0.000  buyerRE_2
------ Round 7 -----------
attempt to ask at 72.48985224869102
BID_185  +0.000  buyerRE_0
BID_182  +0.000  buyerZIC_3
BID_181  +0.000  buyerRE_3
ASK_274  +76.118  sellerZIP_1
BID_184  +0.000  buyerRE_1
BID_186  +0.000  buyerZIC_4
BID_183  +0.000  buyerRE_2
------ Round 8 -----------
attempt to ask at 56.090058968402445
BID_181  +0.000  buyerRE_3
ASK_274  +76.118  sellerZIP_1
BID_182  +0.000  buyerZIC_3
BID_184  +0.000  buyerRE_1
BID_183  +0.000  buyerRE_2
BID_185  +0.000  buyerRE_0
ASK_276  +56.090  sellerZIC_4
BID_186  +0.000  buyerZIC_4
------ Round 9 -----------
attempt to ask at 88.65647476632148
BID_184  +0.000  buyerRE_1
BID_185  +0.000  buyerRE_0
ASK_274  +76.118  sellerZIP_1
BID_186  +0.000  buyerZIC_4
BID_182  +0.000  buyerZIC_3
BID_183  +0.000  buyerRE_2
BID_181  +0.000  buyerRE_3
**** Day 3 ]]]]]]]]]]]]]]]]]
**** Day 4 [[[[[[[[[[[[[[[[[
private value: 92.79035958461463
------ Round 0 -----------
attempt to ask at 95.56892412947491
BID_187  +0.000  buyerZIC_2
BID_188  +0.000  buyerRE_4
ASK_387  +84.411  sellerRE_4
ASK_388  +141.590  sellerZIC_0
BID_189  +0.000  buyerRE_0
ASK_389  +130.653  sellerZIP_0
BID_190  +0.000  buyerZIC_0
ASK_391  +66.847  sellerGD_3
ASK_396  +80.283  sellerZIP_4
------ Round 1 -----------
attempt to ask at 117.4314289004542
BID_190  +0.000  buyerZIC_0
ASK_391  +66.847  sellerGD_3
BID_189  +0.000  buyerRE_0
ASK_396  +80.283  sellerZIP_4
BID_188  +0.000  buyerRE_4
BID_187  +0.000  buyerZIC_2
------ Round 2 -----------
attempt to ask at 123.67511976044625
ASK_391  +66.847  sellerGD_3
BID_189  +0.000  buyerRE_0
ASK_396  +80.283  sellerZIP_4
BID_187  +0.000  buyerZIC_2
BID_190  +0.000  buyerZIC_0
BID_188  +0.000  buyerRE_4
ASK_418  +60.926  sellerZIP_3
------ Round 3 -----------
attempt to ask at 116.46190895698965
BID_189  +0.000  buyerRE_0
BID_190  +0.000  buyerZIC_0
BID_187  +0.000  buyerZIC_2
ASK_396  +80.283  sellerZIP_4
ASK_418  +60.926  sellerZIP_3
BID_188  +0.000  buyerRE_4
------ Round 4 -----------
attempt to ask at 105.65951997414231
BID_188  +0.000  buyerRE_4
BID_187  +0.000  buyerZIC_2
BID_190  +0.000  buyerZIC_0
BID_189  +0.000  buyerRE_0
ASK_396  +80.283  sellerZIP_4
ASK_418  +60.926  sellerZIP_3
------ Round 5 -----------
attempt to ask at 119.80332448147237
ASK_418  +60.926  sellerZIP_3
BID_190  +0.000  buyerZIC_0
BID_188  +0.000  buyerRE_4
BID_189  +0.000  buyerRE_0
BID_187  +0.000  buyerZIC_2
ASK_396  +80.283  sellerZIP_4
------ Round 6 -----------
attempt to ask at 134.04106285888702
ASK_387  +70.411  sellerRE_4
ASK_418  +60.926  sellerZIP_3
BID_188  +0.000  buyerRE_4
BID_189  +0.000  buyerRE_0
BID_187  +0.000  buyerZIC_2
BID_190  +0.000  buyerZIC_0
------ Round 7 -----------
attempt to ask at 96.40686712227762
BID_189  +0.000  buyerRE_0
BID_188  +0.000  buyerRE_4
ASK_418  +60.926  sellerZIP_3
BID_190  +0.000  buyerZIC_0
BID_187  +0.000  buyerZIC_2
------ Round 8 -----------
attempt to ask at 141.26226842636243
BID_189  +0.000  buyerRE_0
BID_190  +0.000  buyerZIC_0
BID_188  +0.000  buyerRE_4
BID_187  +0.000  buyerZIC_2
ASK_418  +60.926  sellerZIP_3
------ Round 9 -----------
attempt to ask at 115.76442593941465
BID_190  +0.000  buyerZIC_0
BID_187  +0.000  buyerZIC_2
ASK_418  +60.926  sellerZIP_3
BID_189  +0.000  buyerRE_0
BID_188  +0.000  buyerRE_4
**** Day 4 ]]]]]]]]]]]]]]]]]
**** Day 5 [[[[[[[[[[[[[[[[[
private value: 86.47059719078243
------ Round 0 -----------
attempt to ask at 115.9016058081761
BID_191  +0.000  buyerRE_0
ASK_475  +173.331  sellerRE_0
BID_192  +0.000  buyerZIC_3
ASK_476  +82.090  sellerZIP_3
ASK_477  +139.963  sellerRE_3
ASK_478  +130.653  sellerZIP_0
BID_193  +0.000  buyerZIC_4
ASK_482  +71.353  sellerZIC_2
BID_194  +0.000  buyerRE_2
BID_195  +0.000  buyerZIC_2
BID_196  +0.000  buyerZIC_0
------ Round 1 -----------
attempt to ask at 117.29429935803637
BID_193  +0.000  buyerZIC_4
ASK_476  +82.090  sellerZIP_3
BID_196  +0.000  buyerZIC_0
BID_192  +0.000  buyerZIC_3
BID_191  +0.000  buyerRE_0
BID_194  +0.000  buyerRE_2
BID_195  +0.000  buyerZIC_2
------ Round 2 -----------
attempt to ask at 127.36075978027657
BID_192  +0.000  buyerZIC_3
BID_195  +0.000  buyerZIC_2
BID_196  +0.000  buyerZIC_0
BID_191  +0.000  buyerRE_0
ASK_482  +67.723  sellerZIC_2
ASK_476  +82.090  sellerZIP_3
BID_193  +0.000  buyerZIC_4
BID_194  +0.000  buyerRE_2
------ Round 3 -----------
attempt to ask at 104.9303149105981
ASK_476  +82.090  sellerZIP_3
BID_195  +0.000  buyerZIC_2
BID_193  +0.000  buyerZIC_4
BID_194  +0.000  buyerRE_2
BID_196  +0.000  buyerZIC_0
BID_192  +0.000  buyerZIC_3
BID_191  +0.000  buyerRE_0
------ Round 4 -----------
attempt to ask at 123.63062844378874
BID_194  +0.000  buyerRE_2
BID_191  +0.000  buyerRE_0
BID_192  +0.000  buyerZIC_3
ASK_478  +61.918  sellerZIP_0
BID_195  +0.000  buyerZIC_2
BID_196  +0.000  buyerZIC_0
ASK_476  +82.090  sellerZIP_3
BID_193  +0.000  buyerZIC_4
------ Round 5 -----------
attempt to ask at 114.47236250387505
ASK_476  +82.090  sellerZIP_3
BID_196  +0.000  buyerZIC_0
BID_192  +0.000  buyerZIC_3
BID_194  +0.000  buyerRE_2
BID_191  +0.000  buyerRE_0
BID_195  +0.000  buyerZIC_2
ASK_478  +61.918  sellerZIP_0
BID_193  +0.000  buyerZIC_4
------ Round 6 -----------
attempt to ask at 117.25726840086281
BID_192  +0.000  buyerZIC_3
ASK_478  +61.918  sellerZIP_0
BID_191  +0.000  buyerRE_0
BID_194  +0.000  buyerRE_2
ASK_476  +82.090  sellerZIP_3
BID_193  +0.000  buyerZIC_4
BID_195  +0.000  buyerZIC_2
BID_196  +0.000  buyerZIC_0
------ Round 7 -----------
attempt to ask at 111.97028831811622
BID_194  +0.000  buyerRE_2
BID_196  +0.000  buyerZIC_0
BID_195  +0.000  buyerZIC_2
BID_193  +0.000  buyerZIC_4
BID_192  +0.000  buyerZIC_3
ASK_478  +61.918  sellerZIP_0
BID_191  +0.000  buyerRE_0
ASK_476  +82.090  sellerZIP_3
------ Round 8 -----------
attempt to ask at 97.50231470679864
BID_192  +0.000  buyerZIC_3
BID_193  +0.000  buyerZIC_4
BID_191  +0.000  buyerRE_0
ASK_476  +82.090  sellerZIP_3
BID_195  +0.000  buyerZIC_2
ASK_478  +61.918  sellerZIP_0
BID_194  +0.000  buyerRE_2
BID_196  +0.000  buyerZIC_0
------ Round 9 -----------
attempt to ask at 122.5893009104766
ASK_478  +61.918  sellerZIP_0
BID_196  +0.000  buyerZIC_0
BID_194  +0.000  buyerRE_2
BID_195  +0.000  buyerZIC_2
BID_193  +0.000  buyerZIC_4
ASK_476  +82.090  sellerZIP_3
BID_191  +0.000  buyerRE_0
BID_192  +0.000  buyerZIC_3
**** Day 5 ]]]]]]]]]]]]]]]]]
**** Day 6 [[[[[[[[[[[[[[[[[
private value: 132.4830193305388
------ Round 0 -----------
attempt to ask at 176.30023362580687
BID_197  +0.000  buyerRE_2
BID_198  +0.000  buyerZIC_2
ASK_560  +142.635  sellerZIC_3
ASK_561  +137.848  sellerZIC_2
ASK_562  +79.336  sellerZIC_1
BID_199  +0.000  buyerZIC_3
BID_200  +0.000  buyerZIC_0
ASK_567  +116.746  sellerRE_3
ASK_571  +93.900  sellerRE_2
------ Round 1 -----------
attempt to ask at 150.36922491854057
BID_199  +0.000  buyerZIC_3
BID_198  +0.000  buyerZIC_2
BID_200  +0.000  buyerZIC_0
BID_197  +0.000  buyerRE_2
------ Round 2 -----------
attempt to ask at 164.72337279701605
BID_197  +0.000  buyerRE_2
ASK_571  +80.900  sellerRE_2
BID_198  +0.000  buyerZIC_2
BID_199  +0.000  buyerZIC_3
BID_200  +0.000  buyerZIC_0
------ Round 3 -----------
attempt to ask at 181.44716179231182
BID_197  +0.000  buyerRE_2
BID_199  +0.000  buyerZIC_3
BID_198  +0.000  buyerZIC_2
BID_200  +0.000  buyerZIC_0
------ Round 4 -----------
attempt to ask at 177.28887220146134
BID_199  +0.000  buyerZIC_3
BID_198  +0.000  buyerZIC_2
BID_197  +0.000  buyerRE_2
BID_200  +0.000  buyerZIC_0
------ Round 5 -----------
attempt to ask at 176.1017344542779
BID_200  +0.000  buyerZIC_0
BID_199  +0.000  buyerZIC_3
BID_198  +0.000  buyerZIC_2
BID_197  +0.000  buyerRE_2
------ Round 6 -----------
attempt to ask at 180.05058774724603
BID_200  +0.000  buyerZIC_0
BID_198  +0.000  buyerZIC_2
BID_197  +0.000  buyerRE_2
BID_199  +0.000  buyerZIC_3
------ Round 7 -----------
attempt to ask at 147.63596839038655
BID_199  +0.000  buyerZIC_3
BID_197  +0.000  buyerRE_2
BID_200  +0.000  buyerZIC_0
BID_198  +0.000  buyerZIC_2
------ Round 8 -----------
attempt to ask at 139.35953673208132
BID_197  +0.000  buyerRE_2
BID_200  +0.000  buyerZIC_0
BID_198  +0.000  buyerZIC_2
BID_199  +0.000  buyerZIC_3
------ Round 9 -----------
attempt to ask at 132.55523896077648
BID_197  +0.000  buyerRE_2
BID_200  +0.000  buyerZIC_0
BID_199  +0.000  buyerZIC_3
BID_198  +0.000  buyerZIC_2
**** Day 6 ]]]]]]]]]]]]]]]]]
**** Day 7 [[[[[[[[[[[[[[[[[
private value: 126.17723033763468
------ Round 0 -----------
attempt to ask at 132.1534453309141
ASK_635  +57.588  sellerRE_2
BID_201  +0.000  buyerZIC_3
ASK_636  +137.286  sellerZIC_2
BID_202  +0.000  buyerZIC_1
BID_203  +0.000  buyerZIC_0
BID_204  +0.000  buyerRE_0
BID_205  +0.000  buyerRE_1
ASK_644  +132.153  sellerZIC_4
BID_206  +0.000  buyerRE_2
BID_207  +0.691  buyerZIP_3
------ Round 1 -----------
attempt to ask at 172.4326140480116
BID_204  +0.000  buyerRE_0
BID_202  +0.000  buyerZIC_1
BID_207  +0.691  buyerZIP_3
ASK_650  +51.982  sellerRE_3
BID_201  +0.000  buyerZIC_3
BID_203  +0.000  buyerZIC_0
------ Round 2 -----------
attempt to ask at 131.02934806374833
ASK_644  +131.029  sellerZIC_4
BID_203  +0.000  buyerZIC_0
BID_202  +0.000  buyerZIC_1
BID_204  +0.219  buyerRE_0
BID_207  +0.691  buyerZIP_3
------ Round 3 -----------
attempt to ask at 128.0846589244902
BID_207  +0.691  buyerZIP_3
ASK_644  +128.085  sellerZIC_4
------ Round 4 -----------
attempt to ask at 144.29389976430684
BID_207  +0.691  buyerZIP_3
ASK_682  +110.382  sellerRE_0
------ Round 5 -----------
attempt to ask at 171.9480151310563
BID_207  +0.691  buyerZIP_3
------ Round 6 -----------
attempt to ask at 171.91551609430462
BID_207  +0.691  buyerZIP_3
------ Round 7 -----------
attempt to ask at 156.72634036745876
BID_207  +0.691  buyerZIP_3
------ Round 8 -----------
attempt to ask at 131.42493419582024
BID_207  +0.691  buyerZIP_3
------ Round 9 -----------
attempt to ask at 163.79759185947478
BID_207  +0.691  buyerZIP_3
**** Day 7 ]]]]]]]]]]]]]]]]]
**** Day 8 [[[[[[[[[[[[[[[[[
private value: 76.33549042511731
------ Round 0 -----------
attempt to ask at 118.99402146227658
ASK_725  +85.124  sellerRE_2
BID_208  +0.000  buyerZIC_4
ASK_726  +131.057  sellerZIC_1
BID_209  +0.000  buyerRE_2
BID_210  +0.000  buyerRE_4
ASK_727  +72.328  sellerGD_2
BID_211  +0.000  buyerZIC_1
ASK_731  +58.256  sellerGD_0
BID_212  +0.000  buyerRE_0
BID_213  +0.000  buyerRE_3
------ Round 1 -----------
attempt to ask at 78.62931936979294
BID_209  +0.000  buyerRE_2
BID_208  +0.000  buyerZIC_4
BID_213  +0.000  buyerRE_3
ASK_731  +58.256  sellerGD_0
BID_212  +0.000  buyerRE_0
BID_211  +0.000  buyerZIC_1
BID_210  +0.000  buyerRE_4
ASK_727  +71.944  sellerGD_2
------ Round 2 -----------
attempt to ask at 120.97903362009674
BID_213  +0.000  buyerRE_3
BID_211  +0.000  buyerZIC_1
ASK_731  +57.721  sellerGD_0
BID_208  +0.000  buyerZIC_4
BID_209  +0.000  buyerRE_2
ASK_727  +71.944  sellerGD_2
BID_210  +0.000  buyerRE_4
BID_212  +0.000  buyerRE_0
------ Round 3 -----------
attempt to ask at 89.16702538263053
BID_208  +0.000  buyerZIC_4
BID_210  +0.000  buyerRE_4
BID_211  +0.000  buyerZIC_1
ASK_727  +70.717  sellerGD_2
BID_213  +0.000  buyerRE_3
ASK_731  +57.588  sellerGD_0
BID_209  +0.000  buyerRE_2
BID_212  +0.000  buyerRE_0
------ Round 4 -----------
attempt to ask at 124.5152686489746
BID_209  +0.000  buyerRE_2
BID_208  +0.000  buyerZIC_4
ASK_771  +58.555  sellerRE_3
ASK_731  +57.588  sellerGD_0
BID_211  +0.000  buyerZIC_1
BID_210  +0.000  buyerRE_4
BID_213  +0.000  buyerRE_3
BID_212  +0.000  buyerRE_0
------ Round 5 -----------
attempt to ask at 105.95236850203946
BID_213  +0.000  buyerRE_3
BID_209  +0.000  buyerRE_2
BID_210  +0.000  buyerRE_4
BID_211  +0.000  buyerZIC_1
BID_208  +0.000  buyerZIC_4
BID_212  +0.000  buyerRE_0
ASK_731  +56.689  sellerGD_0
------ Round 6 -----------
attempt to ask at 81.65503941709176
BID_213  +0.000  buyerRE_3
BID_211  +0.000  buyerZIC_1
ASK_731  +56.689  sellerGD_0
BID_209  +0.000  buyerRE_2
BID_210  +0.000  buyerRE_4
BID_212  +0.000  buyerRE_0
BID_208  +0.000  buyerZIC_4
------ Round 7 -----------
attempt to ask at 108.9811326470226
BID_210  +0.000  buyerRE_4
BID_213  +0.000  buyerRE_3
BID_212  +0.000  buyerRE_0
BID_208  +0.000  buyerZIC_4
BID_211  +0.000  buyerZIC_1
ASK_731  +56.210  sellerGD_0
BID_209  +0.000  buyerRE_2
------ Round 8 -----------
attempt to ask at 107.96636312734336
BID_208  +0.000  buyerZIC_4
BID_210  +0.000  buyerRE_4
BID_211  +0.000  buyerZIC_1
BID_213  +0.000  buyerRE_3
BID_209  +0.000  buyerRE_2
ASK_731  +56.090  sellerGD_0
BID_212  +0.000  buyerRE_0
------ Round 9 -----------
attempt to ask at 83.22352397954091
BID_208  +0.000  buyerZIC_4
BID_209  +0.000  buyerRE_2
ASK_731  +56.090  sellerGD_0
BID_211  +0.000  buyerZIC_1
BID_210  +0.000  buyerRE_4
BID_213  +0.000  buyerRE_3
BID_212  +0.000  buyerRE_0
**** Day 8 ]]]]]]]]]]]]]]]]]
**** Day 9 [[[[[[[[[[[[[[[[[
private value: 146.1101297987625
------ Round 0 -----------
attempt to ask at 160.88731315685436
ASK_814  +157.933  sellerRE_4
BID_214  +0.000  buyerZIC_2
ASK_815  +66.847  sellerGD_3
ASK_816  +151.567  sellerZIP_0
BID_215  +0.000  buyerRE_2
ASK_817  +64.515  sellerRE_3
ASK_818  +72.189  sellerGD_1
BID_216  +0.861  buyerRE_0
BID_217  +0.000  buyerZIC_1
ASK_825  +69.209  sellerZIC_3
BID_218  +0.000  buyerRE_1
------ Round 1 -----------
attempt to ask at 167.56867358926684
BID_217  +0.000  buyerZIC_1
ASK_816  +62.633  sellerZIP_0
BID_215  +0.000  buyerRE_2
BID_218  +0.000  buyerRE_1
------ Round 2 -----------
attempt to ask at 187.9075652686879
ASK_838  +61.903  sellerRE_1
BID_215  +0.000  buyerRE_2
BID_217  +0.219  buyerZIC_1
------ Round 3 -----------
attempt to ask at 147.13495321338996
------ Round 4 -----------
attempt to ask at 187.11041322676465
------ Round 5 -----------
attempt to ask at 171.54756035888568
ASK_838  +58.903  sellerRE_1
------ Round 6 -----------
attempt to ask at 192.54589678021148
------ Round 7 -----------
attempt to ask at 187.7902058768086
------ Round 8 -----------
attempt to ask at 170.61640176689252
------ Round 9 -----------
attempt to ask at 192.0313730253838
**** Day 9 ]]]]]]]]]]]]]]]]]
**** Day 10 [[[[[[[[[[[[[[[[[
private value: 82.78318201191723
------ Round 0 -----------
attempt to ask at 120.48292824765667
ASK_893  +95.469  sellerZIP_0
ASK_896  +172.354  sellerRE_4
BID_219  +0.000  buyerRE_1
ASK_897  +66.847  sellerGD_3
BID_220  +0.406  buyerZIP_4
ASK_901  +120.623  sellerRE_0
ASK_904  +104.128  sellerZIC_2
ASK_907  +75.835  sellerZIP_2
------ Round 1 -----------
attempt to ask at 101.24531115870923
ASK_907  +75.835  sellerZIP_2
BID_219  +0.000  buyerRE_1
BID_220  +0.406  buyerZIP_4
ASK_897  +66.847  sellerGD_3
------ Round 2 -----------
attempt to ask at 121.86338249593973
ASK_897  +66.847  sellerGD_3
BID_219  +0.000  buyerRE_1
BID_220  +0.406  buyerZIP_4
ASK_907  +75.835  sellerZIP_2
------ Round 3 -----------
attempt to ask at 110.38288230774924
ASK_907  +75.835  sellerZIP_2
ASK_897  +66.847  sellerGD_3
BID_219  +0.000  buyerRE_1
BID_220  +0.406  buyerZIP_4
------ Round 4 -----------
attempt to ask at 118.32342625129968
BID_220  +0.406  buyerZIP_4
ASK_897  +66.847  sellerGD_3
BID_219  +0.000  buyerRE_1
ASK_907  +75.835  sellerZIP_2
------ Round 5 -----------
attempt to ask at 85.18992413301021
ASK_897  +66.847  sellerGD_3
ASK_907  +75.835  sellerZIP_2
BID_219  +0.000  buyerRE_1
BID_220  +0.406  buyerZIP_4
------ Round 6 -----------
attempt to ask at 108.59880768693984
ASK_907  +75.835  sellerZIP_2
ASK_897  +66.847  sellerGD_3
BID_220  +0.406  buyerZIP_4
BID_219  +0.000  buyerRE_1
------ Round 7 -----------
attempt to ask at 110.14276867499575
BID_219  +0.000  buyerRE_1
ASK_907  +75.835  sellerZIP_2
BID_220  +0.406  buyerZIP_4
ASK_897  +66.847  sellerGD_3
------ Round 8 -----------
attempt to ask at 129.06085941940546
BID_220  +0.406  buyerZIP_4
ASK_897  +66.847  sellerGD_3
ASK_907  +75.835  sellerZIP_2
BID_219  +0.000  buyerRE_1
------ Round 9 -----------
attempt to ask at 107.12067413842306
BID_220  +0.406  buyerZIP_4
BID_219  +0.000  buyerRE_1
ASK_907  +75.835  sellerZIP_2
ASK_897  +66.847  sellerGD_3
**** Day 10 ]]]]]]]]]]]]]]]]]
**** Day 11 [[[[[[[[[[[[[[[[[
private value: 53.52907974738628
------ Round 0 -----------
attempt to ask at 100.62998180510476
ASK_989  +66.847  sellerGD_3
ASK_990  +122.462  sellerZIP_3
ASK_991  +95.469  sellerZIP_0
BID_231  +0.778  buyerZIP_4
ASK_993  +56.944  sellerZIC_3
BID_234  +0.000  buyerZIC_1
------ Round 1 -----------
attempt to ask at 65.80370700685307
BID_231  +0.778  buyerZIP_4
ASK_1003  +65.804  sellerZIC_4
BID_234  +0.000  buyerZIC_1
------ Round 2 -----------
attempt to ask at 93.97406843490899
BID_234  +0.000  buyerZIC_1
BID_231  +0.778  buyerZIP_4
------ Round 3 -----------
attempt to ask at 59.598149941302836
BID_234  +0.000  buyerZIC_1
BID_231  +0.778  buyerZIP_4
ASK_1003  +59.598  sellerZIC_4
ASK_993  +55.851  sellerZIC_3
------ Round 4 -----------
attempt to ask at 86.31770921638235
BID_234  +0.000  buyerZIC_1
BID_231  +0.778  buyerZIP_4
------ Round 5 -----------
attempt to ask at 55.02842162968591
BID_234  +0.000  buyerZIC_1
BID_231  +0.778  buyerZIP_4
ASK_1003  +55.028  sellerZIC_4
------ Round 6 -----------
attempt to ask at 55.48972577089444
BID_234  +0.000  buyerZIC_1
BID_231  +0.778  buyerZIP_4
------ Round 7 -----------
attempt to ask at 54.36462896177545
ASK_1003  +54.365  sellerZIC_4
BID_234  +0.000  buyerZIC_1
BID_231  +0.778  buyerZIP_4
------ Round 8 -----------
attempt to ask at 73.44647600548342
BID_234  +0.000  buyerZIC_1
BID_231  +0.778  buyerZIP_4
------ Round 9 -----------
attempt to ask at 100.23868068819866
BID_231  +0.778  buyerZIP_4
BID_234  +0.000  buyerZIC_1
**** Day 11 ]]]]]]]]]]]]]]]]]
**** Day 12 [[[[[[[[[[[[[[[[[
private value: 73.84167965501547
------ Round 0 -----------
attempt to ask at 118.22305974783376
ASK_1075  +110.369  sellerRE_4
BID_263  +0.000  buyerRE_2
BID_264  +0.000  buyerZIC_4
BID_265  +0.000  buyerRE_0
BID_266  +0.760  buyerZIP_4
ASK_1077  +123.132  sellerZIC_3
BID_267  +0.691  buyerZIP_3
ASK_1078  +72.189  sellerGD_1
------ Round 1 -----------
attempt to ask at 109.70038982341066
BID_267  +0.691  buyerZIP_3
ASK_1078  +72.189  sellerGD_1
ASK_1097  +109.700  sellerZIC_4
BID_266  +0.760  buyerZIP_4
ASK_1075  +107.369  sellerRE_4
------ Round 2 -----------
attempt to ask at 86.10872285207734
BID_267  +0.691  buyerZIP_3
ASK_1097  +86.109  sellerZIC_4
ASK_1078  +72.189  sellerGD_1
BID_266  +0.760  buyerZIP_4
ASK_1102  +59.496  sellerZIP_3
------ Round 3 -----------
attempt to ask at 113.65235146367922
BID_267  +0.691  buyerZIP_3
ASK_1102  +59.496  sellerZIP_3
BID_266  +0.760  buyerZIP_4
------ Round 4 -----------
attempt to ask at 105.23840230889618
BID_267  +0.691  buyerZIP_3
BID_266  +0.760  buyerZIP_4
ASK_1102  +59.496  sellerZIP_3
------ Round 5 -----------
attempt to ask at 94.70061929896474
BID_267  +0.691  buyerZIP_3
ASK_1075  +82.369  sellerRE_4
BID_266  +0.760  buyerZIP_4
ASK_1102  +59.496  sellerZIP_3
------ Round 6 -----------
attempt to ask at 102.80276671983302
BID_267  +0.691  buyerZIP_3
ASK_1102  +59.496  sellerZIP_3
BID_266  +0.760  buyerZIP_4
------ Round 7 -----------
attempt to ask at 102.89456855971366
ASK_1102  +59.496  sellerZIP_3
BID_266  +0.760  buyerZIP_4
BID_267  +0.691  buyerZIP_3
------ Round 8 -----------
attempt to ask at 98.41009025694802
BID_267  +0.691  buyerZIP_3
BID_265  +1.241  buyerRE_0
ASK_1102  +59.496  sellerZIP_3
BID_266  +0.760  buyerZIP_4
------ Round 9 -----------
attempt to ask at 94.89974147873
ASK_1102  +59.496  sellerZIP_3
BID_266  +0.760  buyerZIP_4
**** Day 12 ]]]]]]]]]]]]]]]]]
**** Day 13 [[[[[[[[[[[[[[[[[
private value: 131.66304444894195
------ Round 0 -----------
attempt to ask at 167.26682930020615
BID_278  +0.000  buyerZIC_1
BID_279  +0.000  buyerRE_0
ASK_1163  +55.851  sellerGD_4
ASK_1167  +85.756  sellerRE_0
ASK_1171  +54.476  sellerZIP_3
BID_280  +0.000  buyerZIC_3
BID_281  +0.000  buyerRE_3
BID_282  +0.000  buyerRE_2
------ Round 1 -----------
attempt to ask at 135.85388219216838
BID_281  +0.000  buyerRE_3
BID_282  +0.000  buyerRE_2
BID_279  +0.000  buyerRE_0
BID_278  +0.000  buyerZIC_1
BID_280  +0.000  buyerZIC_3
ASK_1163  +55.851  sellerGD_4
ASK_1171  +54.476  sellerZIP_3
------ Round 2 -----------
attempt to ask at 151.2167968438007
ASK_1171  +54.476  sellerZIP_3
BID_281  +0.000  buyerRE_3
BID_278  +0.000  buyerZIC_1
BID_279  +0.000  buyerRE_0
ASK_1163  +55.851  sellerGD_4
BID_280  +0.000  buyerZIC_3
BID_282  +0.000  buyerRE_2
------ Round 3 -----------
attempt to ask at 152.10604061139748
BID_280  +0.000  buyerZIC_3
BID_278  +0.076  buyerZIC_1
BID_282  +0.000  buyerRE_2
ASK_1171  +54.476  sellerZIP_3
ASK_1163  +55.851  sellerGD_4
BID_281  +0.000  buyerRE_3
------ Round 4 -----------
attempt to ask at 161.56072398880497
BID_282  +0.000  buyerRE_2
BID_280  +0.000  buyerZIC_3
BID_281  +0.000  buyerRE_3
ASK_1171  +54.476  sellerZIP_3
ASK_1163  +55.851  sellerGD_4
------ Round 5 -----------
attempt to ask at 169.1855329205282
ASK_1163  +55.851  sellerGD_4
BID_280  +0.000  buyerZIC_3
BID_282  +0.000  buyerRE_2
BID_281  +0.000  buyerRE_3
BID_279  +0.351  buyerRE_0
ASK_1171  +54.476  sellerZIP_3
------ Round 6 -----------
attempt to ask at 133.54713845765218
ASK_1171  +54.476  sellerZIP_3
BID_282  +0.000  buyerRE_2
BID_281  +0.000  buyerRE_3
BID_280  +0.000  buyerZIC_3
ASK_1163  +55.851  sellerGD_4
------ Round 7 -----------
attempt to ask at 145.1765897567384
ASK_1163  +55.851  sellerGD_4
BID_281  +0.000  buyerRE_3
ASK_1171  +54.476  sellerZIP_3
BID_280  +0.000  buyerZIC_3
BID_282  +0.000  buyerRE_2
------ Round 8 -----------
attempt to ask at 170.35172320902348
BID_280  +0.000  buyerZIC_3
ASK_1163  +55.851  sellerGD_4
BID_282  +0.000  buyerRE_2
ASK_1171  +54.476  sellerZIP_3
BID_281  +0.000  buyerRE_3
------ Round 9 -----------
attempt to ask at 165.50625581294298
ASK_1163  +55.851  sellerGD_4
ASK_1171  +54.476  sellerZIP_3
BID_282  +0.000  buyerRE_2
BID_281  +0.000  buyerRE_3
BID_280  +0.000  buyerZIC_3
**** Day 13 ]]]]]]]]]]]]]]]]]
**** Day 14 [[[[[[[[[[[[[[[[[
private value: 95.63583652488887
------ Round 0 -----------
attempt to ask at 125.77844912884757
ASK_1256  +120.967  sellerZIC_0
ASK_1257  +170.798  sellerRE_4
BID_283  +0.000  buyerRE_2
ASK_1260  +80.283  sellerZIP_4
BID_284  +0.000  buyerZIC_3
BID_285  +0.000  buyerRE_1
ASK_1261  +84.670  sellerZIP_3
BID_286  +0.000  buyerZIC_1
ASK_1267  +75.324  sellerZIC_1
------ Round 1 -----------
attempt to ask at 140.59951695380732
BID_285  +0.000  buyerRE_1
BID_284  +0.000  buyerZIC_3
BID_286  +0.000  buyerZIC_1
ASK_1260  +80.283  sellerZIP_4
BID_283  +0.000  buyerRE_2
------ Round 2 -----------
attempt to ask at 135.59841189999133
BID_284  +0.000  buyerZIC_3
BID_285  +0.000  buyerRE_1
BID_286  +0.000  buyerZIC_1
BID_283  +0.000  buyerRE_2
ASK_1260  +80.283  sellerZIP_4
------ Round 3 -----------
attempt to ask at 135.2298561250791
BID_285  +0.000  buyerRE_1
ASK_1260  +80.283  sellerZIP_4
BID_286  +0.000  buyerZIC_1
BID_284  +0.000  buyerZIC_3
ASK_1267  +59.874  sellerZIC_1
BID_283  +0.000  buyerRE_2
------ Round 4 -----------
attempt to ask at 109.98614061390981
BID_285  +0.000  buyerRE_1
BID_286  +0.000  buyerZIC_1
BID_283  +0.000  buyerRE_2
ASK_1260  +80.283  sellerZIP_4
BID_284  +0.000  buyerZIC_3
------ Round 5 -----------
attempt to ask at 138.48909036023542
BID_286  +0.000  buyerZIC_1
ASK_1260  +80.283  sellerZIP_4
BID_285  +0.000  buyerRE_1
BID_283  +0.000  buyerRE_2
BID_284  +0.000  buyerZIC_3
------ Round 6 -----------
attempt to ask at 123.16168167162687
ASK_1260  +80.283  sellerZIP_4
BID_285  +0.000  buyerRE_1
BID_284  +0.000  buyerZIC_3
BID_283  +0.000  buyerRE_2
BID_286  +0.000  buyerZIC_1
------ Round 7 -----------
attempt to ask at 128.9007249637507
BID_286  +0.000  buyerZIC_1
BID_285  +0.000  buyerRE_1
BID_284  +0.000  buyerZIC_3
BID_283  +0.000  buyerRE_2
ASK_1267  +59.704  sellerZIC_1
ASK_1260  +80.283  sellerZIP_4
------ Round 8 -----------
attempt to ask at 116.22326651122421
BID_284  +0.000  buyerZIC_3
BID_286  +0.000  buyerZIC_1
BID_285  +0.000  buyerRE_1
BID_283  +0.000  buyerRE_2
ASK_1267  +53.820  sellerZIC_1
ASK_1260  +80.283  sellerZIP_4
------ Round 9 -----------
attempt to ask at 136.84506986755878
BID_284  +0.000  buyerZIC_3
BID_285  +0.000  buyerRE_1
BID_286  +0.000  buyerZIC_1
ASK_1260  +80.283  sellerZIP_4
BID_283  +0.000  buyerRE_2
**** Day 14 ]]]]]]]]]]]]]]]]]
**** Day 15 [[[[[[[[[[[[[[[[[
private value: 82.99119409639388
------ Round 0 -----------
attempt to ask at 117.39712686976418
BID_287  +0.000  buyerZIC_1
BID_288  +0.000  buyerRE_3
ASK_1331  +112.666  sellerZIC_3
ASK_1332  +66.847  sellerGD_3
BID_289  +0.000  buyerRE_1
BID_290  +0.000  buyerRE_4
BID_291  +0.000  buyerZIC_2
------ Round 1 -----------
attempt to ask at 99.15356524288654
ASK_1346  +61.667  sellerRE_2
BID_290  +0.000  buyerRE_4
BID_289  +0.000  buyerRE_1
BID_291  +0.000  buyerZIC_2
BID_287  +0.000  buyerZIC_1
BID_288  +0.000  buyerRE_3
------ Round 2 -----------
attempt to ask at 121.47672694409266
BID_289  +0.000  buyerRE_1
BID_290  +0.000  buyerRE_4
BID_291  +0.000  buyerZIC_2
ASK_1331  +90.327  sellerZIC_3
BID_287  +0.000  buyerZIC_1
BID_288  +0.000  buyerRE_3
------ Round 3 -----------
attempt to ask at 92.31353246141225
BID_291  +0.000  buyerZIC_2
BID_287  +0.000  buyerZIC_1
BID_288  +0.000  buyerRE_3
BID_290  +0.000  buyerRE_4
BID_289  +0.000  buyerRE_1
------ Round 4 -----------
attempt to ask at 113.57880448922515
BID_290  +0.000  buyerRE_4
BID_289  +0.000  buyerRE_1
BID_291  +0.000  buyerZIC_2
BID_287  +0.000  buyerZIC_1
BID_288  +0.000  buyerRE_3
------ Round 5 -----------
attempt to ask at 132.4400354642421
BID_290  +0.000  buyerRE_4
BID_287  +0.000  buyerZIC_1
BID_289  +0.000  buyerRE_1
BID_291  +0.000  buyerZIC_2
BID_288  +0.000  buyerRE_3
------ Round 6 -----------
attempt to ask at 104.98329439433292
BID_288  +0.000  buyerRE_3
BID_287  +0.000  buyerZIC_1
BID_289  +0.000  buyerRE_1
BID_290  +0.000  buyerRE_4
BID_291  +0.000  buyerZIC_2
------ Round 7 -----------
attempt to ask at 103.34979214239866
BID_287  +0.000  buyerZIC_1
BID_291  +0.000  buyerZIC_2
BID_288  +0.000  buyerRE_3
BID_289  +0.000  buyerRE_1
BID_290  +0.000  buyerRE_4
------ Round 8 -----------
attempt to ask at 128.11224717879668
BID_290  +0.000  buyerRE_4
BID_287  +0.000  buyerZIC_1
BID_291  +0.000  buyerZIC_2
BID_288  +0.000  buyerRE_3
BID_289  +0.000  buyerRE_1
------ Round 9 -----------
attempt to ask at 118.13980552833527
BID_290  +0.000  buyerRE_4
BID_291  +0.000  buyerZIC_2
BID_287  +0.000  buyerZIC_1
BID_289  +0.000  buyerRE_1
BID_288  +0.000  buyerRE_3
**** Day 15 ]]]]]]]]]]]]]]]]]
**** Day 16 [[[[[[[[[[[[[[[[[
private value: 112.90470974054188
------ Round 0 -----------
attempt to ask at 149.96789451688528
ASK_1425  +120.129  sellerZIC_2
ASK_1426  +92.749  sellerZIP_3
BID_292  +0.000  buyerRE_3
ASK_1429  +75.835  sellerZIP_2
BID_293  +0.000  buyerRE_0
BID_294  +0.000  buyerZIC_1
ASK_1434  +74.120  sellerRE_3
BID_295  +0.000  buyerZIC_2
ASK_1438  +66.847  sellerGD_3
------ Round 1 -----------
attempt to ask at 146.29251844016835
BID_292  +0.000  buyerRE_3
ASK_1426  +92.749  sellerZIP_3
BID_293  +0.000  buyerRE_0
BID_294  +0.000  buyerZIC_1
ASK_1438  +66.847  sellerGD_3
BID_295  +0.000  buyerZIC_2
------ Round 2 -----------
attempt to ask at 112.95310378773138
BID_295  +0.000  buyerZIC_2
BID_294  +0.000  buyerZIC_1
BID_292  +0.000  buyerRE_3
ASK_1438  +66.847  sellerGD_3
ASK_1426  +92.749  sellerZIP_3
BID_293  +0.000  buyerRE_0
------ Round 3 -----------
attempt to ask at 124.08135420409963
BID_293  +0.000  buyerRE_0
ASK_1426  +92.749  sellerZIP_3
BID_294  +0.000  buyerZIC_1
ASK_1434  +63.120  sellerRE_3
BID_292  +0.000  buyerRE_3
BID_295  +0.000  buyerZIC_2
------ Round 4 -----------
attempt to ask at 152.43829486425966
BID_293  +0.000  buyerRE_0
BID_294  +0.000  buyerZIC_1
BID_295  +0.000  buyerZIC_2
ASK_1426  +92.749  sellerZIP_3
ASK_1472  +60.238  sellerZIP_0
BID_292  +0.000  buyerRE_3
------ Round 5 -----------
attempt to ask at 152.09924537921324
BID_293  +0.000  buyerRE_0
ASK_1472  +60.238  sellerZIP_0
BID_295  +0.000  buyerZIC_2
ASK_1426  +92.749  sellerZIP_3
BID_292  +0.000  buyerRE_3
BID_294  +0.000  buyerZIC_1
------ Round 6 -----------
attempt to ask at 125.75681599555537
BID_292  +0.000  buyerRE_3
BID_293  +0.000  buyerRE_0
ASK_1472  +60.238  sellerZIP_0
ASK_1426  +92.749  sellerZIP_3
BID_295  +0.000  buyerZIC_2
BID_294  +0.000  buyerZIC_1
------ Round 7 -----------
attempt to ask at 128.0473681516014
ASK_1472  +60.238  sellerZIP_0
BID_295  +0.000  buyerZIC_2
BID_294  +0.000  buyerZIC_1
ASK_1426  +92.749  sellerZIP_3
BID_293  +0.000  buyerRE_0
BID_292  +0.000  buyerRE_3
------ Round 8 -----------
attempt to ask at 117.7141509950161
BID_293  +0.000  buyerRE_0
BID_292  +0.000  buyerRE_3
BID_295  +0.000  buyerZIC_2
ASK_1426  +92.749  sellerZIP_3
BID_294  +0.000  buyerZIC_1
ASK_1472  +60.238  sellerZIP_0
------ Round 9 -----------
attempt to ask at 140.92121358262375
BID_294  +0.679  buyerZIC_1
ASK_1434  +54.120  sellerRE_3
ASK_1426  +92.749  sellerZIP_3
BID_293  +0.000  buyerRE_0
**** Day 16 ]]]]]]]]]]]]]]]]]
**** Day 17 [[[[[[[[[[[[[[[[[
private value: 105.4986213799566
------ Round 0 -----------
attempt to ask at 111.16300836438313
ASK_1515  +70.411  sellerGD_2
BID_296  +0.000  buyerZIC_2
ASK_1516  +70.241  sellerZIP_2
BID_297  +0.000  buyerRE_0
BID_298  +0.000  buyerRE_4
BID_299  +0.000  buyerRE_2
ASK_1520  +57.324  sellerZIC_3
BID_300  +0.000  buyerZIC_3
BID_301  +0.389  buyerZIP_4
ASK_1526  +65.804  sellerGD_3
BID_302  +0.000  buyerRE_1
------ Round 1 -----------
attempt to ask at 141.80956296622753
BID_296  +0.000  buyerZIC_2
BID_297  +0.000  buyerRE_0
BID_302  +0.000  buyerRE_1
BID_300  +0.000  buyerZIC_3
BID_301  +0.389  buyerZIP_4
ASK_1526  +65.804  sellerGD_3
------ Round 2 -----------
attempt to ask at 133.61963086063042
BID_297  +0.000  buyerRE_0
BID_300  +0.000  buyerZIC_3
ASK_1526  +65.804  sellerGD_3
BID_302  +0.000  buyerRE_1
BID_301  +0.389  buyerZIP_4
BID_296  +0.000  buyerZIC_2
------ Round 3 -----------
attempt to ask at 150.34876364516094
BID_301  +0.389  buyerZIP_4
ASK_1526  +59.598  sellerGD_3
BID_300  +0.000  buyerZIC_3
BID_302  +0.000  buyerRE_1
BID_297  +0.000  buyerRE_0
BID_296  +0.000  buyerZIC_2
------ Round 4 -----------
attempt to ask at 134.19128586538136
ASK_1526  +58.984  sellerGD_3
BID_297  +0.000  buyerRE_0
BID_302  +0.000  buyerRE_1
BID_296  +0.000  buyerZIC_2
BID_301  +0.389  buyerZIP_4
BID_300  +0.000  buyerZIC_3
------ Round 5 -----------
attempt to ask at 131.60288340877742
ASK_1526  +58.830  sellerGD_3
BID_302  +0.000  buyerRE_1
BID_297  +0.000  buyerRE_0
BID_296  +0.000  buyerZIC_2
BID_300  +0.000  buyerZIC_3
BID_301  +0.389  buyerZIP_4
------ Round 6 -----------
attempt to ask at 131.2989936210215
BID_300  +0.000  buyerZIC_3
BID_296  +0.000  buyerZIC_2
BID_301  +0.389  buyerZIP_4
BID_302  +0.000  buyerRE_1
BID_297  +0.000  buyerRE_0
ASK_1526  +58.830  sellerGD_3
------ Round 7 -----------
attempt to ask at 127.52052005380392
ASK_1526  +58.610  sellerGD_3
BID_302  +0.000  buyerRE_1
BID_297  +0.000  buyerRE_0
BID_296  +0.000  buyerZIC_2
BID_301  +0.389  buyerZIP_4
BID_300  +0.000  buyerZIC_3
------ Round 8 -----------
attempt to ask at 113.72014047810808
BID_297  +0.000  buyerRE_0
ASK_1526  +58.555  sellerGD_3
BID_296  +0.000  buyerZIC_2
BID_301  +0.389  buyerZIP_4
BID_302  +0.000  buyerRE_1
BID_300  +0.000  buyerZIC_3
------ Round 9 -----------
attempt to ask at 137.23891023546457
BID_302  +0.000  buyerRE_1
BID_297  +0.000  buyerRE_0
BID_301  +0.389  buyerZIP_4
BID_296  +0.000  buyerZIC_2
BID_300  +0.000  buyerZIC_3
ASK_1526  +58.555  sellerGD_3
**** Day 17 ]]]]]]]]]]]]]]]]]
**** Day 18 [[[[[[[[[[[[[[[[[
private value: 53.67574223782867
------ Round 0 -----------
attempt to ask at 86.80662049446255
ASK_1609  +117.320  sellerRE_3
ASK_1610  +92.749  sellerZIP_3
ASK_1611  +82.410  sellerZIC_2
ASK_1612  +86.807  sellerZIC_4
BID_303  +0.000  buyerRE_1
BID_304  +0.000  buyerRE_0
ASK_1617  +76.118  sellerZIP_1
BID_305  +0.000  buyerRE_2
BID_306  +0.771  buyerZIP_4
BID_307  +0.000  buyerZIC_2
------ Round 1 -----------
attempt to ask at 59.44251175969839
BID_307  +0.000  buyerZIC_2
BID_303  +0.000  buyerRE_1
ASK_1610  +71.109  sellerZIP_3
ASK_1612  +59.443  sellerZIC_4
BID_304  +0.000  buyerRE_0
BID_306  +0.771  buyerZIP_4
------ Round 2 -----------
attempt to ask at 65.29782598372549
BID_307  +0.000  buyerZIC_2
ASK_1610  +71.109  sellerZIP_3
BID_304  +0.000  buyerRE_0
BID_306  +0.771  buyerZIP_4
BID_303  +0.000  buyerRE_1
------ Round 3 -----------
attempt to ask at 56.05140586849302
BID_304  +0.000  buyerRE_0
BID_307  +0.000  buyerZIC_2
BID_306  +0.771  buyerZIP_4
ASK_1610  +71.109  sellerZIP_3
ASK_1612  +56.051  sellerZIC_4
BID_303  +0.000  buyerRE_1
------ Round 4 -----------
attempt to ask at 56.90998397767544
BID_307  +0.000  buyerZIC_2
BID_304  +0.000  buyerRE_0
BID_306  +0.771  buyerZIP_4
BID_303  +0.000  buyerRE_1
ASK_1610  +71.109  sellerZIP_3
------ Round 5 -----------
attempt to ask at 70.10104316286743
ASK_1610  +71.109  sellerZIP_3
BID_306  +0.771  buyerZIP_4
BID_307  +0.000  buyerZIC_2
BID_303  +0.000  buyerRE_1
BID_304  +0.000  buyerRE_0
------ Round 6 -----------
attempt to ask at 67.85908146994188
BID_306  +0.771  buyerZIP_4
BID_303  +0.000  buyerRE_1
BID_304  +0.000  buyerRE_0
ASK_1610  +71.109  sellerZIP_3
BID_307  +0.000  buyerZIC_2
------ Round 7 -----------
attempt to ask at 69.14710993878543
BID_307  +0.000  buyerZIC_2
BID_306  +0.771  buyerZIP_4
BID_303  +0.000  buyerRE_1
BID_304  +0.000  buyerRE_0
ASK_1610  +71.109  sellerZIP_3
------ Round 8 -----------
attempt to ask at 103.48450054880232
BID_306  +0.771  buyerZIP_4
BID_304  +0.000  buyerRE_0
BID_303  +0.000  buyerRE_1
ASK_1610  +71.109  sellerZIP_3
BID_307  +0.000  buyerZIC_2
------ Round 9 -----------
attempt to ask at 82.23185372771695
BID_307  +0.000  buyerZIC_2
ASK_1610  +71.109  sellerZIP_3
BID_304  +0.000  buyerRE_0
BID_303  +0.000  buyerRE_1
BID_306  +0.771  buyerZIP_4
**** Day 18 ]]]]]]]]]]]]]]]]]
**** Day 19 [[[[[[[[[[[[[[[[[
private value: 73.06437981314957
------ Round 0 -----------
attempt to ask at 84.0522488579154
BID_308  +0.000  buyerZIC_0
ASK_1684  +137.826  sellerRE_3
ASK_1685  +96.572  sellerZIC_3
BID_309  +0.000  buyerRE_2
ASK_1686  +90.636  sellerZIP_3
BID_310  +0.000  buyerZIC_4
BID_311  +0.000  buyerRE_0
ASK_1689  +71.856  sellerRE_0
ASK_1690  +84.052  sellerZIC_4
ASK_1693  +72.189  sellerGD_1
BID_312  +0.000  buyerZIC_3
------ Round 1 -----------
attempt to ask at 93.40492801275104
BID_308  +0.000  buyerZIC_0
ASK_1693  +72.189  sellerGD_1
BID_310  +0.000  buyerZIC_4
BID_311  +0.000  buyerRE_0
BID_312  +0.000  buyerZIC_3
ASK_1689  +61.856  sellerRE_0
BID_309  +0.000  buyerRE_2
ASK_1700  +52.812  sellerZIC_2
------ Round 2 -----------
attempt to ask at 75.10388249065727
BID_308  +0.000  buyerZIC_0
BID_312  +0.000  buyerZIC_3
BID_309  +0.000  buyerRE_2
BID_310  +0.000  buyerZIC_4
ASK_1693  +72.189  sellerGD_1
BID_311  +0.000  buyerRE_0
------ Round 3 -----------
attempt to ask at 114.07683277502656
BID_312  +0.000  buyerZIC_3
BID_309  +0.000  buyerRE_2
BID_308  +0.000  buyerZIC_0
BID_311  +0.000  buyerRE_0
ASK_1693  +72.189  sellerGD_1
BID_310  +0.000  buyerZIC_4
------ Round 4 -----------
attempt to ask at 119.15450692176819
BID_311  +0.000  buyerRE_0
BID_309  +0.000  buyerRE_2
BID_308  +0.000  buyerZIC_0
BID_312  +0.000  buyerZIC_3
BID_310  +0.000  buyerZIC_4
ASK_1693  +71.520  sellerGD_1
------ Round 5 -----------
attempt to ask at 93.5544561012648
BID_311  +0.000  buyerRE_0
BID_309  +0.000  buyerRE_2
ASK_1693  +71.520  sellerGD_1
BID_308  +0.000  buyerZIC_0
BID_310  +0.000  buyerZIC_4
BID_312  +0.000  buyerZIC_3
------ Round 6 -----------
attempt to ask at 119.94582674233243
BID_311  +0.000  buyerRE_0
BID_310  +0.000  buyerZIC_4
BID_309  +0.000  buyerRE_2
BID_308  +0.000  buyerZIC_0
ASK_1693  +71.520  sellerGD_1
BID_312  +0.000  buyerZIC_3
------ Round 7 -----------
attempt to ask at 112.64664467889816
BID_312  +0.000  buyerZIC_3
BID_311  +0.000  buyerRE_0
BID_309  +0.000  buyerRE_2
BID_308  +0.000  buyerZIC_0
BID_310  +0.000  buyerZIC_4
ASK_1693  +71.387  sellerGD_1
------ Round 8 -----------
attempt to ask at 111.93016259931028
BID_311  +0.000  buyerRE_0
BID_312  +0.000  buyerZIC_3
BID_310  +0.000  buyerZIC_4
ASK_1693  +71.353  sellerGD_1
BID_308  +0.000  buyerZIC_0
BID_309  +0.000  buyerRE_2
------ Round 9 -----------
attempt to ask at 90.95447100698948
ASK_1693  +70.550  sellerGD_1
BID_312  +0.000  buyerZIC_3
BID_309  +0.000  buyerRE_2
BID_310  +0.000  buyerZIC_4
BID_311  +0.000  buyerRE_0
BID_308  +0.000  buyerZIC_0
**** Day 19 ]]]]]]]]]]]]]]]]]
