**************************************************************
checked in
**** Day 0 [[[[[[[[[[[[[[[[[
private value: 123.72385612688959
------ Round 0 -----------
attempt to ask at 205.7238561268896
BID_0  +43.261  buyerZIC_4
ASK_0  +148.723  sellerZIP_0
ASK_1  +205.724  sellerRE_0
ASK_3  +165.405  sellerGD_2
ASK_4  +110.823  sellerZIP_4
ASK_5  +108.589  sellerZIC_4
BID_3  +37.000  buyerGD_0
ASK_6  +108.265  sellerGD_3
ASK_8  +74.208  sellerZIC_2
ASK_11  +92.744  sellerZIC_1
BID_6  +54.000  buyerGD_4
BID_9  +58.830  buyerZIP_2
ASK_14  +87.983  sellerZIP_1
BID_13  +68.289  buyerZIP_3
BID_15  +73.702  buyerRE_1
BID_19  +71.938  buyerZIP_4
------ Round 1 -----------
attempt to ask at 143.7238561268896
ASK_20  +83.395  sellerGD_1
BID_6  +74.208  buyerGD_4
ASK_6  +74.702  sellerGD_3
ASK_8  +67.546  sellerZIC_2
ASK_26  +72.994  sellerZIP_2
BID_19  +71.938  buyerZIP_4
TRANSACTION_0  +72.466  {buyerGD_4.BID_6: +74.208, sellerZIC_2.ASK_8: +67.546)
------ Round 2 -----------
attempt to ask at 176.7238561268896
BID_30  +74.208  buyerGD_4
BID_13  +77.062  buyerZIP_3
ASK_26  +66.847  sellerZIP_2
ASK_6  +73.702  sellerGD_3
TRANSACTION_1  +73.702  {buyerRE_1.BID_15: +73.702, sellerGD_3.ASK_6: +73.702)
BID_19  +75.235  buyerZIP_4
TRANSACTION_2  +76.149  {buyerZIP_3.BID_13: +77.062, sellerZIP_2.ASK_26: +66.847)
------ Round 3 -----------
attempt to ask at 209.7238561268896
ASK_39  +73.702  sellerGD_3
ASK_40  +104.967  sellerGD_0
ASK_43  +66.847  sellerZIP_2
BID_19  +79.162  buyerZIP_4
BID_47  +77.062  buyerZIP_3
BID_9  +74.568  buyerZIP_2
TRANSACTION_3  +74.135  {buyerZIP_2.BID_9: +74.568, sellerGD_3.ASK_39: +73.702)
ASK_14  +75.775  sellerZIP_1
TRANSACTION_4  +78.112  {buyerZIP_4.BID_19: +79.162, sellerZIP_2.ASK_43: +66.847)
------ Round 4 -----------
attempt to ask at 166.7238561268896
BID_53  +74.568  buyerZIP_2
BID_47  +82.238  buyerZIP_3
ASK_14  +75.775  sellerZIP_1
ASK_11  +74.426  sellerZIC_1
TRANSACTION_5  +74.497  {buyerZIP_2.BID_53: +74.568, sellerZIC_1.ASK_11: +74.426)
ASK_40  +103.767  sellerGD_0
ASK_57  +66.847  sellerZIP_2
ASK_58  +73.702  sellerGD_3
TRANSACTION_6  +78.223  {buyerZIP_3.BID_47: +82.238, sellerZIP_2.ASK_57: +66.847)
------ Round 5 -----------
attempt to ask at 157.7238561268896
BID_67  +76.606  buyerZIP_3
ASK_61  +89.858  sellerGD_4
BID_69  +77.156  buyerZIP_4
ASK_62  +72.838  sellerZIC_1
BID_77  +72.328  buyerZIP_2
ASK_68  +68.081  sellerZIC_2
TRANSACTION_7  +76.881  {buyerZIP_4.BID_69: +77.156, sellerZIC_2.ASK_68: +68.081)
------ Round 6 -----------
attempt to ask at 144.7238561268896
BID_77  +72.328  buyerZIP_2
ASK_58  +72.328  sellerGD_3
TRANSACTION_8  +72.328  {buyerZIP_2.BID_77: +72.328, sellerGD_3.ASK_58: +72.328)
ASK_61  +84.238  sellerGD_4
ASK_14  +68.983  sellerZIP_1
ASK_72  +82.044  sellerZIC_2
BID_0  +45.268  buyerZIC_4
------ Round 7 -----------
attempt to ask at 148.7238561268896
BID_100  +57.626  buyerRE_3
BID_0  +60.035  buyerZIC_4
ASK_72  +69.639  sellerZIC_2
TRANSACTION_9  +75.407  {buyerZIP_3.BID_67: +76.606, sellerZIC_2.ASK_72: +69.639)
------ Round 8 -----------
attempt to ask at 185.7238561268896
BID_30  +74.208  buyerGD_4
ASK_61  +82.638  sellerGD_4
------ Round 9 -----------
attempt to ask at 182.7238561268896
ASK_61  +82.238  sellerGD_4
BID_30  +74.208  buyerGD_4
**** Day 0 ]]]]]]]]]]]]]]]]]
**** Day 1 [[[[[[[[[[[[[[[[[
private value: 65.45742077287287
------ Round 0 -----------
attempt to ask at 154.45742077287287
ASK_99  +103.189  sellerRE_4
ASK_100  +79.162  sellerGD_4
BID_130  +0.000  buyerRE_3
ASK_101  +169.093  sellerRE_2
ASK_103  +83.408  sellerRE_1
BID_131  +0.000  buyerRE_0
BID_132  +0.691  buyerZIP_3
ASK_104  +72.328  sellerGD_3
ASK_105  +77.475  sellerZIP_1
ASK_113  +72.328  sellerGD_1
ASK_114  +64.502  sellerZIC_0
BID_137  +0.000  buyerRE_1
BID_138  +2.683  buyerZIP_2
------ Round 1 -----------
attempt to ask at 156.45742077287287
BID_132  +0.691  buyerZIP_3
ASK_104  +72.328  sellerGD_3
BID_130  +0.856  buyerRE_3
BID_138  +2.683  buyerZIP_2
------ Round 2 -----------
attempt to ask at 159.45742077287287
ASK_100  +70.177  sellerGD_4
BID_138  +2.683  buyerZIP_2
------ Round 3 -----------
attempt to ask at 67.45742077287287
BID_138  +2.683  buyerZIP_2
ASK_100  +69.639  sellerGD_4
------ Round 4 -----------
attempt to ask at 112.45742077287287
ASK_114  +64.058  sellerZIC_0
ASK_100  +68.393  sellerGD_4
BID_138  +2.683  buyerZIP_2
------ Round 5 -----------
attempt to ask at 91.45742077287287
ASK_100  +68.081  sellerGD_4
BID_138  +2.683  buyerZIP_2
------ Round 6 -----------
attempt to ask at 66.45742077287287
ASK_114  +63.108  sellerZIC_0
BID_138  +2.683  buyerZIP_2
ASK_100  +67.094  sellerGD_4
------ Round 7 -----------
attempt to ask at 131.45742077287287
BID_138  +2.683  buyerZIP_2
ASK_100  +66.847  sellerGD_4
------ Round 8 -----------
attempt to ask at 114.45742077287287
ASK_100  +66.847  sellerGD_4
BID_138  +2.683  buyerZIP_2
------ Round 9 -----------
attempt to ask at 109.45742077287287
ASK_100  +66.847  sellerGD_4
ASK_114  +62.090  sellerZIC_0
BID_138  +2.683  buyerZIP_2
**** Day 1 ]]]]]]]]]]]]]]]]]
**** Day 2 [[[[[[[[[[[[[[[[[
private value: 76.53669707942754
------ Round 0 -----------
attempt to ask at 144.53669707942754
BID_175  +0.000  buyerRE_1
ASK_207  +130.653  sellerZIP_0
ASK_208  +144.537  sellerRE_0
ASK_209  +110.882  sellerZIC_0
BID_176  +0.000  buyerRE_4
ASK_210  +130.505  sellerRE_4
ASK_212  +67.791  sellerZIC_3
BID_177  +0.000  buyerZIC_4
BID_178  +0.000  buyerRE_0
BID_179  +0.000  buyerZIC_3
BID_180  +0.000  buyerRE_3
------ Round 1 -----------
attempt to ask at 147.53669707942754
BID_176  +0.000  buyerRE_4
ASK_209  +72.189  sellerZIC_0
BID_180  +0.000  buyerRE_3
BID_179  +0.000  buyerZIC_3
BID_177  +0.000  buyerZIC_4
BID_178  +0.000  buyerRE_0
ASK_225  +66.949  sellerZIC_2
BID_175  +0.000  buyerRE_1
------ Round 2 -----------
attempt to ask at 170.53669707942754
ASK_212  +57.884  sellerZIC_3
BID_180  +0.000  buyerRE_3
BID_176  +0.000  buyerRE_4
BID_175  +0.000  buyerRE_1
BID_177  +0.000  buyerZIC_4
BID_178  +0.000  buyerRE_0
BID_179  +0.000  buyerZIC_3
------ Round 3 -----------
attempt to ask at 147.53669707942754
BID_178  +0.000  buyerRE_0
BID_176  +0.000  buyerRE_4
BID_175  +0.000  buyerRE_1
BID_179  +0.000  buyerZIC_3
BID_180  +0.000  buyerRE_3
BID_177  +0.000  buyerZIC_4
------ Round 4 -----------
attempt to ask at 145.53669707942754
BID_179  +0.000  buyerZIC_3
BID_177  +0.000  buyerZIC_4
BID_176  +0.000  buyerRE_4
BID_175  +0.000  buyerRE_1
BID_180  +0.000  buyerRE_3
BID_178  +0.000  buyerRE_0
------ Round 5 -----------
attempt to ask at 119.53669707942754
BID_176  +0.000  buyerRE_4
BID_178  +0.000  buyerRE_0
BID_175  +0.000  buyerRE_1
BID_177  +0.000  buyerZIC_4
BID_180  +0.000  buyerRE_3
BID_179  +0.000  buyerZIC_3
------ Round 6 -----------
attempt to ask at 165.53669707942754
BID_178  +0.000  buyerRE_0
BID_176  +0.000  buyerRE_4
BID_175  +0.000  buyerRE_1
BID_180  +0.000  buyerRE_3
BID_179  +0.000  buyerZIC_3
BID_177  +0.000  buyerZIC_4
------ Round 7 -----------
attempt to ask at 76.53669707942754
BID_177  +0.000  buyerZIC_4
BID_178  +0.000  buyerRE_0
BID_179  +0.000  buyerZIC_3
BID_176  +0.000  buyerRE_4
BID_180  +0.000  buyerRE_3
BID_175  +0.000  buyerRE_1
------ Round 8 -----------
attempt to ask at 160.53669707942754
BID_175  +0.000  buyerRE_1
BID_179  +0.000  buyerZIC_3
BID_177  +0.000  buyerZIC_4
BID_176  +0.000  buyerRE_4
BID_180  +0.000  buyerRE_3
BID_178  +0.000  buyerRE_0
------ Round 9 -----------
attempt to ask at 83.53669707942754
BID_175  +0.000  buyerRE_1
BID_178  +0.000  buyerRE_0
BID_179  +0.521  buyerZIC_3
BID_176  +0.000  buyerRE_4
ASK_212  +56.926  sellerZIC_3
BID_177  +0.000  buyerZIC_4
BID_180  +0.000  buyerRE_3
**** Day 2 ]]]]]]]]]]]]]]]]]
**** Day 3 [[[[[[[[[[[[[[[[[
private value: 89.79149013757706
------ Round 0 -----------
attempt to ask at 98.79149013757706
BID_181  +0.000  buyerRE_3
ASK_274  +76.118  sellerZIP_1
BID_182  +0.000  buyerZIC_3
ASK_276  +103.224  sellerZIC_4
BID_183  +0.000  buyerRE_2
BID_184  +0.000  buyerRE_1
BID_185  +0.000  buyerRE_0
ASK_287  +72.328  sellerGD_1
BID_186  +0.000  buyerZIC_4
------ Round 1 -----------
attempt to ask at 172.79149013757706
BID_184  +0.000  buyerRE_1
BID_182  +0.000  buyerZIC_3
ASK_274  +76.118  sellerZIP_1
BID_181  +0.000  buyerRE_3
BID_186  +0.000  buyerZIC_4
BID_185  +0.000  buyerRE_0
BID_183  +0.000  buyerRE_2
ASK_287  +72.328  sellerGD_1
------ Round 2 -----------
attempt to ask at 97.79149013757706
BID_183  +0.000  buyerRE_2
BID_182  +0.000  buyerZIC_3
BID_186  +0.000  buyerZIC_4
ASK_274  +76.118  sellerZIP_1
BID_181  +0.000  buyerRE_3
ASK_287  +72.328  sellerGD_1
BID_184  +0.000  buyerRE_1
BID_185  +0.000  buyerRE_0
------ Round 3 -----------
attempt to ask at 156.79149013757706
BID_185  +0.000  buyerRE_0
ASK_287  +72.328  sellerGD_1
BID_181  +0.000  buyerRE_3
BID_183  +0.000  buyerRE_2
BID_186  +0.000  buyerZIC_4
BID_182  +0.000  buyerZIC_3
ASK_274  +76.118  sellerZIP_1
BID_184  +0.000  buyerRE_1
------ Round 4 -----------
attempt to ask at 95.79149013757706
BID_183  +0.000  buyerRE_2
BID_181  +0.000  buyerRE_3
BID_185  +0.000  buyerRE_0
BID_184  +0.000  buyerRE_1
BID_182  +0.000  buyerZIC_3
ASK_274  +76.118  sellerZIP_1
ASK_287  +72.328  sellerGD_1
BID_186  +0.000  buyerZIC_4
------ Round 5 -----------
attempt to ask at 165.79149013757706
BID_186  +0.000  buyerZIC_4
BID_182  +0.000  buyerZIC_3
BID_184  +0.000  buyerRE_1
ASK_274  +76.118  sellerZIP_1
BID_183  +0.000  buyerRE_2
BID_181  +0.000  buyerRE_3
ASK_287  +72.328  sellerGD_1
BID_185  +0.000  buyerRE_0
------ Round 6 -----------
attempt to ask at 114.79149013757706
ASK_276  +61.891  sellerZIC_4
BID_181  +0.000  buyerRE_3
BID_182  +0.000  buyerZIC_3
BID_184  +0.000  buyerRE_1
BID_186  +0.000  buyerZIC_4
BID_185  +0.000  buyerRE_0
ASK_274  +76.118  sellerZIP_1
BID_183  +0.000  buyerRE_2
------ Round 7 -----------
attempt to ask at 187.79149013757706
BID_185  +0.000  buyerRE_0
BID_182  +0.000  buyerZIC_3
BID_181  +0.000  buyerRE_3
ASK_274  +76.118  sellerZIP_1
BID_184  +0.000  buyerRE_1
BID_186  +0.000  buyerZIC_4
BID_183  +0.000  buyerRE_2
------ Round 8 -----------
attempt to ask at 105.79149013757706
BID_181  +0.000  buyerRE_3
ASK_274  +76.118  sellerZIP_1
BID_182  +0.000  buyerZIC_3
BID_184  +0.000  buyerRE_1
BID_183  +0.000  buyerRE_2
BID_185  +0.000  buyerRE_0
ASK_276  +56.090  sellerZIC_4
BID_186  +0.000  buyerZIC_4
------ Round 9 -----------
attempt to ask at 117.79149013757706
BID_184  +0.000  buyerRE_1
BID_185  +0.000  buyerRE_0
ASK_274  +76.118  sellerZIP_1
BID_186  +0.000  buyerZIC_4
BID_182  +0.000  buyerZIC_3
BID_183  +0.000  buyerRE_2
BID_181  +0.000  buyerRE_3
**** Day 3 ]]]]]]]]]]]]]]]]]
**** Day 4 [[[[[[[[[[[[[[[[[
private value: 72.92224511038512
------ Round 0 -----------
attempt to ask at 128.92224511038512
BID_187  +0.000  buyerZIC_2
BID_188  +0.000  buyerRE_4
ASK_387  +84.411  sellerRE_4
ASK_388  +141.590  sellerZIC_0
BID_189  +0.000  buyerRE_0
ASK_389  +130.653  sellerZIP_0
BID_190  +0.000  buyerZIC_0
ASK_391  +66.847  sellerGD_3
ASK_396  +80.283  sellerZIP_4
------ Round 1 -----------
attempt to ask at 96.92224511038512
BID_190  +0.000  buyerZIC_0
ASK_391  +66.847  sellerGD_3
BID_189  +0.000  buyerRE_0
ASK_396  +80.283  sellerZIP_4
BID_188  +0.000  buyerRE_4
BID_187  +0.000  buyerZIC_2
------ Round 2 -----------
attempt to ask at 102.92224511038512
ASK_391  +66.847  sellerGD_3
BID_189  +0.000  buyerRE_0
ASK_396  +80.283  sellerZIP_4
BID_187  +0.000  buyerZIC_2
BID_190  +0.000  buyerZIC_0
BID_188  +0.000  buyerRE_4
ASK_418  +60.926  sellerZIP_3
------ Round 3 -----------
attempt to ask at 121.92224511038512
BID_189  +0.000  buyerRE_0
BID_190  +0.000  buyerZIC_0
BID_187  +0.000  buyerZIC_2
ASK_396  +80.283  sellerZIP_4
ASK_418  +60.926  sellerZIP_3
BID_188  +0.000  buyerRE_4
------ Round 4 -----------
attempt to ask at 110.92224511038512
BID_188  +0.000  buyerRE_4
BID_187  +0.000  buyerZIC_2
BID_190  +0.000  buyerZIC_0
BID_189  +0.000  buyerRE_0
ASK_396  +80.283  sellerZIP_4
ASK_418  +60.926  sellerZIP_3
------ Round 5 -----------
attempt to ask at 159.92224511038512
ASK_418  +60.926  sellerZIP_3
BID_190  +0.000  buyerZIC_0
BID_188  +0.000  buyerRE_4
BID_189  +0.000  buyerRE_0
BID_187  +0.000  buyerZIC_2
ASK_396  +80.283  sellerZIP_4
------ Round 6 -----------
attempt to ask at 124.92224511038512
ASK_387  +70.411  sellerRE_4
ASK_418  +60.926  sellerZIP_3
BID_188  +0.000  buyerRE_4
BID_189  +0.000  buyerRE_0
BID_187  +0.000  buyerZIC_2
BID_190  +0.000  buyerZIC_0
------ Round 7 -----------
attempt to ask at 170.92224511038512
BID_189  +0.000  buyerRE_0
BID_188  +0.000  buyerRE_4
ASK_418  +60.926  sellerZIP_3
BID_190  +0.000  buyerZIC_0
BID_187  +0.000  buyerZIC_2
------ Round 8 -----------
attempt to ask at 121.92224511038512
BID_189  +0.000  buyerRE_0
BID_190  +0.000  buyerZIC_0
BID_188  +0.000  buyerRE_4
BID_187  +0.000  buyerZIC_2
ASK_418  +60.926  sellerZIP_3
------ Round 9 -----------
attempt to ask at 157.92224511038512
BID_190  +0.000  buyerZIC_0
BID_187  +0.000  buyerZIC_2
ASK_418  +60.926  sellerZIP_3
BID_189  +0.000  buyerRE_0
BID_188  +0.000  buyerRE_4
**** Day 4 ]]]]]]]]]]]]]]]]]
**** Day 5 [[[[[[[[[[[[[[[[[
private value: 86.33063822053373
------ Round 0 -----------
attempt to ask at 173.33063822053373
BID_191  +0.000  buyerRE_0
ASK_475  +173.331  sellerRE_0
BID_192  +0.000  buyerZIC_3
ASK_476  +82.090  sellerZIP_3
ASK_477  +139.963  sellerRE_3
ASK_478  +130.653  sellerZIP_0
BID_193  +0.000  buyerZIC_4
ASK_482  +71.353  sellerZIC_2
BID_194  +0.000  buyerRE_2
BID_195  +0.000  buyerZIC_2
BID_196  +0.000  buyerZIC_0
------ Round 1 -----------
attempt to ask at 136.33063822053373
BID_193  +0.000  buyerZIC_4
ASK_476  +82.090  sellerZIP_3
BID_196  +0.000  buyerZIC_0
BID_192  +0.000  buyerZIC_3
BID_191  +0.000  buyerRE_0
BID_194  +0.000  buyerRE_2
BID_195  +0.000  buyerZIC_2
------ Round 2 -----------
attempt to ask at 118.33063822053373
BID_192  +0.000  buyerZIC_3
BID_195  +0.000  buyerZIC_2
BID_196  +0.000  buyerZIC_0
BID_191  +0.000  buyerRE_0
ASK_482  +67.723  sellerZIC_2
ASK_476  +82.090  sellerZIP_3
BID_193  +0.000  buyerZIC_4
BID_194  +0.000  buyerRE_2
------ Round 3 -----------
attempt to ask at 96.33063822053373
ASK_476  +82.090  sellerZIP_3
BID_195  +0.000  buyerZIC_2
BID_193  +0.000  buyerZIC_4
BID_194  +0.000  buyerRE_2
BID_196  +0.000  buyerZIC_0
BID_192  +0.000  buyerZIC_3
BID_191  +0.000  buyerRE_0
------ Round 4 -----------
attempt to ask at 106.33063822053373
BID_194  +0.000  buyerRE_2
BID_191  +0.000  buyerRE_0
BID_192  +0.000  buyerZIC_3
ASK_478  +61.918  sellerZIP_0
BID_195  +0.000  buyerZIC_2
BID_196  +0.000  buyerZIC_0
ASK_476  +82.090  sellerZIP_3
BID_193  +0.000  buyerZIC_4
------ Round 5 -----------
attempt to ask at 111.33063822053373
ASK_476  +82.090  sellerZIP_3
BID_196  +0.000  buyerZIC_0
BID_192  +0.000  buyerZIC_3
BID_194  +0.000  buyerRE_2
BID_191  +0.000  buyerRE_0
BID_195  +0.000  buyerZIC_2
ASK_478  +61.918  sellerZIP_0
BID_193  +0.000  buyerZIC_4
------ Round 6 -----------
attempt to ask at 151.33063822053373
BID_192  +0.000  buyerZIC_3
ASK_478  +61.918  sellerZIP_0
BID_191  +0.000  buyerRE_0
BID_194  +0.000  buyerRE_2
ASK_476  +82.090  sellerZIP_3
BID_193  +0.000  buyerZIC_4
BID_195  +0.000  buyerZIC_2
BID_196  +0.000  buyerZIC_0
------ Round 7 -----------
attempt to ask at 165.33063822053373
BID_194  +0.000  buyerRE_2
BID_196  +0.000  buyerZIC_0
BID_195  +0.000  buyerZIC_2
BID_193  +0.000  buyerZIC_4
BID_192  +0.000  buyerZIC_3
ASK_478  +61.918  sellerZIP_0
BID_191  +0.000  buyerRE_0
ASK_476  +82.090  sellerZIP_3
------ Round 8 -----------
attempt to ask at 87.33063822053373
BID_192  +0.000  buyerZIC_3
BID_193  +0.000  buyerZIC_4
BID_191  +0.000  buyerRE_0
ASK_476  +82.090  sellerZIP_3
BID_195  +0.000  buyerZIC_2
ASK_478  +61.918  sellerZIP_0
BID_194  +0.000  buyerRE_2
BID_196  +0.000  buyerZIC_0
------ Round 9 -----------
attempt to ask at 181.33063822053373
ASK_478  +61.918  sellerZIP_0
BID_196  +0.000  buyerZIC_0
BID_194  +0.000  buyerRE_2
BID_195  +0.000  buyerZIC_2
BID_193  +0.000  buyerZIC_4
ASK_476  +82.090  sellerZIP_3
BID_191  +0.000  buyerRE_0
BID_192  +0.000  buyerZIC_3
**** Day 5 ]]]]]]]]]]]]]]]]]
**** Day 6 [[[[[[[[[[[[[[[[[
private value: 144.0691801486537
------ Round 0 -----------
attempt to ask at 180.0691801486537
BID_197  +0.000  buyerRE_2
BID_198  +0.000  buyerZIC_2
ASK_560  +142.635  sellerZIC_3
ASK_561  +137.848  sellerZIC_2
ASK_562  +79.336  sellerZIC_1
BID_199  +0.000  buyerZIC_3
BID_200  +0.000  buyerZIC_0
ASK_567  +116.746  sellerRE_3
ASK_571  +93.900  sellerRE_2
------ Round 1 -----------
attempt to ask at 210.0691801486537
BID_199  +0.000  buyerZIC_3
BID_198  +0.000  buyerZIC_2
BID_200  +0.000  buyerZIC_0
BID_197  +0.000  buyerRE_2
------ Round 2 -----------
attempt to ask at 209.0691801486537
BID_197  +0.000  buyerRE_2
ASK_571  +80.900  sellerRE_2
BID_198  +0.000  buyerZIC_2
BID_199  +0.000  buyerZIC_3
BID_200  +0.000  buyerZIC_0
------ Round 3 -----------
attempt to ask at 224.0691801486537
BID_197  +0.000  buyerRE_2
BID_199  +0.000  buyerZIC_3
BID_198  +0.000  buyerZIC_2
BID_200  +0.000  buyerZIC_0
------ Round 4 -----------
attempt to ask at 230.0691801486537
BID_199  +0.000  buyerZIC_3
BID_198  +0.000  buyerZIC_2
BID_197  +0.000  buyerRE_2
BID_200  +0.000  buyerZIC_0
------ Round 5 -----------
attempt to ask at 173.0691801486537
BID_200  +0.000  buyerZIC_0
BID_199  +0.000  buyerZIC_3
BID_198  +0.000  buyerZIC_2
BID_197  +0.000  buyerRE_2
------ Round 6 -----------
attempt to ask at 229.0691801486537
BID_200  +0.000  buyerZIC_0
BID_198  +0.000  buyerZIC_2
BID_197  +0.000  buyerRE_2
BID_199  +0.000  buyerZIC_3
------ Round 7 -----------
attempt to ask at 174.0691801486537
BID_199  +0.000  buyerZIC_3
BID_197  +0.000  buyerRE_2
BID_200  +0.000  buyerZIC_0
BID_198  +0.000  buyerZIC_2
------ Round 8 -----------
attempt to ask at 217.0691801486537
BID_197  +0.000  buyerRE_2
BID_200  +0.000  buyerZIC_0
BID_198  +0.000  buyerZIC_2
BID_199  +0.000  buyerZIC_3
------ Round 9 -----------
attempt to ask at 237.0691801486537
BID_197  +0.000  buyerRE_2
BID_200  +0.000  buyerZIC_0
BID_199  +0.000  buyerZIC_3
BID_198  +0.000  buyerZIC_2
**** Day 6 ]]]]]]]]]]]]]]]]]
**** Day 7 [[[[[[[[[[[[[[[[[
private value: 102.38158453721553
------ Round 0 -----------
attempt to ask at 190.38158453721553
ASK_635  +57.588  sellerRE_2
BID_201  +0.000  buyerZIC_3
ASK_636  +137.286  sellerZIC_2
BID_202  +0.000  buyerZIC_1
BID_203  +0.000  buyerZIC_0
BID_204  +0.000  buyerRE_0
BID_205  +0.000  buyerRE_1
ASK_644  +132.153  sellerZIC_4
BID_206  +0.000  buyerRE_2
BID_207  +0.691  buyerZIP_3
------ Round 1 -----------
attempt to ask at 155.38158453721553
BID_204  +0.000  buyerRE_0
BID_202  +0.000  buyerZIC_1
BID_207  +0.691  buyerZIP_3
ASK_650  +51.982  sellerRE_3
BID_201  +0.000  buyerZIC_3
BID_203  +0.000  buyerZIC_0
------ Round 2 -----------
attempt to ask at 165.38158453721553
ASK_644  +131.029  sellerZIC_4
BID_203  +0.000  buyerZIC_0
BID_202  +0.000  buyerZIC_1
BID_204  +0.219  buyerRE_0
BID_207  +0.691  buyerZIP_3
------ Round 3 -----------
attempt to ask at 151.38158453721553
BID_207  +0.691  buyerZIP_3
ASK_644  +128.085  sellerZIC_4
------ Round 4 -----------
attempt to ask at 110.38158453721553
BID_207  +0.691  buyerZIP_3
ASK_682  +110.382  sellerRE_0
------ Round 5 -----------
attempt to ask at 151.38158453721553
BID_207  +0.691  buyerZIP_3
------ Round 6 -----------
attempt to ask at 169.38158453721553
BID_207  +0.691  buyerZIP_3
------ Round 7 -----------
attempt to ask at 123.38158453721553
BID_207  +0.691  buyerZIP_3
------ Round 8 -----------
attempt to ask at 133.38158453721553
BID_207  +0.691  buyerZIP_3
------ Round 9 -----------
attempt to ask at 185.38158453721553
BID_207  +0.691  buyerZIP_3
**** Day 7 ]]]]]]]]]]]]]]]]]
**** Day 8 [[[[[[[[[[[[[[[[[
private value: 136.44138118252158
------ Round 0 -----------
attempt to ask at 143.44138118252158
ASK_725  +85.124  sellerRE_2
BID_208  +0.000  buyerZIC_4
ASK_726  +131.057  sellerZIC_1
BID_209  +0.000  buyerRE_2
BID_210  +0.000  buyerRE_4
ASK_727  +72.328  sellerGD_2
BID_211  +0.000  buyerZIC_1
ASK_731  +58.256  sellerGD_0
BID_212  +0.000  buyerRE_0
BID_213  +0.000  buyerRE_3
------ Round 1 -----------
attempt to ask at 146.44138118252158
BID_209  +0.000  buyerRE_2
BID_208  +0.000  buyerZIC_4
BID_213  +0.000  buyerRE_3
ASK_731  +58.256  sellerGD_0
BID_212  +0.000  buyerRE_0
BID_211  +0.000  buyerZIC_1
BID_210  +0.000  buyerRE_4
ASK_727  +71.944  sellerGD_2
------ Round 2 -----------
attempt to ask at 163.44138118252158
BID_213  +0.000  buyerRE_3
BID_211  +0.000  buyerZIC_1
ASK_731  +57.721  sellerGD_0
BID_208  +0.000  buyerZIC_4
BID_209  +0.000  buyerRE_2
ASK_727  +71.944  sellerGD_2
BID_210  +0.000  buyerRE_4
BID_212  +0.000  buyerRE_0
------ Round 3 -----------
attempt to ask at 199.44138118252158
BID_208  +0.000  buyerZIC_4
BID_210  +0.000  buyerRE_4
BID_211  +0.000  buyerZIC_1
ASK_727  +70.717  sellerGD_2
BID_213  +0.000  buyerRE_3
ASK_731  +57.588  sellerGD_0
BID_209  +0.000  buyerRE_2
BID_212  +0.000  buyerRE_0
------ Round 4 -----------
attempt to ask at 143.44138118252158
BID_209  +0.000  buyerRE_2
BID_208  +0.000  buyerZIC_4
ASK_771  +58.555  sellerRE_3
ASK_731  +57.588  sellerGD_0
BID_211  +0.000  buyerZIC_1
BID_210  +0.000  buyerRE_4
BID_213  +0.000  buyerRE_3
BID_212  +0.000  buyerRE_0
------ Round 5 -----------
attempt to ask at 196.44138118252158
BID_213  +0.000  buyerRE_3
BID_209  +0.000  buyerRE_2
BID_210  +0.000  buyerRE_4
BID_211  +0.000  buyerZIC_1
BID_208  +0.000  buyerZIC_4
BID_212  +0.000  buyerRE_0
ASK_731  +56.689  sellerGD_0
------ Round 6 -----------
attempt to ask at 147.44138118252158
BID_213  +0.000  buyerRE_3
BID_211  +0.000  buyerZIC_1
ASK_731  +56.689  sellerGD_0
BID_209  +0.000  buyerRE_2
BID_210  +0.000  buyerRE_4
BID_212  +0.000  buyerRE_0
BID_208  +0.000  buyerZIC_4
------ Round 7 -----------
attempt to ask at 154.44138118252158
BID_210  +0.000  buyerRE_4
BID_213  +0.000  buyerRE_3
BID_212  +0.000  buyerRE_0
BID_208  +0.000  buyerZIC_4
BID_211  +0.000  buyerZIC_1
ASK_731  +56.210  sellerGD_0
BID_209  +0.000  buyerRE_2
------ Round 8 -----------
attempt to ask at 185.44138118252158
BID_208  +0.000  buyerZIC_4
BID_210  +0.000  buyerRE_4
BID_211  +0.000  buyerZIC_1
BID_213  +0.000  buyerRE_3
BID_209  +0.000  buyerRE_2
ASK_731  +56.090  sellerGD_0
BID_212  +0.000  buyerRE_0
------ Round 9 -----------
attempt to ask at 179.44138118252158
BID_208  +0.000  buyerZIC_4
BID_209  +0.000  buyerRE_2
ASK_731  +56.090  sellerGD_0
BID_211  +0.000  buyerZIC_1
BID_210  +0.000  buyerRE_4
BID_213  +0.000  buyerRE_3
BID_212  +0.000  buyerRE_0
**** Day 8 ]]]]]]]]]]]]]]]]]
**** Day 9 [[[[[[[[[[[[[[[[[
private value: 77.54116458818316
------ Round 0 -----------
attempt to ask at 92.54116458818316
ASK_814  +157.933  sellerRE_4
BID_214  +0.000  buyerZIC_2
ASK_815  +66.847  sellerGD_3
ASK_816  +151.567  sellerZIP_0
BID_215  +0.000  buyerRE_2
ASK_817  +64.515  sellerRE_3
ASK_818  +72.189  sellerGD_1
BID_216  +0.861  buyerRE_0
BID_217  +0.000  buyerZIC_1
ASK_825  +69.209  sellerZIC_3
BID_218  +0.000  buyerRE_1
------ Round 1 -----------
attempt to ask at 115.54116458818316
BID_217  +0.000  buyerZIC_1
ASK_816  +62.633  sellerZIP_0
BID_215  +0.000  buyerRE_2
BID_218  +0.000  buyerRE_1
------ Round 2 -----------
attempt to ask at 116.54116458818316
ASK_838  +61.903  sellerRE_1
BID_215  +0.000  buyerRE_2
BID_217  +0.219  buyerZIC_1
------ Round 3 -----------
attempt to ask at 145.54116458818316
------ Round 4 -----------
attempt to ask at 130.54116458818316
------ Round 5 -----------
attempt to ask at 167.54116458818316
ASK_838  +58.903  sellerRE_1
------ Round 6 -----------
attempt to ask at 160.54116458818316
------ Round 7 -----------
attempt to ask at 138.54116458818316
------ Round 8 -----------
attempt to ask at 173.54116458818316
------ Round 9 -----------
attempt to ask at 102.54116458818316
**** Day 9 ]]]]]]]]]]]]]]]]]
**** Day 10 [[[[[[[[[[[[[[[[[
private value: 75.6228961981833
------ Round 0 -----------
attempt to ask at 120.6228961981833
ASK_893  +95.469  sellerZIP_0
ASK_896  +172.354  sellerRE_4
BID_219  +0.000  buyerRE_1
ASK_897  +66.847  sellerGD_3
BID_220  +0.406  buyerZIP_4
ASK_901  +120.623  sellerRE_0
ASK_904  +104.128  sellerZIC_2
ASK_907  +75.835  sellerZIP_2
------ Round 1 -----------
attempt to ask at 151.6228961981833
ASK_907  +75.835  sellerZIP_2
BID_219  +0.000  buyerRE_1
BID_220  +0.406  buyerZIP_4
ASK_897  +66.847  sellerGD_3
------ Round 2 -----------
attempt to ask at 156.6228961981833
ASK_897  +66.847  sellerGD_3
BID_219  +0.000  buyerRE_1
BID_220  +0.406  buyerZIP_4
ASK_907  +75.835  sellerZIP_2
------ Round 3 -----------
attempt to ask at 113.6228961981833
ASK_907  +75.835  sellerZIP_2
ASK_897  +66.847  sellerGD_3
BID_219  +0.000  buyerRE_1
BID_220  +0.406  buyerZIP_4
------ Round 4 -----------
attempt to ask at 95.6228961981833
BID_220  +0.406  buyerZIP_4
ASK_897  +66.847  sellerGD_3
BID_219  +0.000  buyerRE_1
ASK_907  +75.835  sellerZIP_2
------ Round 5 -----------
attempt to ask at 117.6228961981833
ASK_897  +66.847  sellerGD_3
ASK_907  +75.835  sellerZIP_2
BID_219  +0.000  buyerRE_1
BID_220  +0.406  buyerZIP_4
------ Round 6 -----------
attempt to ask at 79.6228961981833
ASK_907  +75.835  sellerZIP_2
ASK_897  +66.847  sellerGD_3
BID_220  +0.406  buyerZIP_4
BID_219  +0.000  buyerRE_1
------ Round 7 -----------
attempt to ask at 140.6228961981833
BID_219  +0.000  buyerRE_1
ASK_907  +75.835  sellerZIP_2
BID_220  +0.406  buyerZIP_4
ASK_897  +66.847  sellerGD_3
------ Round 8 -----------
attempt to ask at 87.6228961981833
BID_220  +0.406  buyerZIP_4
ASK_897  +66.847  sellerGD_3
ASK_907  +75.835  sellerZIP_2
BID_219  +0.000  buyerRE_1
------ Round 9 -----------
attempt to ask at 76.6228961981833
BID_220  +0.406  buyerZIP_4
BID_219  +0.000  buyerRE_1
ASK_907  +75.835  sellerZIP_2
ASK_897  +66.847  sellerGD_3
**** Day 10 ]]]]]]]]]]]]]]]]]
**** Day 11 [[[[[[[[[[[[[[[[[
private value: 120.12403213884681
------ Round 0 -----------
attempt to ask at 205.12403213884681
ASK_989  +66.847  sellerGD_3
ASK_990  +122.462  sellerZIP_3
ASK_991  +95.469  sellerZIP_0
BID_231  +0.778  buyerZIP_4
ASK_993  +56.944  sellerZIC_3
BID_234  +0.000  buyerZIC_1
------ Round 1 -----------
attempt to ask at 138.12403213884681
BID_231  +0.778  buyerZIP_4
ASK_1003  +65.804  sellerZIC_4
BID_234  +0.000  buyerZIC_1
------ Round 2 -----------
attempt to ask at 193.12403213884681
BID_234  +0.000  buyerZIC_1
BID_231  +0.778  buyerZIP_4
------ Round 3 -----------
attempt to ask at 175.12403213884681
BID_234  +0.000  buyerZIC_1
BID_231  +0.778  buyerZIP_4
ASK_1003  +59.598  sellerZIC_4
ASK_993  +55.851  sellerZIC_3
------ Round 4 -----------
attempt to ask at 198.12403213884681
BID_234  +0.000  buyerZIC_1
BID_231  +0.778  buyerZIP_4
------ Round 5 -----------
attempt to ask at 124.12403213884681
BID_234  +0.000  buyerZIC_1
BID_231  +0.778  buyerZIP_4
ASK_1003  +55.028  sellerZIC_4
------ Round 6 -----------
attempt to ask at 127.12403213884681
BID_234  +0.000  buyerZIC_1
BID_231  +0.778  buyerZIP_4
------ Round 7 -----------
attempt to ask at 138.12403213884681
ASK_1003  +54.365  sellerZIC_4
BID_234  +0.000  buyerZIC_1
BID_231  +0.778  buyerZIP_4
------ Round 8 -----------
attempt to ask at 168.12403213884681
BID_234  +0.000  buyerZIC_1
BID_231  +0.778  buyerZIP_4
------ Round 9 -----------
attempt to ask at 132.12403213884681
BID_231  +0.778  buyerZIP_4
BID_234  +0.000  buyerZIC_1
**** Day 11 ]]]]]]]]]]]]]]]]]
**** Day 12 [[[[[[[[[[[[[[[[[
private value: 117.85516173113137
------ Round 0 -----------
attempt to ask at 155.85516173113137
ASK_1075  +110.369  sellerRE_4
BID_263  +0.000  buyerRE_2
BID_264  +0.000  buyerZIC_4
BID_265  +0.000  buyerRE_0
BID_266  +0.760  buyerZIP_4
ASK_1077  +123.132  sellerZIC_3
BID_267  +0.691  buyerZIP_3
ASK_1078  +72.189  sellerGD_1
------ Round 1 -----------
attempt to ask at 139.85516173113137
BID_267  +0.691  buyerZIP_3
ASK_1078  +72.189  sellerGD_1
ASK_1097  +109.700  sellerZIC_4
BID_266  +0.760  buyerZIP_4
ASK_1075  +107.369  sellerRE_4
------ Round 2 -----------
attempt to ask at 158.85516173113137
BID_267  +0.691  buyerZIP_3
ASK_1097  +86.109  sellerZIC_4
ASK_1078  +72.189  sellerGD_1
BID_266  +0.760  buyerZIP_4
ASK_1102  +59.496  sellerZIP_3
------ Round 3 -----------
attempt to ask at 211.85516173113137
BID_267  +0.691  buyerZIP_3
ASK_1102  +59.496  sellerZIP_3
BID_266  +0.760  buyerZIP_4
------ Round 4 -----------
attempt to ask at 168.85516173113137
BID_267  +0.691  buyerZIP_3
BID_266  +0.760  buyerZIP_4
ASK_1102  +59.496  sellerZIP_3
------ Round 5 -----------
attempt to ask at 170.85516173113137
BID_267  +0.691  buyerZIP_3
ASK_1075  +82.369  sellerRE_4
BID_266  +0.760  buyerZIP_4
ASK_1102  +59.496  sellerZIP_3
------ Round 6 -----------
attempt to ask at 188.85516173113137
BID_267  +0.691  buyerZIP_3
ASK_1102  +59.496  sellerZIP_3
BID_266  +0.760  buyerZIP_4
------ Round 7 -----------
attempt to ask at 199.85516173113137
ASK_1102  +59.496  sellerZIP_3
BID_266  +0.760  buyerZIP_4
BID_267  +0.691  buyerZIP_3
------ Round 8 -----------
attempt to ask at 216.85516173113137
BID_267  +0.691  buyerZIP_3
BID_265  +1.241  buyerRE_0
ASK_1102  +59.496  sellerZIP_3
BID_266  +0.760  buyerZIP_4
------ Round 9 -----------
attempt to ask at 206.85516173113137
ASK_1102  +59.496  sellerZIP_3
BID_266  +0.760  buyerZIP_4
**** Day 12 ]]]]]]]]]]]]]]]]]
**** Day 13 [[[[[[[[[[[[[[[[[
private value: 58.756186766549945
------ Round 0 -----------
attempt to ask at 85.75618676654994
BID_278  +0.000  buyerZIC_1
BID_279  +0.000  buyerRE_0
ASK_1163  +55.851  sellerGD_4
ASK_1167  +85.756  sellerRE_0
ASK_1171  +54.476  sellerZIP_3
BID_280  +0.000  buyerZIC_3
BID_281  +0.000  buyerRE_3
BID_282  +0.000  buyerRE_2
------ Round 1 -----------
attempt to ask at 71.75618676654994
BID_281  +0.000  buyerRE_3
BID_282  +0.000  buyerRE_2
BID_279  +0.000  buyerRE_0
BID_278  +0.000  buyerZIC_1
BID_280  +0.000  buyerZIC_3
ASK_1163  +55.851  sellerGD_4
ASK_1171  +54.476  sellerZIP_3
------ Round 2 -----------
attempt to ask at 78.75618676654994
ASK_1171  +54.476  sellerZIP_3
BID_281  +0.000  buyerRE_3
BID_278  +0.000  buyerZIC_1
BID_279  +0.000  buyerRE_0
ASK_1163  +55.851  sellerGD_4
BID_280  +0.000  buyerZIC_3
BID_282  +0.000  buyerRE_2
------ Round 3 -----------
attempt to ask at 139.75618676654994
BID_280  +0.000  buyerZIC_3
BID_278  +0.076  buyerZIC_1
BID_282  +0.000  buyerRE_2
ASK_1171  +54.476  sellerZIP_3
ASK_1163  +55.851  sellerGD_4
BID_281  +0.000  buyerRE_3
------ Round 4 -----------
attempt to ask at 69.75618676654994
BID_282  +0.000  buyerRE_2
BID_280  +0.000  buyerZIC_3
BID_281  +0.000  buyerRE_3
ASK_1171  +54.476  sellerZIP_3
ASK_1163  +55.851  sellerGD_4
------ Round 5 -----------
attempt to ask at 109.75618676654994
ASK_1163  +55.851  sellerGD_4
BID_280  +0.000  buyerZIC_3
BID_282  +0.000  buyerRE_2
BID_281  +0.000  buyerRE_3
BID_279  +0.351  buyerRE_0
ASK_1171  +54.476  sellerZIP_3
------ Round 6 -----------
attempt to ask at 72.75618676654994
ASK_1171  +54.476  sellerZIP_3
BID_282  +0.000  buyerRE_2
BID_281  +0.000  buyerRE_3
BID_280  +0.000  buyerZIC_3
ASK_1163  +55.851  sellerGD_4
------ Round 7 -----------
attempt to ask at 66.75618676654994
ASK_1163  +55.851  sellerGD_4
BID_281  +0.000  buyerRE_3
ASK_1171  +54.476  sellerZIP_3
BID_280  +0.000  buyerZIC_3
BID_282  +0.000  buyerRE_2
------ Round 8 -----------
attempt to ask at 86.75618676654994
BID_280  +0.000  buyerZIC_3
ASK_1163  +55.851  sellerGD_4
BID_282  +0.000  buyerRE_2
ASK_1171  +54.476  sellerZIP_3
BID_281  +0.000  buyerRE_3
------ Round 9 -----------
attempt to ask at 63.756186766549945
ASK_1163  +55.851  sellerGD_4
ASK_1171  +54.476  sellerZIP_3
BID_282  +0.000  buyerRE_2
BID_281  +0.000  buyerRE_3
BID_280  +0.000  buyerZIC_3
**** Day 13 ]]]]]]]]]]]]]]]]]
**** Day 14 [[[[[[[[[[[[[[[[[
private value: 130.48232980072498
------ Round 0 -----------
attempt to ask at 214.48232980072498
ASK_1256  +120.967  sellerZIC_0
ASK_1257  +170.798  sellerRE_4
BID_283  +0.000  buyerRE_2
ASK_1260  +80.283  sellerZIP_4
BID_284  +0.000  buyerZIC_3
BID_285  +0.000  buyerRE_1
ASK_1261  +84.670  sellerZIP_3
BID_286  +0.000  buyerZIC_1
ASK_1267  +75.324  sellerZIC_1
------ Round 1 -----------
attempt to ask at 214.48232980072498
BID_285  +0.000  buyerRE_1
BID_284  +0.000  buyerZIC_3
BID_286  +0.000  buyerZIC_1
ASK_1260  +80.283  sellerZIP_4
BID_283  +0.000  buyerRE_2
------ Round 2 -----------
attempt to ask at 156.48232980072498
BID_284  +0.000  buyerZIC_3
BID_285  +0.000  buyerRE_1
BID_286  +0.000  buyerZIC_1
BID_283  +0.000  buyerRE_2
ASK_1260  +80.283  sellerZIP_4
------ Round 3 -----------
attempt to ask at 175.48232980072498
BID_285  +0.000  buyerRE_1
ASK_1260  +80.283  sellerZIP_4
BID_286  +0.000  buyerZIC_1
BID_284  +0.000  buyerZIC_3
ASK_1267  +59.874  sellerZIC_1
BID_283  +0.000  buyerRE_2
------ Round 4 -----------
attempt to ask at 144.48232980072498
BID_285  +0.000  buyerRE_1
BID_286  +0.000  buyerZIC_1
BID_283  +0.000  buyerRE_2
ASK_1260  +80.283  sellerZIP_4
BID_284  +0.000  buyerZIC_3
------ Round 5 -----------
attempt to ask at 172.48232980072498
BID_286  +0.000  buyerZIC_1
ASK_1260  +80.283  sellerZIP_4
BID_285  +0.000  buyerRE_1
BID_283  +0.000  buyerRE_2
BID_284  +0.000  buyerZIC_3
------ Round 6 -----------
attempt to ask at 149.48232980072498
ASK_1260  +80.283  sellerZIP_4
BID_285  +0.000  buyerRE_1
BID_284  +0.000  buyerZIC_3
BID_283  +0.000  buyerRE_2
BID_286  +0.000  buyerZIC_1
------ Round 7 -----------
attempt to ask at 174.48232980072498
BID_286  +0.000  buyerZIC_1
BID_285  +0.000  buyerRE_1
BID_284  +0.000  buyerZIC_3
BID_283  +0.000  buyerRE_2
ASK_1267  +59.704  sellerZIC_1
ASK_1260  +80.283  sellerZIP_4
------ Round 8 -----------
attempt to ask at 177.48232980072498
BID_284  +0.000  buyerZIC_3
BID_286  +0.000  buyerZIC_1
BID_285  +0.000  buyerRE_1
BID_283  +0.000  buyerRE_2
ASK_1267  +53.820  sellerZIC_1
ASK_1260  +80.283  sellerZIP_4
------ Round 9 -----------
attempt to ask at 180.48232980072498
BID_284  +0.000  buyerZIC_3
BID_285  +0.000  buyerRE_1
BID_286  +0.000  buyerZIC_1
ASK_1260  +80.283  sellerZIP_4
BID_283  +0.000  buyerRE_2
**** Day 14 ]]]]]]]]]]]]]]]]]
**** Day 15 [[[[[[[[[[[[[[[[[
private value: 149.96442887932062
------ Round 0 -----------
attempt to ask at 201.96442887932062
BID_287  +0.000  buyerZIC_1
BID_288  +0.000  buyerRE_3
ASK_1331  +112.666  sellerZIC_3
ASK_1332  +66.847  sellerGD_3
BID_289  +0.000  buyerRE_1
BID_290  +0.000  buyerRE_4
BID_291  +0.000  buyerZIC_2
------ Round 1 -----------
attempt to ask at 219.96442887932062
ASK_1346  +61.667  sellerRE_2
BID_290  +0.000  buyerRE_4
BID_289  +0.000  buyerRE_1
BID_291  +0.000  buyerZIC_2
BID_287  +0.000  buyerZIC_1
BID_288  +0.000  buyerRE_3
------ Round 2 -----------
attempt to ask at 213.96442887932062
BID_289  +0.000  buyerRE_1
BID_290  +0.000  buyerRE_4
BID_291  +0.000  buyerZIC_2
ASK_1331  +90.327  sellerZIC_3
BID_287  +0.000  buyerZIC_1
BID_288  +0.000  buyerRE_3
------ Round 3 -----------
attempt to ask at 176.96442887932062
BID_291  +0.000  buyerZIC_2
BID_287  +0.000  buyerZIC_1
BID_288  +0.000  buyerRE_3
BID_290  +0.000  buyerRE_4
BID_289  +0.000  buyerRE_1
------ Round 4 -----------
attempt to ask at 181.96442887932062
BID_290  +0.000  buyerRE_4
BID_289  +0.000  buyerRE_1
BID_291  +0.000  buyerZIC_2
BID_287  +0.000  buyerZIC_1
BID_288  +0.000  buyerRE_3
------ Round 5 -----------
attempt to ask at 230.96442887932062
BID_290  +0.000  buyerRE_4
BID_287  +0.000  buyerZIC_1
BID_289  +0.000  buyerRE_1
BID_291  +0.000  buyerZIC_2
BID_288  +0.000  buyerRE_3
------ Round 6 -----------
attempt to ask at 154.96442887932062
BID_288  +0.000  buyerRE_3
BID_287  +0.000  buyerZIC_1
BID_289  +0.000  buyerRE_1
BID_290  +0.000  buyerRE_4
BID_291  +0.000  buyerZIC_2
------ Round 7 -----------
attempt to ask at 218.96442887932062
BID_287  +0.000  buyerZIC_1
BID_291  +0.000  buyerZIC_2
BID_288  +0.000  buyerRE_3
BID_289  +0.000  buyerRE_1
BID_290  +0.000  buyerRE_4
------ Round 8 -----------
attempt to ask at 191.96442887932062
BID_290  +0.000  buyerRE_4
BID_287  +0.000  buyerZIC_1
BID_291  +0.000  buyerZIC_2
BID_288  +0.000  buyerRE_3
BID_289  +0.000  buyerRE_1
------ Round 9 -----------
attempt to ask at 155.96442887932062
BID_290  +0.000  buyerRE_4
BID_291  +0.000  buyerZIC_2
BID_287  +0.000  buyerZIC_1
BID_289  +0.000  buyerRE_1
BID_288  +0.000  buyerRE_3
**** Day 15 ]]]]]]]]]]]]]]]]]
**** Day 16 [[[[[[[[[[[[[[[[[
private value: 95.3549592057243
------ Round 0 -----------
attempt to ask at 111.3549592057243
ASK_1425  +120.129  sellerZIC_2
ASK_1426  +92.749  sellerZIP_3
BID_292  +0.000  buyerRE_3
ASK_1429  +75.835  sellerZIP_2
BID_293  +0.000  buyerRE_0
BID_294  +0.000  buyerZIC_1
ASK_1434  +74.120  sellerRE_3
BID_295  +0.000  buyerZIC_2
ASK_1438  +66.847  sellerGD_3
------ Round 1 -----------
attempt to ask at 186.3549592057243
BID_292  +0.000  buyerRE_3
ASK_1426  +92.749  sellerZIP_3
BID_293  +0.000  buyerRE_0
BID_294  +0.000  buyerZIC_1
ASK_1438  +66.847  sellerGD_3
BID_295  +0.000  buyerZIC_2
------ Round 2 -----------
attempt to ask at 98.3549592057243
BID_295  +0.000  buyerZIC_2
BID_294  +0.000  buyerZIC_1
BID_292  +0.000  buyerRE_3
ASK_1438  +66.847  sellerGD_3
ASK_1426  +92.749  sellerZIP_3
BID_293  +0.000  buyerRE_0
------ Round 3 -----------
attempt to ask at 133.3549592057243
BID_293  +0.000  buyerRE_0
ASK_1426  +92.749  sellerZIP_3
BID_294  +0.000  buyerZIC_1
ASK_1434  +63.120  sellerRE_3
BID_292  +0.000  buyerRE_3
BID_295  +0.000  buyerZIC_2
------ Round 4 -----------
attempt to ask at 181.3549592057243
BID_293  +0.000  buyerRE_0
BID_294  +0.000  buyerZIC_1
BID_295  +0.000  buyerZIC_2
ASK_1426  +92.749  sellerZIP_3
ASK_1472  +60.238  sellerZIP_0
BID_292  +0.000  buyerRE_3
------ Round 5 -----------
attempt to ask at 113.3549592057243
BID_293  +0.000  buyerRE_0
ASK_1472  +60.238  sellerZIP_0
BID_295  +0.000  buyerZIC_2
ASK_1426  +92.749  sellerZIP_3
BID_292  +0.000  buyerRE_3
BID_294  +0.000  buyerZIC_1
------ Round 6 -----------
attempt to ask at 151.3549592057243
BID_292  +0.000  buyerRE_3
BID_293  +0.000  buyerRE_0
ASK_1472  +60.238  sellerZIP_0
ASK_1426  +92.749  sellerZIP_3
BID_295  +0.000  buyerZIC_2
BID_294  +0.000  buyerZIC_1
------ Round 7 -----------
attempt to ask at 160.3549592057243
ASK_1472  +60.238  sellerZIP_0
BID_295  +0.000  buyerZIC_2
BID_294  +0.000  buyerZIC_1
ASK_1426  +92.749  sellerZIP_3
BID_293  +0.000  buyerRE_0
BID_292  +0.000  buyerRE_3
------ Round 8 -----------
attempt to ask at 101.3549592057243
BID_293  +0.000  buyerRE_0
BID_292  +0.000  buyerRE_3
BID_295  +0.000  buyerZIC_2
ASK_1426  +92.749  sellerZIP_3
BID_294  +0.000  buyerZIC_1
ASK_1472  +60.238  sellerZIP_0
------ Round 9 -----------
attempt to ask at 131.3549592057243
BID_294  +0.679  buyerZIC_1
ASK_1434  +54.120  sellerRE_3
ASK_1426  +92.749  sellerZIP_3
BID_293  +0.000  buyerRE_0
**** Day 16 ]]]]]]]]]]]]]]]]]
**** Day 17 [[[[[[[[[[[[[[[[[
private value: 142.45573310181499
------ Round 0 -----------
attempt to ask at 176.45573310181499
ASK_1515  +70.411  sellerGD_2
BID_296  +0.000  buyerZIC_2
ASK_1516  +70.241  sellerZIP_2
BID_297  +0.000  buyerRE_0
BID_298  +0.000  buyerRE_4
BID_299  +0.000  buyerRE_2
ASK_1520  +57.324  sellerZIC_3
BID_300  +0.000  buyerZIC_3
BID_301  +0.389  buyerZIP_4
ASK_1526  +65.804  sellerGD_3
BID_302  +0.000  buyerRE_1
------ Round 1 -----------
attempt to ask at 165.45573310181499
BID_296  +0.000  buyerZIC_2
BID_297  +0.000  buyerRE_0
BID_302  +0.000  buyerRE_1
BID_300  +0.000  buyerZIC_3
BID_301  +0.389  buyerZIP_4
ASK_1526  +65.804  sellerGD_3
------ Round 2 -----------
attempt to ask at 237.45573310181499
BID_297  +0.000  buyerRE_0
BID_300  +0.000  buyerZIC_3
ASK_1526  +65.804  sellerGD_3
BID_302  +0.000  buyerRE_1
BID_301  +0.389  buyerZIP_4
BID_296  +0.000  buyerZIC_2
------ Round 3 -----------
attempt to ask at 189.45573310181499
BID_301  +0.389  buyerZIP_4
ASK_1526  +59.598  sellerGD_3
BID_300  +0.000  buyerZIC_3
BID_302  +0.000  buyerRE_1
BID_297  +0.000  buyerRE_0
BID_296  +0.000  buyerZIC_2
------ Round 4 -----------
attempt to ask at 232.45573310181499
ASK_1526  +58.984  sellerGD_3
BID_297  +0.000  buyerRE_0
BID_302  +0.000  buyerRE_1
BID_296  +0.000  buyerZIC_2
BID_301  +0.389  buyerZIP_4
BID_300  +0.000  buyerZIC_3
------ Round 5 -----------
attempt to ask at 240.45573310181499
ASK_1526  +58.830  sellerGD_3
BID_302  +0.000  buyerRE_1
BID_297  +0.000  buyerRE_0
BID_296  +0.000  buyerZIC_2
BID_300  +0.000  buyerZIC_3
BID_301  +0.389  buyerZIP_4
------ Round 6 -----------
attempt to ask at 169.45573310181499
BID_300  +0.000  buyerZIC_3
BID_296  +0.000  buyerZIC_2
BID_301  +0.389  buyerZIP_4
BID_302  +0.000  buyerRE_1
BID_297  +0.000  buyerRE_0
ASK_1526  +58.830  sellerGD_3
------ Round 7 -----------
attempt to ask at 203.45573310181499
ASK_1526  +58.610  sellerGD_3
BID_302  +0.000  buyerRE_1
BID_297  +0.000  buyerRE_0
BID_296  +0.000  buyerZIC_2
BID_301  +0.389  buyerZIP_4
BID_300  +0.000  buyerZIC_3
------ Round 8 -----------
attempt to ask at 149.45573310181499
BID_297  +0.000  buyerRE_0
ASK_1526  +58.555  sellerGD_3
BID_296  +0.000  buyerZIC_2
BID_301  +0.389  buyerZIP_4
BID_302  +0.000  buyerRE_1
BID_300  +0.000  buyerZIC_3
------ Round 9 -----------
attempt to ask at 240.45573310181499
BID_302  +0.000  buyerRE_1
BID_297  +0.000  buyerRE_0
BID_301  +0.389  buyerZIP_4
BID_296  +0.000  buyerZIC_2
BID_300  +0.000  buyerZIC_3
ASK_1526  +58.555  sellerGD_3
**** Day 17 ]]]]]]]]]]]]]]]]]
**** Day 18 [[[[[[[[[[[[[[[[[
private value: 116.41424600966275
------ Round 0 -----------
attempt to ask at 196.41424600966275
ASK_1609  +117.320  sellerRE_3
ASK_1610  +92.749  sellerZIP_3
ASK_1611  +82.410  sellerZIC_2
ASK_1612  +86.807  sellerZIC_4
BID_303  +0.000  buyerRE_1
BID_304  +0.000  buyerRE_0
ASK_1617  +76.118  sellerZIP_1
BID_305  +0.000  buyerRE_2
BID_306  +0.771  buyerZIP_4
BID_307  +0.000  buyerZIC_2
------ Round 1 -----------
attempt to ask at 190.41424600966275
BID_307  +0.000  buyerZIC_2
BID_303  +0.000  buyerRE_1
ASK_1610  +71.109  sellerZIP_3
ASK_1612  +59.443  sellerZIC_4
BID_304  +0.000  buyerRE_0
BID_306  +0.771  buyerZIP_4
------ Round 2 -----------
attempt to ask at 129.41424600966275
BID_307  +0.000  buyerZIC_2
ASK_1610  +71.109  sellerZIP_3
BID_304  +0.000  buyerRE_0
BID_306  +0.771  buyerZIP_4
BID_303  +0.000  buyerRE_1
------ Round 3 -----------
attempt to ask at 215.41424600966275
BID_304  +0.000  buyerRE_0
BID_307  +0.000  buyerZIC_2
BID_306  +0.771  buyerZIP_4
ASK_1610  +71.109  sellerZIP_3
ASK_1612  +56.051  sellerZIC_4
BID_303  +0.000  buyerRE_1
------ Round 4 -----------
attempt to ask at 134.41424600966275
BID_307  +0.000  buyerZIC_2
BID_304  +0.000  buyerRE_0
BID_306  +0.771  buyerZIP_4
BID_303  +0.000  buyerRE_1
ASK_1610  +71.109  sellerZIP_3
------ Round 5 -----------
attempt to ask at 137.41424600966275
ASK_1610  +71.109  sellerZIP_3
BID_306  +0.771  buyerZIP_4
BID_307  +0.000  buyerZIC_2
BID_303  +0.000  buyerRE_1
BID_304  +0.000  buyerRE_0
------ Round 6 -----------
attempt to ask at 204.41424600966275
BID_306  +0.771  buyerZIP_4
BID_303  +0.000  buyerRE_1
BID_304  +0.000  buyerRE_0
ASK_1610  +71.109  sellerZIP_3
BID_307  +0.000  buyerZIC_2
------ Round 7 -----------
attempt to ask at 207.41424600966275
BID_307  +0.000  buyerZIC_2
BID_306  +0.771  buyerZIP_4
BID_303  +0.000  buyerRE_1
BID_304  +0.000  buyerRE_0
ASK_1610  +71.109  sellerZIP_3
------ Round 8 -----------
attempt to ask at 179.41424600966275
BID_306  +0.771  buyerZIP_4
BID_304  +0.000  buyerRE_0
BID_303  +0.000  buyerRE_1
ASK_1610  +71.109  sellerZIP_3
BID_307  +0.000  buyerZIC_2
------ Round 9 -----------
attempt to ask at 177.41424600966275
BID_307  +0.000  buyerZIC_2
ASK_1610  +71.109  sellerZIP_3
BID_304  +0.000  buyerRE_0
BID_303  +0.000  buyerRE_1
BID_306  +0.771  buyerZIP_4
**** Day 18 ]]]]]]]]]]]]]]]]]
**** Day 19 [[[[[[[[[[[[[[[[[
private value: 52.855935390107334
------ Round 0 -----------
attempt to ask at 71.85593539010733
BID_308  +0.000  buyerZIC_0
ASK_1684  +137.826  sellerRE_3
ASK_1685  +96.572  sellerZIC_3
BID_309  +0.000  buyerRE_2
ASK_1686  +90.636  sellerZIP_3
BID_310  +0.000  buyerZIC_4
BID_311  +0.000  buyerRE_0
ASK_1689  +71.856  sellerRE_0
ASK_1690  +84.052  sellerZIC_4
ASK_1693  +72.189  sellerGD_1
BID_312  +0.000  buyerZIC_3
------ Round 1 -----------
attempt to ask at 61.855935390107334
BID_308  +0.000  buyerZIC_0
ASK_1693  +72.189  sellerGD_1
BID_310  +0.000  buyerZIC_4
BID_311  +0.000  buyerRE_0
BID_312  +0.000  buyerZIC_3
ASK_1689  +61.856  sellerRE_0
BID_309  +0.000  buyerRE_2
ASK_1700  +52.812  sellerZIC_2
------ Round 2 -----------
attempt to ask at 138.85593539010733
BID_308  +0.000  buyerZIC_0
BID_312  +0.000  buyerZIC_3
BID_309  +0.000  buyerRE_2
BID_310  +0.000  buyerZIC_4
ASK_1693  +72.189  sellerGD_1
BID_311  +0.000  buyerRE_0
------ Round 3 -----------
attempt to ask at 91.85593539010733
BID_312  +0.000  buyerZIC_3
BID_309  +0.000  buyerRE_2
BID_308  +0.000  buyerZIC_0
BID_311  +0.000  buyerRE_0
ASK_1693  +72.189  sellerGD_1
BID_310  +0.000  buyerZIC_4
------ Round 4 -----------
attempt to ask at 132.85593539010733
BID_311  +0.000  buyerRE_0
BID_309  +0.000  buyerRE_2
BID_308  +0.000  buyerZIC_0
BID_312  +0.000  buyerZIC_3
BID_310  +0.000  buyerZIC_4
ASK_1693  +71.520  sellerGD_1
------ Round 5 -----------
attempt to ask at 102.85593539010733
BID_311  +0.000  buyerRE_0
BID_309  +0.000  buyerRE_2
ASK_1693  +71.520  sellerGD_1
BID_308  +0.000  buyerZIC_0
BID_310  +0.000  buyerZIC_4
BID_312  +0.000  buyerZIC_3
------ Round 6 -----------
attempt to ask at 128.85593539010733
BID_311  +0.000  buyerRE_0
BID_310  +0.000  buyerZIC_4
BID_309  +0.000  buyerRE_2
BID_308  +0.000  buyerZIC_0
ASK_1693  +71.520  sellerGD_1
BID_312  +0.000  buyerZIC_3
------ Round 7 -----------
attempt to ask at 91.85593539010733
BID_312  +0.000  buyerZIC_3
BID_311  +0.000  buyerRE_0
BID_309  +0.000  buyerRE_2
BID_308  +0.000  buyerZIC_0
BID_310  +0.000  buyerZIC_4
ASK_1693  +71.387  sellerGD_1
------ Round 8 -----------
attempt to ask at 121.85593539010733
BID_311  +0.000  buyerRE_0
BID_312  +0.000  buyerZIC_3
BID_310  +0.000  buyerZIC_4
ASK_1693  +71.353  sellerGD_1
BID_308  +0.000  buyerZIC_0
BID_309  +0.000  buyerRE_2
------ Round 9 -----------
attempt to ask at 73.85593539010733
ASK_1693  +70.550  sellerGD_1
BID_312  +0.000  buyerZIC_3
BID_309  +0.000  buyerRE_2
BID_310  +0.000  buyerZIC_4
BID_311  +0.000  buyerRE_0
BID_308  +0.000  buyerZIC_0
**** Day 19 ]]]]]]]]]]]]]]]]]
