**************************************************************
checked in
**** Day 0 [[[[[[[[[[[[[[[[[
private value: 61.220394494012
------ Round 0 -----------
attempt to ask at 74.2080530966632
BID_0  +43.261  buyerZIC_4
ASK_0  +148.723  sellerZIP_0
ASK_1  +205.724  sellerRE_0
ASK_3  +165.405  sellerGD_2
ASK_4  +110.823  sellerZIP_4
ASK_5  +108.589  sellerZIC_4
BID_3  +37.000  buyerGD_0
ASK_6  +108.265  sellerGD_3
ASK_8  +74.208  sellerZIC_2
ASK_11  +92.744  sellerZIC_1
BID_6  +54.000  buyerGD_4
BID_9  +58.830  buyerZIP_2
ASK_14  +87.983  sellerZIP_1
BID_13  +68.289  buyerZIP_3
BID_15  +73.702  buyerRE_1
BID_19  +71.938  buyerZIP_4
------ Round 1 -----------
attempt to ask at 67.54577577812597
ASK_20  +83.395  sellerGD_1
BID_6  +74.208  buyerGD_4
ASK_6  +74.702  sellerGD_3
ASK_8  +67.546  sellerZIC_2
ASK_26  +72.994  sellerZIP_2
BID_19  +71.938  buyerZIP_4
TRANSACTION_0  +72.466  {buyerGD_4.BID_6: +74.208, sellerZIC_2.ASK_8: +67.546)
------ Round 2 -----------
attempt to ask at 78.26465740799904
BID_30  +74.208  buyerGD_4
BID_13  +77.062  buyerZIP_3
ASK_26  +66.847  sellerZIP_2
ASK_6  +73.702  sellerGD_3
TRANSACTION_1  +73.702  {buyerRE_1.BID_15: +73.702, sellerGD_3.ASK_6: +73.702)
BID_19  +75.235  buyerZIP_4
TRANSACTION_2  +76.149  {buyerZIP_3.BID_13: +77.062, sellerZIP_2.ASK_26: +66.847)
------ Round 3 -----------
attempt to ask at 85.19330384442583
ASK_39  +73.702  sellerGD_3
ASK_40  +104.967  sellerGD_0
ASK_43  +66.847  sellerZIP_2
BID_19  +79.162  buyerZIP_4
BID_47  +77.062  buyerZIP_3
BID_9  +74.568  buyerZIP_2
TRANSACTION_3  +74.135  {buyerZIP_2.BID_9: +74.568, sellerGD_3.ASK_39: +73.702)
ASK_14  +75.775  sellerZIP_1
TRANSACTION_4  +78.112  {buyerZIP_4.BID_19: +79.162, sellerZIP_2.ASK_43: +66.847)
------ Round 4 -----------
attempt to ask at 108.91501851147041
BID_53  +74.568  buyerZIP_2
BID_47  +82.238  buyerZIP_3
ASK_14  +75.775  sellerZIP_1
ASK_11  +74.426  sellerZIC_1
TRANSACTION_5  +74.497  {buyerZIP_2.BID_53: +74.568, sellerZIC_1.ASK_11: +74.426)
ASK_40  +103.767  sellerGD_0
ASK_57  +66.847  sellerZIP_2
ASK_58  +73.702  sellerGD_3
TRANSACTION_6  +78.223  {buyerZIP_3.BID_47: +82.238, sellerZIP_2.ASK_57: +66.847)
------ Round 5 -----------
attempt to ask at 68.08129434939474
BID_67  +76.606  buyerZIP_3
ASK_61  +89.858  sellerGD_4
BID_69  +77.156  buyerZIP_4
ASK_62  +72.838  sellerZIC_1
BID_77  +72.328  buyerZIP_2
ASK_68  +68.081  sellerZIC_2
TRANSACTION_7  +76.881  {buyerZIP_4.BID_69: +77.156, sellerZIC_2.ASK_68: +68.081)
------ Round 6 -----------
attempt to ask at 82.044308190234
BID_77  +72.328  buyerZIP_2
ASK_58  +72.328  sellerGD_3
TRANSACTION_8  +72.328  {buyerZIP_2.BID_77: +72.328, sellerGD_3.ASK_58: +72.328)
ASK_61  +84.238  sellerGD_4
ASK_14  +68.983  sellerZIP_1
ASK_72  +82.044  sellerZIC_2
BID_0  +45.268  buyerZIC_4
------ Round 7 -----------
attempt to ask at 69.63895781664178
BID_100  +57.626  buyerRE_3
BID_0  +60.035  buyerZIC_4
ASK_72  +69.639  sellerZIC_2
TRANSACTION_9  +75.407  {buyerZIP_3.BID_67: +76.606, sellerZIC_2.ASK_72: +69.639)
------ Round 8 -----------
BID_30  +74.208  buyerGD_4
ASK_61  +82.638  sellerGD_4
------ Round 9 -----------
ASK_61  +82.238  sellerGD_4
BID_30  +74.208  buyerGD_4
**** Day 0 ]]]]]]]]]]]]]]]]]
**** Day 1 [[[[[[[[[[[[[[[[[
private value: 139.39796350896358
------ Round 0 -----------
attempt to ask at 156.55619795434177
ASK_99  +103.189  sellerRE_4
ASK_100  +79.162  sellerGD_4
BID_130  +0.000  buyerRE_3
ASK_101  +169.093  sellerRE_2
ASK_103  +83.408  sellerRE_1
BID_131  +0.000  buyerRE_0
BID_132  +0.691  buyerZIP_3
ASK_104  +72.328  sellerGD_3
ASK_105  +77.475  sellerZIP_1
ASK_113  +72.328  sellerGD_1
ASK_114  +64.502  sellerZIC_0
BID_137  +0.000  buyerRE_1
BID_138  +2.683  buyerZIP_2
------ Round 1 -----------
attempt to ask at 173.81849205121398
BID_132  +0.691  buyerZIP_3
ASK_104  +72.328  sellerGD_3
BID_130  +0.856  buyerRE_3
BID_138  +2.683  buyerZIP_2
------ Round 2 -----------
attempt to ask at 152.56184017052874
ASK_100  +70.177  sellerGD_4
BID_138  +2.683  buyerZIP_2
------ Round 3 -----------
attempt to ask at 141.8183240108192
BID_138  +2.683  buyerZIP_2
ASK_100  +69.639  sellerGD_4
------ Round 4 -----------
attempt to ask at 154.1068729478866
ASK_114  +64.058  sellerZIC_0
ASK_100  +68.393  sellerGD_4
BID_138  +2.683  buyerZIP_2
------ Round 5 -----------
attempt to ask at 147.64383195433766
ASK_100  +68.081  sellerGD_4
BID_138  +2.683  buyerZIP_2
------ Round 6 -----------
attempt to ask at 140.31458294484764
ASK_114  +63.108  sellerZIC_0
BID_138  +2.683  buyerZIP_2
ASK_100  +67.094  sellerGD_4
------ Round 7 -----------
attempt to ask at 145.74920145096257
BID_138  +2.683  buyerZIP_2
ASK_100  +66.847  sellerGD_4
------ Round 8 -----------
attempt to ask at 186.1640729359351
ASK_100  +66.847  sellerGD_4
BID_138  +2.683  buyerZIP_2
------ Round 9 -----------
attempt to ask at 187.2350453864783
ASK_100  +66.847  sellerGD_4
ASK_114  +62.090  sellerZIC_0
BID_138  +2.683  buyerZIP_2
**** Day 1 ]]]]]]]]]]]]]]]]]
**** Day 2 [[[[[[[[[[[[[[[[[
private value: 60.03688536584377
------ Round 0 -----------
attempt to ask at 70.40729193249717
BID_175  +0.000  buyerRE_1
ASK_207  +130.653  sellerZIP_0
ASK_208  +144.537  sellerRE_0
ASK_209  +110.882  sellerZIC_0
BID_176  +0.000  buyerRE_4
ASK_210  +130.505  sellerRE_4
ASK_212  +67.791  sellerZIC_3
BID_177  +0.000  buyerZIC_4
BID_178  +0.000  buyerRE_0
BID_179  +0.000  buyerZIC_3
BID_180  +0.000  buyerRE_3
------ Round 1 -----------
attempt to ask at 66.94892258383334
BID_176  +0.000  buyerRE_4
ASK_209  +72.189  sellerZIC_0
BID_180  +0.000  buyerRE_3
BID_179  +0.000  buyerZIC_3
BID_177  +0.000  buyerZIC_4
BID_178  +0.000  buyerRE_0
ASK_225  +66.949  sellerZIC_2
BID_175  +0.000  buyerRE_1
------ Round 2 -----------
attempt to ask at 71.57101698685437
ASK_212  +57.884  sellerZIC_3
BID_180  +0.000  buyerRE_3
BID_176  +0.000  buyerRE_4
BID_175  +0.000  buyerRE_1
BID_177  +0.000  buyerZIC_4
BID_178  +0.000  buyerRE_0
BID_179  +0.000  buyerZIC_3
------ Round 3 -----------
attempt to ask at 102.10821491200477
BID_178  +0.000  buyerRE_0
BID_176  +0.000  buyerRE_4
BID_175  +0.000  buyerRE_1
BID_179  +0.000  buyerZIC_3
BID_180  +0.000  buyerRE_3
BID_177  +0.000  buyerZIC_4
------ Round 4 -----------
attempt to ask at 104.25903695868328
BID_179  +0.000  buyerZIC_3
BID_177  +0.000  buyerZIC_4
BID_176  +0.000  buyerRE_4
BID_175  +0.000  buyerRE_1
BID_180  +0.000  buyerRE_3
BID_178  +0.000  buyerRE_0
------ Round 5 -----------
attempt to ask at 104.28160747978836
BID_176  +0.000  buyerRE_4
BID_178  +0.000  buyerRE_0
BID_175  +0.000  buyerRE_1
BID_177  +0.000  buyerZIC_4
BID_180  +0.000  buyerRE_3
BID_179  +0.000  buyerZIC_3
------ Round 6 -----------
attempt to ask at 106.17656852118671
BID_178  +0.000  buyerRE_0
BID_176  +0.000  buyerRE_4
BID_175  +0.000  buyerRE_1
BID_180  +0.000  buyerRE_3
BID_179  +0.000  buyerZIC_3
BID_177  +0.000  buyerZIC_4
------ Round 7 -----------
attempt to ask at 82.14525083312765
BID_177  +0.000  buyerZIC_4
BID_178  +0.000  buyerRE_0
BID_179  +0.000  buyerZIC_3
BID_176  +0.000  buyerRE_4
BID_180  +0.000  buyerRE_3
BID_175  +0.000  buyerRE_1
------ Round 8 -----------
attempt to ask at 66.05024919845164
BID_175  +0.000  buyerRE_1
BID_179  +0.000  buyerZIC_3
BID_177  +0.000  buyerZIC_4
BID_176  +0.000  buyerRE_4
BID_180  +0.000  buyerRE_3
BID_178  +0.000  buyerRE_0
------ Round 9 -----------
attempt to ask at 103.25896268477663
BID_175  +0.000  buyerRE_1
BID_178  +0.000  buyerRE_0
BID_179  +0.521  buyerZIC_3
BID_176  +0.000  buyerRE_4
ASK_212  +56.926  sellerZIC_3
BID_177  +0.000  buyerZIC_4
BID_180  +0.000  buyerRE_3
**** Day 2 ]]]]]]]]]]]]]]]]]
**** Day 3 [[[[[[[[[[[[[[[[[
private value: 79.37721621710807
------ Round 0 -----------
attempt to ask at 117.79116365360096
BID_181  +0.000  buyerRE_3
ASK_274  +76.118  sellerZIP_1
BID_182  +0.000  buyerZIC_3
ASK_276  +103.224  sellerZIC_4
BID_183  +0.000  buyerRE_2
BID_184  +0.000  buyerRE_1
BID_185  +0.000  buyerRE_0
ASK_287  +72.328  sellerGD_1
BID_186  +0.000  buyerZIC_4
------ Round 1 -----------
attempt to ask at 80.04770521074533
BID_184  +0.000  buyerRE_1
BID_182  +0.000  buyerZIC_3
ASK_274  +76.118  sellerZIP_1
BID_181  +0.000  buyerRE_3
BID_186  +0.000  buyerZIC_4
BID_185  +0.000  buyerRE_0
BID_183  +0.000  buyerRE_2
ASK_287  +72.328  sellerGD_1
------ Round 2 -----------
attempt to ask at 125.13834377750754
BID_183  +0.000  buyerRE_2
BID_182  +0.000  buyerZIC_3
BID_186  +0.000  buyerZIC_4
ASK_274  +76.118  sellerZIP_1
BID_181  +0.000  buyerRE_3
ASK_287  +72.328  sellerGD_1
BID_184  +0.000  buyerRE_1
BID_185  +0.000  buyerRE_0
------ Round 3 -----------
attempt to ask at 82.81196370953694
BID_185  +0.000  buyerRE_0
ASK_287  +72.328  sellerGD_1
BID_181  +0.000  buyerRE_3
BID_183  +0.000  buyerRE_2
BID_186  +0.000  buyerZIC_4
BID_182  +0.000  buyerZIC_3
ASK_274  +76.118  sellerZIP_1
BID_184  +0.000  buyerRE_1
------ Round 4 -----------
attempt to ask at 106.2779416446574
BID_183  +0.000  buyerRE_2
BID_181  +0.000  buyerRE_3
BID_185  +0.000  buyerRE_0
BID_184  +0.000  buyerRE_1
BID_182  +0.000  buyerZIC_3
ASK_274  +76.118  sellerZIP_1
ASK_287  +72.328  sellerGD_1
BID_186  +0.000  buyerZIC_4
------ Round 5 -----------
attempt to ask at 109.96460649184883
BID_186  +0.000  buyerZIC_4
BID_182  +0.000  buyerZIC_3
BID_184  +0.000  buyerRE_1
ASK_274  +76.118  sellerZIP_1
BID_183  +0.000  buyerRE_2
BID_181  +0.000  buyerRE_3
ASK_287  +72.328  sellerGD_1
BID_185  +0.000  buyerRE_0
------ Round 6 -----------
attempt to ask at 87.80676051974297
ASK_276  +61.891  sellerZIC_4
BID_181  +0.000  buyerRE_3
BID_182  +0.000  buyerZIC_3
BID_184  +0.000  buyerRE_1
BID_186  +0.000  buyerZIC_4
BID_185  +0.000  buyerRE_0
ASK_274  +76.118  sellerZIP_1
BID_183  +0.000  buyerRE_2
------ Round 7 -----------
attempt to ask at 127.63506930787116
BID_185  +0.000  buyerRE_0
BID_182  +0.000  buyerZIC_3
BID_181  +0.000  buyerRE_3
ASK_274  +76.118  sellerZIP_1
BID_184  +0.000  buyerRE_1
BID_186  +0.000  buyerZIC_4
BID_183  +0.000  buyerRE_2
------ Round 8 -----------
attempt to ask at 79.85190319595858
BID_181  +0.000  buyerRE_3
ASK_274  +76.118  sellerZIP_1
BID_182  +0.000  buyerZIC_3
BID_184  +0.000  buyerRE_1
BID_183  +0.000  buyerRE_2
BID_185  +0.000  buyerRE_0
ASK_276  +56.090  sellerZIC_4
BID_186  +0.000  buyerZIC_4
------ Round 9 -----------
attempt to ask at 101.51052973233163
BID_184  +0.000  buyerRE_1
BID_185  +0.000  buyerRE_0
ASK_274  +76.118  sellerZIP_1
BID_186  +0.000  buyerZIC_4
BID_182  +0.000  buyerZIC_3
BID_183  +0.000  buyerRE_2
BID_181  +0.000  buyerRE_3
**** Day 3 ]]]]]]]]]]]]]]]]]
**** Day 4 [[[[[[[[[[[[[[[[[
private value: 134.71302294638008
------ Round 0 -----------
attempt to ask at 169.44650078658015
BID_187  +0.000  buyerZIC_2
BID_188  +0.000  buyerRE_4
ASK_387  +84.411  sellerRE_4
ASK_388  +141.590  sellerZIC_0
BID_189  +0.000  buyerRE_0
ASK_389  +130.653  sellerZIP_0
BID_190  +0.000  buyerZIC_0
ASK_391  +66.847  sellerGD_3
ASK_396  +80.283  sellerZIP_4
------ Round 1 -----------
attempt to ask at 152.08674567984417
BID_190  +0.000  buyerZIC_0
ASK_391  +66.847  sellerGD_3
BID_189  +0.000  buyerRE_0
ASK_396  +80.283  sellerZIP_4
BID_188  +0.000  buyerRE_4
BID_187  +0.000  buyerZIC_2
------ Round 2 -----------
attempt to ask at 159.8375448724255
ASK_391  +66.847  sellerGD_3
BID_189  +0.000  buyerRE_0
ASK_396  +80.283  sellerZIP_4
BID_187  +0.000  buyerZIC_2
BID_190  +0.000  buyerZIC_0
BID_188  +0.000  buyerRE_4
ASK_418  +60.926  sellerZIP_3
------ Round 3 -----------
attempt to ask at 176.56664067180827
BID_189  +0.000  buyerRE_0
BID_190  +0.000  buyerZIC_0
BID_187  +0.000  buyerZIC_2
ASK_396  +80.283  sellerZIP_4
ASK_418  +60.926  sellerZIP_3
BID_188  +0.000  buyerRE_4
------ Round 4 -----------
attempt to ask at 168.60449124360457
BID_188  +0.000  buyerRE_4
BID_187  +0.000  buyerZIC_2
BID_190  +0.000  buyerZIC_0
BID_189  +0.000  buyerRE_0
ASK_396  +80.283  sellerZIP_4
ASK_418  +60.926  sellerZIP_3
------ Round 5 -----------
attempt to ask at 135.93774237670004
ASK_418  +60.926  sellerZIP_3
BID_190  +0.000  buyerZIC_0
BID_188  +0.000  buyerRE_4
BID_189  +0.000  buyerRE_0
BID_187  +0.000  buyerZIC_2
ASK_396  +80.283  sellerZIP_4
------ Round 6 -----------
attempt to ask at 143.16951186629012
ASK_387  +70.411  sellerRE_4
ASK_418  +60.926  sellerZIP_3
BID_188  +0.000  buyerRE_4
BID_189  +0.000  buyerRE_0
BID_187  +0.000  buyerZIC_2
BID_190  +0.000  buyerZIC_0
------ Round 7 -----------
attempt to ask at 147.1404863637872
BID_189  +0.000  buyerRE_0
BID_188  +0.000  buyerRE_4
ASK_418  +60.926  sellerZIP_3
BID_190  +0.000  buyerZIC_0
BID_187  +0.000  buyerZIC_2
------ Round 8 -----------
attempt to ask at 138.3994527393952
BID_189  +0.000  buyerRE_0
BID_190  +0.000  buyerZIC_0
BID_188  +0.000  buyerRE_4
BID_187  +0.000  buyerZIC_2
ASK_418  +60.926  sellerZIP_3
------ Round 9 -----------
attempt to ask at 176.14433463895693
BID_190  +0.000  buyerZIC_0
BID_187  +0.000  buyerZIC_2
ASK_418  +60.926  sellerZIP_3
BID_189  +0.000  buyerRE_0
BID_188  +0.000  buyerRE_4
**** Day 4 ]]]]]]]]]]]]]]]]]
**** Day 5 [[[[[[[[[[[[[[[[[
private value: 57.75176042225212
------ Round 0 -----------
attempt to ask at 71.35321162641048
BID_191  +0.000  buyerRE_0
ASK_475  +173.331  sellerRE_0
BID_192  +0.000  buyerZIC_3
ASK_476  +82.090  sellerZIP_3
ASK_477  +139.963  sellerRE_3
ASK_478  +130.653  sellerZIP_0
BID_193  +0.000  buyerZIC_4
ASK_482  +71.353  sellerZIC_2
BID_194  +0.000  buyerRE_2
BID_195  +0.000  buyerZIC_2
BID_196  +0.000  buyerZIC_0
------ Round 1 -----------
attempt to ask at 101.50209106504917
BID_193  +0.000  buyerZIC_4
ASK_476  +82.090  sellerZIP_3
BID_196  +0.000  buyerZIC_0
BID_192  +0.000  buyerZIC_3
BID_191  +0.000  buyerRE_0
BID_194  +0.000  buyerRE_2
BID_195  +0.000  buyerZIC_2
------ Round 2 -----------
attempt to ask at 67.72322441684082
BID_192  +0.000  buyerZIC_3
BID_195  +0.000  buyerZIC_2
BID_196  +0.000  buyerZIC_0
BID_191  +0.000  buyerRE_0
ASK_482  +67.723  sellerZIC_2
ASK_476  +82.090  sellerZIP_3
BID_193  +0.000  buyerZIC_4
BID_194  +0.000  buyerRE_2
------ Round 3 -----------
attempt to ask at 107.04624567879364
ASK_476  +82.090  sellerZIP_3
BID_195  +0.000  buyerZIC_2
BID_193  +0.000  buyerZIC_4
BID_194  +0.000  buyerRE_2
BID_196  +0.000  buyerZIC_0
BID_192  +0.000  buyerZIC_3
BID_191  +0.000  buyerRE_0
------ Round 4 -----------
attempt to ask at 85.45515778241679
BID_194  +0.000  buyerRE_2
BID_191  +0.000  buyerRE_0
BID_192  +0.000  buyerZIC_3
ASK_478  +61.918  sellerZIP_0
BID_195  +0.000  buyerZIC_2
BID_196  +0.000  buyerZIC_0
ASK_476  +82.090  sellerZIP_3
BID_193  +0.000  buyerZIC_4
------ Round 5 -----------
attempt to ask at 75.25067353853956
ASK_476  +82.090  sellerZIP_3
BID_196  +0.000  buyerZIC_0
BID_192  +0.000  buyerZIC_3
BID_194  +0.000  buyerRE_2
BID_191  +0.000  buyerRE_0
BID_195  +0.000  buyerZIC_2
ASK_478  +61.918  sellerZIP_0
BID_193  +0.000  buyerZIC_4
------ Round 6 -----------
attempt to ask at 67.35754733672366
BID_192  +0.000  buyerZIC_3
ASK_478  +61.918  sellerZIP_0
BID_191  +0.000  buyerRE_0
BID_194  +0.000  buyerRE_2
ASK_476  +82.090  sellerZIP_3
BID_193  +0.000  buyerZIC_4
BID_195  +0.000  buyerZIC_2
BID_196  +0.000  buyerZIC_0
------ Round 7 -----------
attempt to ask at 95.84594616899267
BID_194  +0.000  buyerRE_2
BID_196  +0.000  buyerZIC_0
BID_195  +0.000  buyerZIC_2
BID_193  +0.000  buyerZIC_4
BID_192  +0.000  buyerZIC_3
ASK_478  +61.918  sellerZIP_0
BID_191  +0.000  buyerRE_0
ASK_476  +82.090  sellerZIP_3
------ Round 8 -----------
attempt to ask at 65.41960829636082
BID_192  +0.000  buyerZIC_3
BID_193  +0.000  buyerZIC_4
BID_191  +0.000  buyerRE_0
ASK_476  +82.090  sellerZIP_3
BID_195  +0.000  buyerZIC_2
ASK_478  +61.918  sellerZIP_0
BID_194  +0.000  buyerRE_2
BID_196  +0.000  buyerZIC_0
------ Round 9 -----------
attempt to ask at 103.23137157829478
ASK_478  +61.918  sellerZIP_0
BID_196  +0.000  buyerZIC_0
BID_194  +0.000  buyerRE_2
BID_195  +0.000  buyerZIC_2
BID_193  +0.000  buyerZIC_4
ASK_476  +82.090  sellerZIP_3
BID_191  +0.000  buyerRE_0
BID_192  +0.000  buyerZIC_3
**** Day 5 ]]]]]]]]]]]]]]]]]
**** Day 6 [[[[[[[[[[[[[[[[[
private value: 91.53297268785536
------ Round 0 -----------
attempt to ask at 137.84815365215763
BID_197  +0.000  buyerRE_2
BID_198  +0.000  buyerZIC_2
ASK_560  +142.635  sellerZIC_3
ASK_561  +137.848  sellerZIC_2
ASK_562  +79.336  sellerZIC_1
BID_199  +0.000  buyerZIC_3
BID_200  +0.000  buyerZIC_0
ASK_567  +116.746  sellerRE_3
ASK_571  +93.900  sellerRE_2
------ Round 1 -----------
attempt to ask at 103.92566008958966
BID_199  +0.000  buyerZIC_3
BID_198  +0.000  buyerZIC_2
BID_200  +0.000  buyerZIC_0
BID_197  +0.000  buyerRE_2
------ Round 2 -----------
attempt to ask at 116.6564661427401
BID_197  +0.000  buyerRE_2
ASK_571  +80.900  sellerRE_2
BID_198  +0.000  buyerZIC_2
BID_199  +0.000  buyerZIC_3
BID_200  +0.000  buyerZIC_0
------ Round 3 -----------
attempt to ask at 100.55562654742971
BID_197  +0.000  buyerRE_2
BID_199  +0.000  buyerZIC_3
BID_198  +0.000  buyerZIC_2
BID_200  +0.000  buyerZIC_0
------ Round 4 -----------
attempt to ask at 99.683806928806
BID_199  +0.000  buyerZIC_3
BID_198  +0.000  buyerZIC_2
BID_197  +0.000  buyerRE_2
BID_200  +0.000  buyerZIC_0
------ Round 5 -----------
attempt to ask at 105.67648542346433
BID_200  +0.000  buyerZIC_0
BID_199  +0.000  buyerZIC_3
BID_198  +0.000  buyerZIC_2
BID_197  +0.000  buyerRE_2
------ Round 6 -----------
attempt to ask at 121.62433260818943
BID_200  +0.000  buyerZIC_0
BID_198  +0.000  buyerZIC_2
BID_197  +0.000  buyerRE_2
BID_199  +0.000  buyerZIC_3
------ Round 7 -----------
attempt to ask at 99.39312423812225
BID_199  +0.000  buyerZIC_3
BID_197  +0.000  buyerRE_2
BID_200  +0.000  buyerZIC_0
BID_198  +0.000  buyerZIC_2
------ Round 8 -----------
attempt to ask at 137.84332998329774
BID_197  +0.000  buyerRE_2
BID_200  +0.000  buyerZIC_0
BID_198  +0.000  buyerZIC_2
BID_199  +0.000  buyerZIC_3
------ Round 9 -----------
attempt to ask at 114.4776223343797
BID_197  +0.000  buyerRE_2
BID_200  +0.000  buyerZIC_0
BID_199  +0.000  buyerZIC_3
BID_198  +0.000  buyerZIC_2
**** Day 6 ]]]]]]]]]]]]]]]]]
**** Day 7 [[[[[[[[[[[[[[[[[
private value: 131.05775215663016
------ Round 0 -----------
attempt to ask at 137.28639874607325
ASK_635  +57.588  sellerRE_2
BID_201  +0.000  buyerZIC_3
ASK_636  +137.286  sellerZIC_2
BID_202  +0.000  buyerZIC_1
BID_203  +0.000  buyerZIC_0
BID_204  +0.000  buyerRE_0
BID_205  +0.000  buyerRE_1
ASK_644  +132.153  sellerZIC_4
BID_206  +0.000  buyerRE_2
BID_207  +0.691  buyerZIP_3
------ Round 1 -----------
attempt to ask at 159.34233468724415
BID_204  +0.000  buyerRE_0
BID_202  +0.000  buyerZIC_1
BID_207  +0.691  buyerZIP_3
ASK_650  +51.982  sellerRE_3
BID_201  +0.000  buyerZIC_3
BID_203  +0.000  buyerZIC_0
------ Round 2 -----------
attempt to ask at 163.7604808434844
ASK_644  +131.029  sellerZIC_4
BID_203  +0.000  buyerZIC_0
BID_202  +0.000  buyerZIC_1
BID_204  +0.219  buyerRE_0
BID_207  +0.691  buyerZIP_3
------ Round 3 -----------
attempt to ask at 134.97740522725508
BID_207  +0.691  buyerZIP_3
ASK_644  +128.085  sellerZIC_4
------ Round 4 -----------
attempt to ask at 164.4721019663848
BID_207  +0.691  buyerZIP_3
ASK_682  +110.382  sellerRE_0
------ Round 5 -----------
attempt to ask at 155.93023133696988
BID_207  +0.691  buyerZIP_3
------ Round 6 -----------
attempt to ask at 176.3511200901121
BID_207  +0.691  buyerZIP_3
------ Round 7 -----------
attempt to ask at 139.00500860763714
BID_207  +0.691  buyerZIP_3
------ Round 8 -----------
attempt to ask at 170.89024264132604
BID_207  +0.691  buyerZIP_3
------ Round 9 -----------
attempt to ask at 173.48740777233616
BID_207  +0.691  buyerZIP_3
**** Day 7 ]]]]]]]]]]]]]]]]]
**** Day 8 [[[[[[[[[[[[[[[[[
private value: 91.50797789916396
------ Round 0 -----------
attempt to ask at 138.10122611466795
ASK_725  +85.124  sellerRE_2
BID_208  +0.000  buyerZIC_4
ASK_726  +131.057  sellerZIC_1
BID_209  +0.000  buyerRE_2
BID_210  +0.000  buyerRE_4
ASK_727  +72.328  sellerGD_2
BID_211  +0.000  buyerZIC_1
ASK_731  +58.256  sellerGD_0
BID_212  +0.000  buyerRE_0
BID_213  +0.000  buyerRE_3
------ Round 1 -----------
attempt to ask at 93.2388650951907
BID_209  +0.000  buyerRE_2
BID_208  +0.000  buyerZIC_4
BID_213  +0.000  buyerRE_3
ASK_731  +58.256  sellerGD_0
BID_212  +0.000  buyerRE_0
BID_211  +0.000  buyerZIC_1
BID_210  +0.000  buyerRE_4
ASK_727  +71.944  sellerGD_2
------ Round 2 -----------
attempt to ask at 131.21809265576303
BID_213  +0.000  buyerRE_3
BID_211  +0.000  buyerZIC_1
ASK_731  +57.721  sellerGD_0
BID_208  +0.000  buyerZIC_4
BID_209  +0.000  buyerRE_2
ASK_727  +71.944  sellerGD_2
BID_210  +0.000  buyerRE_4
BID_212  +0.000  buyerRE_0
------ Round 3 -----------
attempt to ask at 107.14757406385615
BID_208  +0.000  buyerZIC_4
BID_210  +0.000  buyerRE_4
BID_211  +0.000  buyerZIC_1
ASK_727  +70.717  sellerGD_2
BID_213  +0.000  buyerRE_3
ASK_731  +57.588  sellerGD_0
BID_209  +0.000  buyerRE_2
BID_212  +0.000  buyerRE_0
------ Round 4 -----------
attempt to ask at 129.80791700538248
BID_209  +0.000  buyerRE_2
BID_208  +0.000  buyerZIC_4
ASK_771  +58.555  sellerRE_3
ASK_731  +57.588  sellerGD_0
BID_211  +0.000  buyerZIC_1
BID_210  +0.000  buyerRE_4
BID_213  +0.000  buyerRE_3
BID_212  +0.000  buyerRE_0
------ Round 5 -----------
attempt to ask at 104.2627313756384
BID_213  +0.000  buyerRE_3
BID_209  +0.000  buyerRE_2
BID_210  +0.000  buyerRE_4
BID_211  +0.000  buyerZIC_1
BID_208  +0.000  buyerZIC_4
BID_212  +0.000  buyerRE_0
ASK_731  +56.689  sellerGD_0
------ Round 6 -----------
attempt to ask at 111.75818669144064
BID_213  +0.000  buyerRE_3
BID_211  +0.000  buyerZIC_1
ASK_731  +56.689  sellerGD_0
BID_209  +0.000  buyerRE_2
BID_210  +0.000  buyerRE_4
BID_212  +0.000  buyerRE_0
BID_208  +0.000  buyerZIC_4
------ Round 7 -----------
attempt to ask at 130.83857878809795
BID_210  +0.000  buyerRE_4
BID_213  +0.000  buyerRE_3
BID_212  +0.000  buyerRE_0
BID_208  +0.000  buyerZIC_4
BID_211  +0.000  buyerZIC_1
ASK_731  +56.210  sellerGD_0
BID_209  +0.000  buyerRE_2
------ Round 8 -----------
attempt to ask at 127.68712294055149
BID_208  +0.000  buyerZIC_4
BID_210  +0.000  buyerRE_4
BID_211  +0.000  buyerZIC_1
BID_213  +0.000  buyerRE_3
BID_209  +0.000  buyerRE_2
ASK_731  +56.090  sellerGD_0
BID_212  +0.000  buyerRE_0
------ Round 9 -----------
attempt to ask at 138.62320674816146
BID_208  +0.000  buyerZIC_4
BID_209  +0.000  buyerRE_2
ASK_731  +56.090  sellerGD_0
BID_211  +0.000  buyerZIC_1
BID_210  +0.000  buyerRE_4
BID_213  +0.000  buyerRE_3
BID_212  +0.000  buyerRE_0
**** Day 8 ]]]]]]]]]]]]]]]]]
**** Day 9 [[[[[[[[[[[[[[[[[
private value: 63.12928486149758
------ Round 0 -----------
attempt to ask at 85.57776144007221
ASK_814  +157.933  sellerRE_4
BID_214  +0.000  buyerZIC_2
ASK_815  +66.847  sellerGD_3
ASK_816  +151.567  sellerZIP_0
BID_215  +0.000  buyerRE_2
ASK_817  +64.515  sellerRE_3
ASK_818  +72.189  sellerGD_1
BID_216  +0.861  buyerRE_0
BID_217  +0.000  buyerZIC_1
ASK_825  +69.209  sellerZIC_3
BID_218  +0.000  buyerRE_1
------ Round 1 -----------
attempt to ask at 82.33637051889673
BID_217  +0.000  buyerZIC_1
ASK_816  +62.633  sellerZIP_0
BID_215  +0.000  buyerRE_2
BID_218  +0.000  buyerRE_1
------ Round 2 -----------
attempt to ask at 107.8651302261278
ASK_838  +61.903  sellerRE_1
BID_215  +0.000  buyerRE_2
BID_217  +0.219  buyerZIC_1
------ Round 3 -----------
attempt to ask at 74.43413998698816
------ Round 4 -----------
attempt to ask at 64.51971635688096
------ Round 5 -----------
attempt to ask at 70.90760440332815
ASK_838  +58.903  sellerRE_1
------ Round 6 -----------
attempt to ask at 91.17597410222515
------ Round 7 -----------
attempt to ask at 81.7531609442085
------ Round 8 -----------
attempt to ask at 77.2842587903142
------ Round 9 -----------
attempt to ask at 82.44222033536062
**** Day 9 ]]]]]]]]]]]]]]]]]
**** Day 10 [[[[[[[[[[[[[[[[[
private value: 73.60225794836879
------ Round 0 -----------
attempt to ask at 104.1275744442828
ASK_893  +95.469  sellerZIP_0
ASK_896  +172.354  sellerRE_4
BID_219  +0.000  buyerRE_1
ASK_897  +66.847  sellerGD_3
BID_220  +0.406  buyerZIP_4
ASK_901  +120.623  sellerRE_0
ASK_904  +104.128  sellerZIC_2
ASK_907  +75.835  sellerZIP_2
------ Round 1 -----------
attempt to ask at 79.50569114182144
ASK_907  +75.835  sellerZIP_2
BID_219  +0.000  buyerRE_1
BID_220  +0.406  buyerZIP_4
ASK_897  +66.847  sellerGD_3
------ Round 2 -----------
attempt to ask at 92.28733157506213
ASK_897  +66.847  sellerGD_3
BID_219  +0.000  buyerRE_1
BID_220  +0.406  buyerZIP_4
ASK_907  +75.835  sellerZIP_2
------ Round 3 -----------
attempt to ask at 80.69525682367384
ASK_907  +75.835  sellerZIP_2
ASK_897  +66.847  sellerGD_3
BID_219  +0.000  buyerRE_1
BID_220  +0.406  buyerZIP_4
------ Round 4 -----------
attempt to ask at 85.19168382044882
BID_220  +0.406  buyerZIP_4
ASK_897  +66.847  sellerGD_3
BID_219  +0.000  buyerRE_1
ASK_907  +75.835  sellerZIP_2
------ Round 5 -----------
attempt to ask at 96.06164385331795
ASK_897  +66.847  sellerGD_3
ASK_907  +75.835  sellerZIP_2
BID_219  +0.000  buyerRE_1
BID_220  +0.406  buyerZIP_4
------ Round 6 -----------
attempt to ask at 107.0126625476405
ASK_907  +75.835  sellerZIP_2
ASK_897  +66.847  sellerGD_3
BID_220  +0.406  buyerZIP_4
BID_219  +0.000  buyerRE_1
------ Round 7 -----------
attempt to ask at 96.6491095139645
BID_219  +0.000  buyerRE_1
ASK_907  +75.835  sellerZIP_2
BID_220  +0.406  buyerZIP_4
ASK_897  +66.847  sellerGD_3
------ Round 8 -----------
attempt to ask at 92.90048774564639
BID_220  +0.406  buyerZIP_4
ASK_897  +66.847  sellerGD_3
ASK_907  +75.835  sellerZIP_2
BID_219  +0.000  buyerRE_1
------ Round 9 -----------
attempt to ask at 80.37649022880942
BID_220  +0.406  buyerZIP_4
BID_219  +0.000  buyerRE_1
ASK_907  +75.835  sellerZIP_2
ASK_897  +66.847  sellerGD_3
**** Day 10 ]]]]]]]]]]]]]]]]]
**** Day 11 [[[[[[[[[[[[[[[[[
private value: 103.82178155705333
------ Round 0 -----------
attempt to ask at 124.18551497394219
ASK_989  +66.847  sellerGD_3
ASK_990  +122.462  sellerZIP_3
ASK_991  +95.469  sellerZIP_0
BID_231  +0.778  buyerZIP_4
ASK_993  +56.944  sellerZIC_3
BID_234  +0.000  buyerZIC_1
------ Round 1 -----------
attempt to ask at 117.25394488312304
BID_231  +0.778  buyerZIP_4
ASK_1003  +65.804  sellerZIC_4
BID_234  +0.000  buyerZIC_1
------ Round 2 -----------
attempt to ask at 139.833094435744
BID_234  +0.000  buyerZIC_1
BID_231  +0.778  buyerZIP_4
------ Round 3 -----------
attempt to ask at 115.88233646471053
BID_234  +0.000  buyerZIC_1
BID_231  +0.778  buyerZIP_4
ASK_1003  +59.598  sellerZIC_4
ASK_993  +55.851  sellerZIC_3
------ Round 4 -----------
attempt to ask at 122.06250872695819
BID_234  +0.000  buyerZIC_1
BID_231  +0.778  buyerZIP_4
------ Round 5 -----------
attempt to ask at 134.6714503597468
BID_234  +0.000  buyerZIC_1
BID_231  +0.778  buyerZIP_4
ASK_1003  +55.028  sellerZIC_4
------ Round 6 -----------
attempt to ask at 131.35359096340835
BID_234  +0.000  buyerZIC_1
BID_231  +0.778  buyerZIP_4
------ Round 7 -----------
attempt to ask at 151.1343576014042
ASK_1003  +54.365  sellerZIC_4
BID_234  +0.000  buyerZIC_1
BID_231  +0.778  buyerZIP_4
------ Round 8 -----------
attempt to ask at 114.03030374785885
BID_234  +0.000  buyerZIC_1
BID_231  +0.778  buyerZIP_4
------ Round 9 -----------
attempt to ask at 131.0678087407723
BID_231  +0.778  buyerZIP_4
BID_234  +0.000  buyerZIC_1
**** Day 11 ]]]]]]]]]]]]]]]]]
**** Day 12 [[[[[[[[[[[[[[[[[
private value: 106.15786456037313
------ Round 0 -----------
attempt to ask at 118.50734412437305
ASK_1075  +110.369  sellerRE_4
BID_263  +0.000  buyerRE_2
BID_264  +0.000  buyerZIC_4
BID_265  +0.000  buyerRE_0
BID_266  +0.760  buyerZIP_4
ASK_1077  +123.132  sellerZIC_3
BID_267  +0.691  buyerZIP_3
ASK_1078  +72.189  sellerGD_1
------ Round 1 -----------
attempt to ask at 122.9640630655922
BID_267  +0.691  buyerZIP_3
ASK_1078  +72.189  sellerGD_1
ASK_1097  +109.700  sellerZIC_4
BID_266  +0.760  buyerZIP_4
ASK_1075  +107.369  sellerRE_4
------ Round 2 -----------
attempt to ask at 126.27823754446581
BID_267  +0.691  buyerZIP_3
ASK_1097  +86.109  sellerZIC_4
ASK_1078  +72.189  sellerGD_1
BID_266  +0.760  buyerZIP_4
ASK_1102  +59.496  sellerZIP_3
------ Round 3 -----------
attempt to ask at 112.8241180558689
BID_267  +0.691  buyerZIP_3
ASK_1102  +59.496  sellerZIP_3
BID_266  +0.760  buyerZIP_4
------ Round 4 -----------
attempt to ask at 110.44591231038794
BID_267  +0.691  buyerZIP_3
BID_266  +0.760  buyerZIP_4
ASK_1102  +59.496  sellerZIP_3
------ Round 5 -----------
attempt to ask at 151.373484544456
BID_267  +0.691  buyerZIP_3
ASK_1075  +82.369  sellerRE_4
BID_266  +0.760  buyerZIP_4
ASK_1102  +59.496  sellerZIP_3
------ Round 6 -----------
attempt to ask at 136.50948996655643
BID_267  +0.691  buyerZIP_3
ASK_1102  +59.496  sellerZIP_3
BID_266  +0.760  buyerZIP_4
------ Round 7 -----------
attempt to ask at 148.73629488283768
ASK_1102  +59.496  sellerZIP_3
BID_266  +0.760  buyerZIP_4
BID_267  +0.691  buyerZIP_3
------ Round 8 -----------
attempt to ask at 152.62923671398312
BID_267  +0.691  buyerZIP_3
BID_265  +1.241  buyerRE_0
ASK_1102  +59.496  sellerZIP_3
BID_266  +0.760  buyerZIP_4
------ Round 9 -----------
attempt to ask at 134.52977226115763
ASK_1102  +59.496  sellerZIP_3
BID_266  +0.760  buyerZIP_4
**** Day 12 ]]]]]]]]]]]]]]]]]
**** Day 13 [[[[[[[[[[[[[[[[[
private value: 85.31232650857419
------ Round 0 -----------
attempt to ask at 118.01227329997346
BID_278  +0.000  buyerZIC_1
BID_279  +0.000  buyerRE_0
ASK_1163  +55.851  sellerGD_4
ASK_1167  +85.756  sellerRE_0
ASK_1171  +54.476  sellerZIP_3
BID_280  +0.000  buyerZIC_3
BID_281  +0.000  buyerRE_3
BID_282  +0.000  buyerRE_2
------ Round 1 -----------
attempt to ask at 108.57060204725713
BID_281  +0.000  buyerRE_3
BID_282  +0.000  buyerRE_2
BID_279  +0.000  buyerRE_0
BID_278  +0.000  buyerZIC_1
BID_280  +0.000  buyerZIC_3
ASK_1163  +55.851  sellerGD_4
ASK_1171  +54.476  sellerZIP_3
------ Round 2 -----------
attempt to ask at 89.88030416658148
ASK_1171  +54.476  sellerZIP_3
BID_281  +0.000  buyerRE_3
BID_278  +0.000  buyerZIC_1
BID_279  +0.000  buyerRE_0
ASK_1163  +55.851  sellerGD_4
BID_280  +0.000  buyerZIC_3
BID_282  +0.000  buyerRE_2
------ Round 3 -----------
attempt to ask at 108.16552167525515
BID_280  +0.000  buyerZIC_3
BID_278  +0.076  buyerZIC_1
BID_282  +0.000  buyerRE_2
ASK_1171  +54.476  sellerZIP_3
ASK_1163  +55.851  sellerGD_4
BID_281  +0.000  buyerRE_3
------ Round 4 -----------
attempt to ask at 121.76380669698119
BID_282  +0.000  buyerRE_2
BID_280  +0.000  buyerZIC_3
BID_281  +0.000  buyerRE_3
ASK_1171  +54.476  sellerZIP_3
ASK_1163  +55.851  sellerGD_4
------ Round 5 -----------
attempt to ask at 115.24550266331062
ASK_1163  +55.851  sellerGD_4
BID_280  +0.000  buyerZIC_3
BID_282  +0.000  buyerRE_2
BID_281  +0.000  buyerRE_3
BID_279  +0.351  buyerRE_0
ASK_1171  +54.476  sellerZIP_3
------ Round 6 -----------
attempt to ask at 125.51276362501085
ASK_1171  +54.476  sellerZIP_3
BID_282  +0.000  buyerRE_2
BID_281  +0.000  buyerRE_3
BID_280  +0.000  buyerZIC_3
ASK_1163  +55.851  sellerGD_4
------ Round 7 -----------
attempt to ask at 120.61919937841594
ASK_1163  +55.851  sellerGD_4
BID_281  +0.000  buyerRE_3
ASK_1171  +54.476  sellerZIP_3
BID_280  +0.000  buyerZIC_3
BID_282  +0.000  buyerRE_2
------ Round 8 -----------
attempt to ask at 107.00468851719052
BID_280  +0.000  buyerZIC_3
ASK_1163  +55.851  sellerGD_4
BID_282  +0.000  buyerRE_2
ASK_1171  +54.476  sellerZIP_3
BID_281  +0.000  buyerRE_3
------ Round 9 -----------
attempt to ask at 118.79914480959997
ASK_1163  +55.851  sellerGD_4
ASK_1171  +54.476  sellerZIP_3
BID_282  +0.000  buyerRE_2
BID_281  +0.000  buyerRE_3
BID_280  +0.000  buyerZIC_3
**** Day 13 ]]]]]]]]]]]]]]]]]
**** Day 14 [[[[[[[[[[[[[[[[[
private value: 126.82055411860347
------ Round 0 -----------
attempt to ask at 141.48971042595804
ASK_1256  +120.967  sellerZIC_0
ASK_1257  +170.798  sellerRE_4
BID_283  +0.000  buyerRE_2
ASK_1260  +80.283  sellerZIP_4
BID_284  +0.000  buyerZIC_3
BID_285  +0.000  buyerRE_1
ASK_1261  +84.670  sellerZIP_3
BID_286  +0.000  buyerZIC_1
ASK_1267  +75.324  sellerZIC_1
------ Round 1 -----------
attempt to ask at 158.56177193345502
BID_285  +0.000  buyerRE_1
BID_284  +0.000  buyerZIC_3
BID_286  +0.000  buyerZIC_1
ASK_1260  +80.283  sellerZIP_4
BID_283  +0.000  buyerRE_2
------ Round 2 -----------
attempt to ask at 149.6682059718296
BID_284  +0.000  buyerZIC_3
BID_285  +0.000  buyerRE_1
BID_286  +0.000  buyerZIC_1
BID_283  +0.000  buyerRE_2
ASK_1260  +80.283  sellerZIP_4
------ Round 3 -----------
attempt to ask at 154.37246513320133
BID_285  +0.000  buyerRE_1
ASK_1260  +80.283  sellerZIP_4
BID_286  +0.000  buyerZIC_1
BID_284  +0.000  buyerZIC_3
ASK_1267  +59.874  sellerZIC_1
BID_283  +0.000  buyerRE_2
------ Round 4 -----------
attempt to ask at 139.16621699463576
BID_285  +0.000  buyerRE_1
BID_286  +0.000  buyerZIC_1
BID_283  +0.000  buyerRE_2
ASK_1260  +80.283  sellerZIP_4
BID_284  +0.000  buyerZIC_3
------ Round 5 -----------
attempt to ask at 150.58757312363014
BID_286  +0.000  buyerZIC_1
ASK_1260  +80.283  sellerZIP_4
BID_285  +0.000  buyerRE_1
BID_283  +0.000  buyerRE_2
BID_284  +0.000  buyerZIC_3
------ Round 6 -----------
attempt to ask at 154.14398971479386
ASK_1260  +80.283  sellerZIP_4
BID_285  +0.000  buyerRE_1
BID_284  +0.000  buyerZIC_3
BID_283  +0.000  buyerRE_2
BID_286  +0.000  buyerZIC_1
------ Round 7 -----------
attempt to ask at 175.38533866172656
BID_286  +0.000  buyerZIC_1
BID_285  +0.000  buyerRE_1
BID_284  +0.000  buyerZIC_3
BID_283  +0.000  buyerRE_2
ASK_1267  +59.704  sellerZIC_1
ASK_1260  +80.283  sellerZIP_4
------ Round 8 -----------
attempt to ask at 159.8047050065361
BID_284  +0.000  buyerZIC_3
BID_286  +0.000  buyerZIC_1
BID_285  +0.000  buyerRE_1
BID_283  +0.000  buyerRE_2
ASK_1267  +53.820  sellerZIC_1
ASK_1260  +80.283  sellerZIP_4
------ Round 9 -----------
attempt to ask at 152.63967803912237
BID_284  +0.000  buyerZIC_3
BID_285  +0.000  buyerRE_1
BID_286  +0.000  buyerZIC_1
ASK_1260  +80.283  sellerZIP_4
BID_283  +0.000  buyerRE_2
**** Day 14 ]]]]]]]]]]]]]]]]]
**** Day 15 [[[[[[[[[[[[[[[[[
private value: 131.60938452929258
------ Round 0 -----------
attempt to ask at 159.81043276842684
BID_287  +0.000  buyerZIC_1
BID_288  +0.000  buyerRE_3
ASK_1331  +112.666  sellerZIC_3
ASK_1332  +66.847  sellerGD_3
BID_289  +0.000  buyerRE_1
BID_290  +0.000  buyerRE_4
BID_291  +0.000  buyerZIC_2
------ Round 1 -----------
attempt to ask at 175.21213601576164
ASK_1346  +61.667  sellerRE_2
BID_290  +0.000  buyerRE_4
BID_289  +0.000  buyerRE_1
BID_291  +0.000  buyerZIC_2
BID_287  +0.000  buyerZIC_1
BID_288  +0.000  buyerRE_3
------ Round 2 -----------
attempt to ask at 138.76810004003346
BID_289  +0.000  buyerRE_1
BID_290  +0.000  buyerRE_4
BID_291  +0.000  buyerZIC_2
ASK_1331  +90.327  sellerZIC_3
BID_287  +0.000  buyerZIC_1
BID_288  +0.000  buyerRE_3
------ Round 3 -----------
attempt to ask at 145.56249486049637
BID_291  +0.000  buyerZIC_2
BID_287  +0.000  buyerZIC_1
BID_288  +0.000  buyerRE_3
BID_290  +0.000  buyerRE_4
BID_289  +0.000  buyerRE_1
------ Round 4 -----------
attempt to ask at 157.90107423672453
BID_290  +0.000  buyerRE_4
BID_289  +0.000  buyerRE_1
BID_291  +0.000  buyerZIC_2
BID_287  +0.000  buyerZIC_1
BID_288  +0.000  buyerRE_3
------ Round 5 -----------
attempt to ask at 147.52812036313117
BID_290  +0.000  buyerRE_4
BID_287  +0.000  buyerZIC_1
BID_289  +0.000  buyerRE_1
BID_291  +0.000  buyerZIC_2
BID_288  +0.000  buyerRE_3
------ Round 6 -----------
attempt to ask at 177.12101069046184
BID_288  +0.000  buyerRE_3
BID_287  +0.000  buyerZIC_1
BID_289  +0.000  buyerRE_1
BID_290  +0.000  buyerRE_4
BID_291  +0.000  buyerZIC_2
------ Round 7 -----------
attempt to ask at 170.68749032914639
BID_287  +0.000  buyerZIC_1
BID_291  +0.000  buyerZIC_2
BID_288  +0.000  buyerRE_3
BID_289  +0.000  buyerRE_1
BID_290  +0.000  buyerRE_4
------ Round 8 -----------
attempt to ask at 156.70795427868143
BID_290  +0.000  buyerRE_4
BID_287  +0.000  buyerZIC_1
BID_291  +0.000  buyerZIC_2
BID_288  +0.000  buyerRE_3
BID_289  +0.000  buyerRE_1
------ Round 9 -----------
attempt to ask at 152.61239329120144
BID_290  +0.000  buyerRE_4
BID_291  +0.000  buyerZIC_2
BID_287  +0.000  buyerZIC_1
BID_289  +0.000  buyerRE_1
BID_288  +0.000  buyerRE_3
**** Day 15 ]]]]]]]]]]]]]]]]]
**** Day 16 [[[[[[[[[[[[[[[[[
private value: 105.66202849149704
------ Round 0 -----------
attempt to ask at 120.12930433265865
ASK_1425  +120.129  sellerZIC_2
ASK_1426  +92.749  sellerZIP_3
BID_292  +0.000  buyerRE_3
ASK_1429  +75.835  sellerZIP_2
BID_293  +0.000  buyerRE_0
BID_294  +0.000  buyerZIC_1
ASK_1434  +74.120  sellerRE_3
BID_295  +0.000  buyerZIC_2
ASK_1438  +66.847  sellerGD_3
------ Round 1 -----------
attempt to ask at 152.98614711500704
BID_292  +0.000  buyerRE_3
ASK_1426  +92.749  sellerZIP_3
BID_293  +0.000  buyerRE_0
BID_294  +0.000  buyerZIC_1
ASK_1438  +66.847  sellerGD_3
BID_295  +0.000  buyerZIC_2
------ Round 2 -----------
attempt to ask at 126.40098112169653
BID_295  +0.000  buyerZIC_2
BID_294  +0.000  buyerZIC_1
BID_292  +0.000  buyerRE_3
ASK_1438  +66.847  sellerGD_3
ASK_1426  +92.749  sellerZIP_3
BID_293  +0.000  buyerRE_0
------ Round 3 -----------
attempt to ask at 106.27045012079179
BID_293  +0.000  buyerRE_0
ASK_1426  +92.749  sellerZIP_3
BID_294  +0.000  buyerZIC_1
ASK_1434  +63.120  sellerRE_3
BID_292  +0.000  buyerRE_3
BID_295  +0.000  buyerZIC_2
------ Round 4 -----------
attempt to ask at 145.0179586885497
BID_293  +0.000  buyerRE_0
BID_294  +0.000  buyerZIC_1
BID_295  +0.000  buyerZIC_2
ASK_1426  +92.749  sellerZIP_3
ASK_1472  +60.238  sellerZIP_0
BID_292  +0.000  buyerRE_3
------ Round 5 -----------
attempt to ask at 129.57010107347742
BID_293  +0.000  buyerRE_0
ASK_1472  +60.238  sellerZIP_0
BID_295  +0.000  buyerZIC_2
ASK_1426  +92.749  sellerZIP_3
BID_292  +0.000  buyerRE_3
BID_294  +0.000  buyerZIC_1
------ Round 6 -----------
attempt to ask at 121.16955179953948
BID_292  +0.000  buyerRE_3
BID_293  +0.000  buyerRE_0
ASK_1472  +60.238  sellerZIP_0
ASK_1426  +92.749  sellerZIP_3
BID_295  +0.000  buyerZIC_2
BID_294  +0.000  buyerZIC_1
------ Round 7 -----------
attempt to ask at 150.0450997496955
ASK_1472  +60.238  sellerZIP_0
BID_295  +0.000  buyerZIC_2
BID_294  +0.000  buyerZIC_1
ASK_1426  +92.749  sellerZIP_3
BID_293  +0.000  buyerRE_0
BID_292  +0.000  buyerRE_3
------ Round 8 -----------
attempt to ask at 143.8795484835282
BID_293  +0.000  buyerRE_0
BID_292  +0.000  buyerRE_3
BID_295  +0.000  buyerZIC_2
ASK_1426  +92.749  sellerZIP_3
BID_294  +0.000  buyerZIC_1
ASK_1472  +60.238  sellerZIP_0
------ Round 9 -----------
attempt to ask at 131.3652194221504
BID_294  +0.679  buyerZIC_1
ASK_1434  +54.120  sellerRE_3
ASK_1426  +92.749  sellerZIP_3
BID_293  +0.000  buyerRE_0
**** Day 16 ]]]]]]]]]]]]]]]]]
**** Day 17 [[[[[[[[[[[[[[[[[
private value: 72.73175667505711
------ Round 0 -----------
attempt to ask at 108.92895758152008
ASK_1515  +70.411  sellerGD_2
BID_296  +0.000  buyerZIC_2
ASK_1516  +70.241  sellerZIP_2
BID_297  +0.000  buyerRE_0
BID_298  +0.000  buyerRE_4
BID_299  +0.000  buyerRE_2
ASK_1520  +57.324  sellerZIC_3
BID_300  +0.000  buyerZIC_3
BID_301  +0.389  buyerZIP_4
ASK_1526  +65.804  sellerGD_3
BID_302  +0.000  buyerRE_1
------ Round 1 -----------
attempt to ask at 120.54229059722275
BID_296  +0.000  buyerZIC_2
BID_297  +0.000  buyerRE_0
BID_302  +0.000  buyerRE_1
BID_300  +0.000  buyerZIC_3
BID_301  +0.389  buyerZIP_4
ASK_1526  +65.804  sellerGD_3
------ Round 2 -----------
attempt to ask at 112.72549935383722
BID_297  +0.000  buyerRE_0
BID_300  +0.000  buyerZIC_3
ASK_1526  +65.804  sellerGD_3
BID_302  +0.000  buyerRE_1
BID_301  +0.389  buyerZIP_4
BID_296  +0.000  buyerZIC_2
------ Round 3 -----------
attempt to ask at 77.493865811266
BID_301  +0.389  buyerZIP_4
ASK_1526  +59.598  sellerGD_3
BID_300  +0.000  buyerZIC_3
BID_302  +0.000  buyerRE_1
BID_297  +0.000  buyerRE_0
BID_296  +0.000  buyerZIC_2
------ Round 4 -----------
attempt to ask at 91.6489819996059
ASK_1526  +58.984  sellerGD_3
BID_297  +0.000  buyerRE_0
BID_302  +0.000  buyerRE_1
BID_296  +0.000  buyerZIC_2
BID_301  +0.389  buyerZIP_4
BID_300  +0.000  buyerZIC_3
------ Round 5 -----------
attempt to ask at 90.31353162135929
ASK_1526  +58.830  sellerGD_3
BID_302  +0.000  buyerRE_1
BID_297  +0.000  buyerRE_0
BID_296  +0.000  buyerZIC_2
BID_300  +0.000  buyerZIC_3
BID_301  +0.389  buyerZIP_4
------ Round 6 -----------
attempt to ask at 107.70378992892802
BID_300  +0.000  buyerZIC_3
BID_296  +0.000  buyerZIC_2
BID_301  +0.389  buyerZIP_4
BID_302  +0.000  buyerRE_1
BID_297  +0.000  buyerRE_0
ASK_1526  +58.830  sellerGD_3
------ Round 7 -----------
attempt to ask at 115.83958775736392
ASK_1526  +58.610  sellerGD_3
BID_302  +0.000  buyerRE_1
BID_297  +0.000  buyerRE_0
BID_296  +0.000  buyerZIC_2
BID_301  +0.389  buyerZIP_4
BID_300  +0.000  buyerZIC_3
------ Round 8 -----------
attempt to ask at 76.61624469328672
BID_297  +0.000  buyerRE_0
ASK_1526  +58.555  sellerGD_3
BID_296  +0.000  buyerZIC_2
BID_301  +0.389  buyerZIP_4
BID_302  +0.000  buyerRE_1
BID_300  +0.000  buyerZIC_3
------ Round 9 -----------
attempt to ask at 115.95598876010627
BID_302  +0.000  buyerRE_1
BID_297  +0.000  buyerRE_0
BID_301  +0.389  buyerZIP_4
BID_296  +0.000  buyerZIC_2
BID_300  +0.000  buyerZIC_3
ASK_1526  +58.555  sellerGD_3
**** Day 17 ]]]]]]]]]]]]]]]]]
**** Day 18 [[[[[[[[[[[[[[[[[
private value: 78.7957826629281
------ Round 0 -----------
attempt to ask at 82.41003261646256
ASK_1609  +117.320  sellerRE_3
ASK_1610  +92.749  sellerZIP_3
ASK_1611  +82.410  sellerZIC_2
ASK_1612  +86.807  sellerZIC_4
BID_303  +0.000  buyerRE_1
BID_304  +0.000  buyerRE_0
ASK_1617  +76.118  sellerZIP_1
BID_305  +0.000  buyerRE_2
BID_306  +0.771  buyerZIP_4
BID_307  +0.000  buyerZIC_2
------ Round 1 -----------
attempt to ask at 85.14370148768649
BID_307  +0.000  buyerZIC_2
BID_303  +0.000  buyerRE_1
ASK_1610  +71.109  sellerZIP_3
ASK_1612  +59.443  sellerZIC_4
BID_304  +0.000  buyerRE_0
BID_306  +0.771  buyerZIP_4
------ Round 2 -----------
attempt to ask at 94.18782173888758
BID_307  +0.000  buyerZIC_2
ASK_1610  +71.109  sellerZIP_3
BID_304  +0.000  buyerRE_0
BID_306  +0.771  buyerZIP_4
BID_303  +0.000  buyerRE_1
------ Round 3 -----------
attempt to ask at 116.17832622723654
BID_304  +0.000  buyerRE_0
BID_307  +0.000  buyerZIC_2
BID_306  +0.771  buyerZIP_4
ASK_1610  +71.109  sellerZIP_3
ASK_1612  +56.051  sellerZIC_4
BID_303  +0.000  buyerRE_1
------ Round 4 -----------
attempt to ask at 88.09582234825939
BID_307  +0.000  buyerZIC_2
BID_304  +0.000  buyerRE_0
BID_306  +0.771  buyerZIP_4
BID_303  +0.000  buyerRE_1
ASK_1610  +71.109  sellerZIP_3
------ Round 5 -----------
attempt to ask at 94.0042779315263
ASK_1610  +71.109  sellerZIP_3
BID_306  +0.771  buyerZIP_4
BID_307  +0.000  buyerZIC_2
BID_303  +0.000  buyerRE_1
BID_304  +0.000  buyerRE_0
------ Round 6 -----------
attempt to ask at 115.79275615513325
BID_306  +0.771  buyerZIP_4
BID_303  +0.000  buyerRE_1
BID_304  +0.000  buyerRE_0
ASK_1610  +71.109  sellerZIP_3
BID_307  +0.000  buyerZIC_2
------ Round 7 -----------
attempt to ask at 107.28650033706799
BID_307  +0.000  buyerZIC_2
BID_306  +0.771  buyerZIP_4
BID_303  +0.000  buyerRE_1
BID_304  +0.000  buyerRE_0
ASK_1610  +71.109  sellerZIP_3
------ Round 8 -----------
attempt to ask at 85.3010143735446
BID_306  +0.771  buyerZIP_4
BID_304  +0.000  buyerRE_0
BID_303  +0.000  buyerRE_1
ASK_1610  +71.109  sellerZIP_3
BID_307  +0.000  buyerZIC_2
------ Round 9 -----------
attempt to ask at 109.60955171613023
BID_307  +0.000  buyerZIC_2
ASK_1610  +71.109  sellerZIP_3
BID_304  +0.000  buyerRE_0
BID_303  +0.000  buyerRE_1
BID_306  +0.771  buyerZIP_4
**** Day 18 ]]]]]]]]]]]]]]]]]
**** Day 19 [[[[[[[[[[[[[[[[[
private value: 52.10918274242431
------ Round 0 -----------
attempt to ask at 100.1527150743641
BID_308  +0.000  buyerZIC_0
ASK_1684  +137.826  sellerRE_3
ASK_1685  +96.572  sellerZIC_3
BID_309  +0.000  buyerRE_2
ASK_1686  +90.636  sellerZIP_3
BID_310  +0.000  buyerZIC_4
BID_311  +0.000  buyerRE_0
ASK_1689  +71.856  sellerRE_0
ASK_1690  +84.052  sellerZIC_4
ASK_1693  +72.189  sellerGD_1
BID_312  +0.000  buyerZIC_3
------ Round 1 -----------
attempt to ask at 52.81200802419335
BID_308  +0.000  buyerZIC_0
ASK_1693  +72.189  sellerGD_1
BID_310  +0.000  buyerZIC_4
BID_311  +0.000  buyerRE_0
BID_312  +0.000  buyerZIC_3
ASK_1689  +61.856  sellerRE_0
BID_309  +0.000  buyerRE_2
ASK_1700  +52.812  sellerZIC_2
------ Round 2 -----------
attempt to ask at 68.77299868501723
BID_308  +0.000  buyerZIC_0
BID_312  +0.000  buyerZIC_3
BID_309  +0.000  buyerRE_2
BID_310  +0.000  buyerZIC_4
ASK_1693  +72.189  sellerGD_1
BID_311  +0.000  buyerRE_0
------ Round 3 -----------
attempt to ask at 82.83831268781796
BID_312  +0.000  buyerZIC_3
BID_309  +0.000  buyerRE_2
BID_308  +0.000  buyerZIC_0
BID_311  +0.000  buyerRE_0
ASK_1693  +72.189  sellerGD_1
BID_310  +0.000  buyerZIC_4
------ Round 4 -----------
attempt to ask at 78.13448426313698
BID_311  +0.000  buyerRE_0
BID_309  +0.000  buyerRE_2
BID_308  +0.000  buyerZIC_0
BID_312  +0.000  buyerZIC_3
BID_310  +0.000  buyerZIC_4
ASK_1693  +71.520  sellerGD_1
------ Round 5 -----------
attempt to ask at 62.442873418331146
BID_311  +0.000  buyerRE_0
BID_309  +0.000  buyerRE_2
ASK_1693  +71.520  sellerGD_1
BID_308  +0.000  buyerZIC_0
BID_310  +0.000  buyerZIC_4
BID_312  +0.000  buyerZIC_3
------ Round 6 -----------
attempt to ask at 75.07859255420044
BID_311  +0.000  buyerRE_0
BID_310  +0.000  buyerZIC_4
BID_309  +0.000  buyerRE_2
BID_308  +0.000  buyerZIC_0
ASK_1693  +71.520  sellerGD_1
BID_312  +0.000  buyerZIC_3
------ Round 7 -----------
attempt to ask at 66.34766113711521
BID_312  +0.000  buyerZIC_3
BID_311  +0.000  buyerRE_0
BID_309  +0.000  buyerRE_2
BID_308  +0.000  buyerZIC_0
BID_310  +0.000  buyerZIC_4
ASK_1693  +71.387  sellerGD_1
------ Round 8 -----------
attempt to ask at 95.93027061782777
BID_311  +0.000  buyerRE_0
BID_312  +0.000  buyerZIC_3
BID_310  +0.000  buyerZIC_4
ASK_1693  +71.353  sellerGD_1
BID_308  +0.000  buyerZIC_0
BID_309  +0.000  buyerRE_2
------ Round 9 -----------
attempt to ask at 61.559749441221356
ASK_1693  +70.550  sellerGD_1
BID_312  +0.000  buyerZIC_3
BID_309  +0.000  buyerRE_2
BID_310  +0.000  buyerZIC_4
BID_311  +0.000  buyerRE_0
BID_308  +0.000  buyerZIC_0
**** Day 19 ]]]]]]]]]]]]]]]]]
