**************************************************************
1.0	TRANSACTION_0  +103.798  {buyerZIC_3.BID_95: +104.461, sellerZIP_1.ASK_119: +103.134)
1.2	TRANSACTION_1  +104.060  {buyerZIC_3.BID_120: +104.986, sellerGD_4.ASK_132: +103.134)
1.4	TRANSACTION_2  +101.136  {buyerZIC_3.BID_126: +102.638, sellerZIC_1.ASK_147: +99.633)
6.5	TRANSACTION_3  +97.636  {buyerRE_4.BID_528: +98.417, sellerZIP_3.ASK_671: +96.855)
6.8	TRANSACTION_4  +97.343  {buyerRE_4.BID_572: +98.417, sellerZIP_2.ASK_624: +48.0	TRANSACTION_5  +97.545  {buyerGD_0.BID_3987: +98.021, sellerZIP_2.ASK_3488: +97.069)
268)
22.5	TRANSACTION_6  +96.171  {buyerGD_2.BID_1832: +96.261, sellerGD_4.ASK_1989: +96.082)
22.6	TRANSACTION_7  +96.124  {buyerGD_2.BID_1897: +96.261, sellerGD_4.ASK_2058: +95.986)
22.7	TRANSACTION_8  +96.112  {buyerGD_2.BID_1908: +96.261, sellerGD_4.ASK_2064: +95.962)
23.0	TRANSACTION_9  +98.251  {buyerZIC_3.BID_1928: +98.919, sellerZIP_0.ASK_2091: +97.583)
23.1	TRANSACTION_10  +100.936  {buyerZIC_3.BID_1937: +104.288, sellerZIP_0.ASK_2098: +97.583)
23.2	TRANSACTION_11  +98.378  {buyerZIP_0.BID_1948: +98.561, sellerZIP_4.ASK_2086: +98.195)
23.6	TRANSACTION_12  +107.989  {buyerZIC_3.BID_1947: +115.422, sellerZIP_1.ASK_2088: +100.557)
24.4	TRANSACTION_13  +111.093  {buyerZIP_1.BID_2018: +119.161, sellerZIP_3.ASK_2192: +103.024)
24.5	TRANSACTION_14  +109.900  {buyerZIP_1.BID_2041: +119.161, sellerRE_3.ASK_2251: +100.640)
24.6	TRANSACTION_15  +112.575  {buyerZIP_1.BID_2045: +119.161, sellerZIP_1.ASK_2243: +105.989)
25.0	TRANSACTION_16  +98.529  {buyerZIC_0.BID_2072: +101.534, sellerZIP_0.ASK_2321: +95.523)
25.3	TRANSACTION_17  +97.145  {buyerZIC_0.BID_2103: +98.766, sellerZIP_0.ASK_2336: +95.523)
25.7	TRANSACTION_18  +99.672  {buyerZIC_0.BID_2135: +103.821, sellerZIP_0.ASK_2367: +95.523)
26.0	TRANSACTION_19  +118.638  {buyerZIC_3.BID_2151: +126.594, sellerZIP_0.ASK_2420: +110.681)
26.0	TRANSACTION_20  +96.452  {buyerGD_1.BID_2158: +96.942, sellerGD_4.ASK_2428: +95.962)
26.1	TRANSACTION_21  +96.452  {buyerGD_1.BID_2169: +96.942, sellerGD_4.ASK_2433: +95.962)
26.1	TRANSACTION_22  +107.797  {buyerZIC_3.BID_2171: +109.759, sellerZIP_3.ASK_2425: +105.834)
26.2	TRANSACTION_23  +111.265  {buyerZIC_3.BID_2176: +126.569, sellerGD_4.ASK_2439: +95.962)
26.3	TRANSACTION_24  +96.989  {buyerRE_2.BID_2160: +101.255, sellerZIC_2.ASK_2447: +96.330)
26.6	TRANSACTION_25  +107.066  {buyerZIP_3.BID_2163: +108.193, sellerRE_3.ASK_2418: +105.939)
26.7	TRANSACTION_26  +106.066  {buyerGD_1.BID_2177: +106.066, sellerZIP_0.ASK_2440: +106.066)
26.7	TRANSACTION_27  +99.795  {buyerRE_2.BID_2213: +102.255, sellerRE_2.ASK_2422: +97.335)
26.8	TRANSACTION_28  +110.308  {buyerZIP_3.BID_2220: +111.469, sellerZIP_0.ASK_2479: +109.147)
26.9	TRANSACTION_29  +108.475  {buyerZIP_3.BID_2233: +111.469, sellerZIP_3.ASK_2472: +105.481)
26.9	TRANSACTION_30  +100.894  {buyerRE_2.BID_2226: +102.255, sellerZIC_2.ASK_2488: +99.532)
27.3	TRANSACTION_31  +98.471  {buyerZIC_0.BID_2243: +98.934, sellerZIP_1.ASK_2509: +98.008)
27.5	TRANSACTION_32  +102.391  {buyerRE_3.BID_2259: +105.987, sellerZIP_1.ASK_2532: +98.794)
27.5	TRANSACTION_33  +99.540  {buyerZIC_2.BID_2297: +100.994, sellerZIC_1.ASK_2512: +98.085)
27.6	TRANSACTION_34  +103.496  {buyerRE_3.BID_2307: +105.987, sellerZIC_2.ASK_2516: +101.004)
27.7	TRANSACTION_35  +98.465  {buyerZIC_0.BID_2302: +100.098, sellerZIC_3.ASK_2495: +96.833)
27.7	TRANSACTION_36  +104.173  {buyerRE_3.BID_2317: +105.987, sellerZIP_3.ASK_2492: +102.359)
27.9	TRANSACTION_37  +101.851  {buyerZIC_0.BID_2330: +102.352, sellerZIP_0.ASK_2567: +101.349)
28.0	TRANSACTION_38  +102.879  {buyerRE_3.BID_2343: +104.889, sellerZIP_0.ASK_2586: +100.869)
28.1	TRANSACTION_39  +102.879  {buyerRE_3.BID_2357: +104.889, sellerZIP_0.ASK_2601: +100.869)
28.2	TRANSACTION_40  +106.788  {buyerZIP_4.BID_2362: +108.551, sellerGD_4.ASK_2590: +105.025)
28.2	TRANSACTION_41  +99.720  {buyerGD_0.BID_2346: +100.869, sellerZIC_3.ASK_2585: +98.571)
28.3	TRANSACTION_42  +104.804  {buyerRE_3.BID_2373: +104.889, sellerZIP_1.ASK_2618: +104.719)
28.3	TRANSACTION_43  +104.001  {buyerZIP_2.BID_2369: +129.092, sellerZIP_4.ASK_2593: +102.854)
28.4	TRANSACTION_44  +104.541  {buyerGD_0.BID_2372: +104.719, sellerZIP_0.ASK_2637: +104.363)
28.5	TRANSACTION_45  +106.735  {buyerZIP_4.BID_2384: +108.582, sellerGD_4.ASK_2631: +104.889)
28.5	TRANSACTION_46  +102.393  {buyerGD_0.BID_2388: +104.719, sellerZIC_2.ASK_2649: +100.067)
29.0	TRANSACTION_47  +119.063  {buyerRE_4.BID_2415: +120.444, sellerRE_0.ASK_2695: +117.681)
29.0	TRANSACTION_48  +117.452  {buyerZIC_0.BID_2427: +130.185, sellerGD_4.ASK_2697: +104.719)
29.0	TRANSACTION_49  +102.896  {buyerZIC_2.BID_2418: +132.111, sellerZIP_2.ASK_2692: +99.457)
29.1	TRANSACTION_50  +139.349  {buyerZIC_0.BID_2431: +170.111, sellerZIP_3.ASK_2700: +108.587)
29.1	TRANSACTION_51  +112.581  {buyerRE_4.BID_2441: +120.444, sellerGD_4.ASK_2707: +104.719)
29.1	TRANSACTION_52  +99.317  {buyerGD_3.BID_2429: +101.213, sellerZIC_0.ASK_2696: +99.176)
29.2	TRANSACTION_53  +119.063  {buyerRE_4.BID_2446: +120.444, sellerRE_0.ASK_2715: +117.681)
29.2	TRANSACTION_54  +133.548  {buyerZIC_0.BID_2450: +143.598, sellerZIC_3.ASK_2694: +123.499)
29.2	TRANSACTION_55  +102.896  {buyerRE_1.BID_2451: +131.992, sellerZIP_2.ASK_2709: +99.457)
29.3	TRANSACTION_56  +104.719  {buyerGD_2.BID_2440: +104.719, sellerGD_4.ASK_2718: +104.719)
29.3	TRANSACTION_57  +108.150  {buyerRE_1.BID_2455: +131.992, sellerZIC_4.ASK_2698: +104.579)
29.4	TRANSACTION_58  +100.906  {buyerGD_2.BID_2467: +104.719, sellerZIP_1.ASK_2732: +97.094)
29.4	TRANSACTION_59  +113.614  {buyerZIC_2.BID_2470: +131.087, sellerZIP_2.ASK_2726: +111.721)
29.4	TRANSACTION_60  +113.614  {buyerRE_1.BID_2463: +131.992, sellerRE_4.ASK_2739: +97.289)
29.5	TRANSACTION_61  +100.906  {buyerGD_2.BID_2478: +104.719, sellerZIP_1.ASK_2743: +97.094)
29.5	TRANSACTION_62  +106.929  {buyerGD_3.BID_2445: +111.045, sellerZIC_1.ASK_2749: +102.814)
29.5	TRANSACTION_63  +106.929  {buyerZIC_2.BID_2475: +127.845, sellerRE_4.ASK_2747: +97.289)
29.6	TRANSACTION_64  +100.073  {buyerGD_3.BID_2485: +111.045, sellerRE_4.ASK_2758: +97.289)
31.0	TRANSACTION_65  +102.751  {buyerGD_2.BID_2601: +104.719, sellerZIP_0.ASK_2881: +100.783)
31.0	TRANSACTION_66  +103.612  {buyerRE_2.BID_2600: +133.655, sellerRE_4.ASK_2890: +97.790)
31.1	TRANSACTION_67  +104.113  {buyerGD_2.BID_2618: +104.719, sellerGD_4.ASK_2879: +103.507)
31.1	TRANSACTION_68  +107.929  {buyerRE_2.BID_2616: +133.655, sellerZIC_1.ASK_2893: +106.424)
31.2	TRANSACTION_69  +104.228  {buyerGD_2.BID_2629: +104.719, sellerZIP_1.ASK_2887: +103.737)
31.2	TRANSACTION_70  +111.985  {buyerRE_2.BID_2622: +133.655, sellerZIP_4.ASK_2884: +109.433)
31.4	TRANSACTION_71  +97.790  {buyerGD_3.BID_2634: +97.790, sellerRE_4.ASK_2922: +97.790)
31.6	TRANSACTION_72  +97.906  {buyerGD_3.BID_2653: +98.023, sellerRE_4.ASK_2946: +97.790)
31.7	TRANSACTION_73  +101.640  {buyerZIC_0.BID_2596: +102.623, sellerZIP_0.ASK_2908: +100.658)
31.7	TRANSACTION_74  +100.387  {buyerZIP_0.BID_2665: +119.551, sellerZIP_2.ASK_2883: +100.190)
31.8	TRANSACTION_75  +100.361  {buyerZIP_0.BID_2675: +114.636, sellerZIP_4.ASK_2960: +96.330)
31.9	TRANSACTION_76  +100.190  {buyerGD_3.BID_2676: +100.190, sellerZIP_2.ASK_2970: +100.190)
31.9	TRANSACTION_77  +100.190  {buyerZIP_0.BID_2689: +114.636, sellerZIP_4.ASK_2971: +96.330)
32.0	TRANSACTION_78  +107.935  {buyerRE_0.BID_2700: +113.217, sellerZIP_0.ASK_2988: +102.653)
32.1	TRANSACTION_79  +109.443  {buyerRE_0.BID_2708: +113.217, sellerZIP_1.ASK_2978: +105.670)
32.1	TRANSACTION_80  +99.110  {buyerGD_3.BID_2690: +100.585, sellerRE_4.ASK_3002: +97.635)
32.2	TRANSACTION_81  +112.194  {buyerRE_0.BID_2720: +113.217, sellerZIC_4.ASK_2976: +111.171)
32.2	TRANSACTION_82  +99.110  {buyerGD_3.BID_2713: +100.585, sellerRE_4.ASK_3014: +97.635)
32.4	TRANSACTION_83  +100.283  {buyerGD_3.BID_2723: +102.931, sellerRE_4.ASK_3029: +97.635)
33.0	TRANSACTION_84  +110.307  {buyerRE_0.BID_2775: +121.687, sellerZIP_1.ASK_3086: +98.927)
33.0	TRANSACTION_85  +122.649  {buyerZIC_0.BID_2778: +142.676, sellerGD_4.ASK_3080: +102.623)
33.0	TRANSACTION_86  +105.866  {buyerRE_2.BID_2767: +138.842, sellerZIP_4.ASK_3075: +103.518)
33.1	TRANSACTION_87  +122.834  {buyerZIC_0.BID_2783: +140.921, sellerZIP_0.ASK_3074: +104.747)
33.1	TRANSACTION_88  +110.845  {buyerRE_0.BID_2787: +121.687, sellerZIC_3.ASK_3095: +100.003)
33.1	TRANSACTION_89  +105.866  {buyerRE_2.BID_2784: +138.842, sellerZIP_4.ASK_3102: +103.518)
33.2	TRANSACTION_90  +112.155  {buyerRE_0.BID_2798: +121.687, sellerGD_4.ASK_3108: +102.623)
33.2	TRANSACTION_91  +104.361  {buyerGD_0.BID_2779: +107.275, sellerZIP_4.ASK_3113: +103.518)
33.2	TRANSACTION_92  +104.361  {buyerRE_2.BID_2797: +138.842, sellerRE_1.ASK_3107: +101.206)
33.3	TRANSACTION_93  +114.241  {buyerZIC_0.BID_2800: +122.667, sellerZIC_3.ASK_3105: +105.814)
33.3	TRANSACTION_94  +103.036  {buyerGD_3.BID_2764: +104.867, sellerRE_1.ASK_3123: +101.206)
33.3	TRANSACTION_95  +103.036  {buyerGD_0.BID_2802: +107.275, sellerRE_4.ASK_3126: +99.940)
33.4	TRANSACTION_96  +102.572  {buyerGD_0.BID_2810: +107.275, sellerRE_4.ASK_3136: +99.940)
33.5	TRANSACTION_97  +100.573  {buyerGD_3.BID_2820: +104.867, sellerRE_4.ASK_3146: +99.940)
33.6	TRANSACTION_98  +103.036  {buyerGD_3.BID_2832: +104.867, sellerRE_1.ASK_3140: +101.206)
34.0	TRANSACTION_99  +108.313  {buyerRE_1.BID_2854: +132.234, sellerZIP_4.ASK_3196: +104.591)
34.1	TRANSACTION_100  +101.741  {buyerRE_1.BID_2873: +132.234, sellerRE_4.ASK_3206: +101.069)
34.2	TRANSACTION_101  +101.741  {buyerRE_1.BID_2882: +108.234, sellerRE_4.ASK_3214: +101.069)
35.1	TRANSACTION_102  +100.699  {buyerGD_0.BID_2942: +100.699, sellerRE_4.ASK_3277: +100.699)
35.2	TRANSACTION_103  +100.699  {buyerGD_0.BID_2973: +100.699, sellerRE_4.ASK_3306: +100.699)
35.3	TRANSACTION_104  +99.753  {buyerGD_0.BID_2993: +100.699, sellerZIC_1.ASK_3312: +98.806)
36.0	TRANSACTION_105  +143.679  {buyerRE_0.BID_3077: +183.105, sellerZIP_1.ASK_3364: +104.253)
36.0	TRANSACTION_106  +119.620  {buyerRE_2.BID_3079: +188.489, sellerZIP_4.ASK_3362: +101.476)
36.1	TRANSACTION_107  +141.918  {buyerRE_0.BID_3082: +183.105, sellerRE_3.ASK_3376: +100.732)
36.1	TRANSACTION_108  +117.223  {buyerRE_2.BID_3083: +188.489, sellerZIC_4.ASK_3375: +112.944)
36.2	TRANSACTION_109  +101.143  {buyerGD_2.BID_3072: +101.553, sellerRE_3.ASK_3392: +100.732)
36.2	TRANSACTION_110  +143.823  {buyerRE_0.BID_3094: +183.105, sellerZIP_3.ASK_3373: +104.541)
36.2	TRANSACTION_111  +112.943  {buyerRE_2.BID_3091: +188.489, sellerRE_1.ASK_3389: +107.462)
36.3	TRANSACTION_112  +101.143  {buyerGD_2.BID_3100: +101.553, sellerRE_3.ASK_3400: +100.732)
36.3	TRANSACTION_113  +104.518  {buyerZIP_0.BID_3092: +109.382, sellerZIP_2.ASK_3386: +101.574)
36.4	TRANSACTION_114  +104.277  {buyerZIP_0.BID_3105: +109.382, sellerZIP_2.ASK_3407: +99.588)
36.5	TRANSACTION_115  +102.590  {buyerGD_2.BID_3106: +102.590, sellerRE_0.ASK_3395: +102.590)
36.5	TRANSACTION_116  +105.250  {buyerZIP_0.BID_3114: +109.382, sellerZIP_4.ASK_3388: +103.038)
36.6	TRANSACTION_117  +104.714  {buyerZIC_4.BID_3071: +114.644, sellerZIP_4.ASK_3420: +103.038)
36.7	TRANSACTION_118  +106.926  {buyerZIC_4.BID_3123: +119.986, sellerZIP_2.ASK_3418: +106.389)
36.9	TRANSACTION_119  +110.631  {buyerZIC_4.BID_3133: +113.799, sellerRE_1.ASK_3401: +107.462)
37.1	TRANSACTION_120  +102.555  {buyerGD_2.BID_3140: +102.590, sellerZIP_1.ASK_3448: +102.520)
37.2	TRANSACTION_121  +102.555  {buyerGD_2.BID_3168: +102.590, sellerZIP_1.ASK_3458: +102.520)
37.4	TRANSACTION_122  +101.297  {buyerGD_2.BID_3170: +102.590, sellerRE_0.ASK_3478: +100.004)
37.5	TRANSACTION_123  +101.108  {buyerZIP_4.BID_3139: +102.212, sellerRE_0.ASK_3482: +100.004)
37.6	TRANSACTION_124  +107.857  {buyerZIP_4.BID_3200: +112.991, sellerZIP_1.ASK_3475: +102.723)
37.7	TRANSACTION_125  +106.498  {buyerZIP_4.BID_3207: +112.991, sellerRE_0.ASK_3491: +100.004)
38.0	TRANSACTION_126  +107.431  {buyerRE_4.BID_3240: +118.092, sellerGD_0.ASK_3513: +96.769)
38.1	TRANSACTION_127  +112.745  {buyerRE_4.BID_3245: +118.092, sellerRE_0.ASK_3526: +107.398)
38.2	TRANSACTION_128  +107.431  {buyerRE_4.BID_3250: +118.092, sellerGD_0.ASK_3538: +96.769)
38.9	TRANSACTION_129  +102.309  {buyerZIP_1.BID_3233: +107.850, sellerGD_0.ASK_3554: +96.769)
39.0	TRANSACTION_130  +101.973  {buyerZIC_1.BID_3290: +185.419, sellerZIP_2.ASK_3651: +100.890)
39.1	TRANSACTION_131  +106.216  {buyerZIC_0.BID_3299: +109.809, sellerGD_4.ASK_3647: +102.623)
39.1	TRANSACTION_132  +102.921  {buyerZIC_1.BID_3306: +184.409, sellerZIP_2.ASK_3656: +100.890)
39.2	TRANSACTION_133  +103.543  {buyerZIC_0.BID_3326: +104.463, sellerGD_4.ASK_3658: +102.623)
39.2	TRANSACTION_134  +103.057  {buyerGD_0.BID_3305: +103.057, sellerZIP_4.ASK_3639: +103.057)
39.2	TRANSACTION_135  +103.057  {buyerZIC_1.BID_3317: +147.119, sellerZIP_2.ASK_3661: +100.890)
39.3	TRANSACTION_136  +100.435  {buyerZIC_0.BID_3334: +100.696, sellerZIP_0.ASK_3668: +100.174)
39.3	TRANSACTION_137  +102.896  {buyerGD_0.BID_3340: +103.057, sellerZIP_4.ASK_3669: +102.735)
39.5	TRANSACTION_138  +103.347  {buyerGD_0.BID_3345: +103.347, sellerRE_1.ASK_3644: +103.347)
40.0	TRANSACTION_139  +121.521  {buyerRE_0.BID_3397: +137.168, sellerZIP_3.ASK_3707: +105.874)
40.0	TRANSACTION_140  +103.373  {buyerZIP_4.BID_3399: +105.821, sellerRE_3.ASK_3717: +100.925)
40.1	TRANSACTION_141  +122.794  {buyerRE_0.BID_3410: +137.168, sellerZIP_0.ASK_3706: +108.420)
40.2	TRANSACTION_142  +119.047  {buyerRE_0.BID_3423: +137.168, sellerRE_3.ASK_3728: +100.925)
40.7	TRANSACTION_143  +110.818  {buyerZIP_1.BID_3467: +122.338, sellerZIP_3.ASK_3766: +99.297)
40.8	TRANSACTION_144  +110.986  {buyerZIP_1.BID_3477: +122.338, sellerZIP_1.ASK_3746: +99.634)
40.9	TRANSACTION_145  +111.631  {buyerZIP_1.BID_3484: +122.338, sellerRE_3.ASK_3748: +100.925)
41.0	TRANSACTION_146  +150.070  {buyerZIC_0.BID_3488: +153.297, sellerZIC_4.ASK_3813: +146.844)
41.0	TRANSACTION_147  +149.416  {buyerRE_4.BID_3491: +187.022, sellerRE_0.ASK_3815: +111.810)
41.0	TRANSACTION_148  +115.886  {buyerRE_2.BID_3495: +124.551, sellerZIP_2.ASK_3812: +107.220)
41.1	TRANSACTION_149  +112.083  {buyerZIC_0.BID_3502: +123.548, sellerRE_3.ASK_3821: +100.619)
41.1	TRANSACTION_150  +142.804  {buyerRE_4.BID_3508: +187.022, sellerZIP_1.ASK_3830: +98.586)
41.1	TRANSACTION_151  +111.962  {buyerRE_2.BID_3504: +124.551, sellerZIP_2.ASK_3831: +110.673)
41.2	TRANSACTION_152  +134.554  {buyerZIC_0.BID_3519: +168.490, sellerRE_3.ASK_3840: +100.619)
41.2	TRANSACTION_153  +143.910  {buyerRE_4.BID_3521: +187.022, sellerGD_4.ASK_3819: +100.798)
41.2	TRANSACTION_154  +115.059  {buyerRE_2.BID_3522: +124.551, sellerZIC_1.ASK_3834: +113.252)
41.4	TRANSACTION_155  +100.041  {buyerZIC_2.BID_3527: +101.514, sellerZIC_0.ASK_3861: +97.965)
41.5	TRANSACTION_156  +99.003  {buyerZIC_4.BID_3497: +99.383, sellerZIC_4.ASK_3853: +98.623)
41.6	TRANSACTION_157  +102.749  {buyerZIC_4.BID_3549: +104.700, sellerGD_4.ASK_3880: +100.798)
41.7	TRANSACTION_158  +101.495  {buyerZIC_2.BID_3537: +106.649, sellerZIC_1.ASK_3859: +97.089)
42.0	TRANSACTION_159  +101.156  {buyerGD_3.BID_3571: +101.514, sellerGD_4.ASK_3918: +100.798)
42.0	TRANSACTION_160  +133.992  {buyerRE_0.BID_3577: +162.965, sellerRE_3.ASK_3920: +105.019)
42.0	TRANSACTION_161  +106.880  {buyerRE_2.BID_3572: +108.121, sellerZIP_2.ASK_3921: +105.638)
42.0	TRANSACTION_162  +106.880  {buyerZIC_1.BID_3579: +113.477, sellerRE_1.ASK_3926: +103.498)
42.1	TRANSACTION_163  +130.286  {buyerRE_0.BID_3590: +162.965, sellerZIP_1.ASK_3924: +97.606)
42.1	TRANSACTION_164  +103.567  {buyerZIC_1.BID_3601: +103.637, sellerRE_1.ASK_3934: +103.498)
42.1	TRANSACTION_165  +103.567  {buyerRE_2.BID_3598: +108.121, sellerZIC_1.ASK_3935: +101.466)
42.2	TRANSACTION_166  +101.156  {buyerGD_3.BID_3591: +101.514, sellerGD_4.ASK_3953: +100.798)
42.2	TRANSACTION_167  +133.992  {buyerRE_0.BID_3609: +162.965, sellerRE_3.ASK_3937: +105.019)
42.2	TRANSACTION_168  +111.692  {buyerZIC_4.BID_3573: +115.703, sellerRE_0.ASK_3919: +107.680)
42.2	TRANSACTION_169  +107.633  {buyerRE_2.BID_3610: +108.121, sellerZIP_2.ASK_3948: +107.145)
42.2	TRANSACTION_170  +107.633  {buyerZIC_1.BID_3608: +115.104, sellerRE_1.ASK_3961: +103.498)
42.3	TRANSACTION_171  +120.103  {buyerZIC_4.BID_3618: +131.141, sellerZIC_4.ASK_3963: +109.064)
42.3	TRANSACTION_172  +102.318  {buyerGD_3.BID_3624: +103.839, sellerGD_4.ASK_3974: +100.798)
42.4	TRANSACTION_173  +109.011  {buyerZIC_4.BID_3629: +116.004, sellerRE_3.ASK_3976: +102.019)
43.0	TRANSACTION_174  +98.648  {buyerRE_1.BID_3686: +114.498, sellerZIP_4.ASK_4021: +98.016)
43.1	TRANSACTION_175  +116.040  {buyerZIP_3.BID_3682: +122.987, sellerZIC_2.ASK_4020: +109.094)
43.1	TRANSACTION_176  +100.292  {buyerRE_1.BID_3694: +114.498, sellerRE_1.ASK_4016: +99.279)
43.2	TRANSACTION_177  +113.790  {buyerZIP_3.BID_3701: +122.987, sellerZIP_1.ASK_4040: +104.594)
43.2	TRANSACTION_178  +107.015  {buyerRE_1.BID_3698: +114.498, sellerZIP_2.ASK_4014: +101.304)
43.3	TRANSACTION_179  +110.085  {buyerZIP_3.BID_3708: +122.987, sellerRE_4.ASK_4034: +97.183)
44.0	TRANSACTION_180  +99.396  {buyerGD_0.BID_3766: +103.347, sellerGD_1.ASK_4121: +95.444)
44.0	TRANSACTION_181  +100.476  {buyerGD_3.BID_3774: +100.798, sellerRE_3.ASK_4120: +100.155)
44.1	TRANSACTION_182  +99.396  {buyerGD_0.BID_3785: +103.347, sellerGD_1.ASK_4141: +95.444)
44.2	TRANSACTION_183  +99.396  {buyerGD_0.BID_3788: +103.347, sellerGD_1.ASK_4158: +95.444)
44.2	TRANSACTION_184  +100.269  {buyerGD_3.BID_3786: +100.798, sellerRE_4.ASK_4163: +99.741)
44.3	TRANSACTION_185  +100.269  {buyerGD_3.BID_3797: +100.798, sellerRE_4.ASK_4178: +99.741)
45.0	TRANSACTION_186  +99.297  {buyerZIC_4.BID_3831: +100.615, sellerZIP_3.ASK_4238: +97.980)
45.0	TRANSACTION_187  +100.224  {buyerZIC_3.BID_3835: +113.757, sellerZIP_2.ASK_4246: +98.074)
45.1	TRANSACTION_188  +103.208  {buyerZIC_4.BID_3855: +108.435, sellerZIP_3.ASK_4257: +97.980)
45.1	TRANSACTION_189  +105.317  {buyerRE_3.BID_3857: +113.903, sellerRE_1.ASK_4242: +102.374)
45.1	TRANSACTION_190  +105.317  {buyerZIC_3.BID_3852: +151.853, sellerZIP_2.ASK_4255: +98.074)
45.2	TRANSACTION_191  +106.335  {buyerZIC_3.BID_3866: +121.654, sellerZIP_2.ASK_4268: +102.127)
45.3	TRANSACTION_192  +107.233  {buyerZIP_0.BID_3832: +125.622, sellerZIC_1.ASK_4275: +106.992)
45.4	TRANSACTION_193  +98.701  {buyerZIC_4.BID_3885: +99.179, sellerZIP_0.ASK_4253: +98.222)
45.4	TRANSACTION_194  +117.286  {buyerZIP_0.BID_3886: +125.622, sellerZIP_4.ASK_4241: +107.473)
45.5	TRANSACTION_195  +119.256  {buyerGD_2.BID_3849: +119.903, sellerZIC_1.ASK_4294: +118.610)
45.5	TRANSACTION_196  +119.256  {buyerZIP_0.BID_3899: +125.622, sellerRE_1.ASK_4295: +105.374)
45.6	TRANSACTION_197  +99.179  {buyerGD_0.BID_3840: +99.179, sellerGD_1.ASK_4251: +99.179)
45.6	TRANSACTION_198  +106.673  {buyerRE_3.BID_3890: +114.903, sellerRE_1.ASK_4304: +105.374)
45.6	TRANSACTION_199  +106.673  {buyerGD_2.BID_3912: +119.903, sellerZIC_3.ASK_4236: +101.232)
45.7	TRANSACTION_200  +99.235  {buyerGD_0.BID_3915: +99.291, sellerGD_1.ASK_4313: +99.179)
45.7	TRANSACTION_201  +116.903  {buyerGD_2.BID_3916: +119.903, sellerZIP_4.ASK_4300: +107.973)
45.8	TRANSACTION_202  +99.235  {buyerGD_0.BID_3934: +99.291, sellerGD_1.ASK_4315: +99.179)
45.8	TRANSACTION_203  +105.837  {buyerRE_3.BID_3924: +113.903, sellerZIC_3.ASK_4321: +103.700)
46.1	TRANSACTION_204  +101.431  {buyerZIP_1.BID_3967: +106.305, sellerZIP_0.ASK_4346: +96.558)
46.2	TRANSACTION_205  +102.816  {buyerZIP_1.BID_3970: +106.305, sellerZIP_3.ASK_4333: +99.327)
46.2	TRANSACTION_206  +103.646  {buyerZIP_2.BID_3971: +107.903, sellerZIC_0.ASK_4334: +101.927)
46.3	TRANSACTION_207  +104.327  {buyerZIP_1.BID_3979: +106.305, sellerRE_4.ASK_4360: +102.350)
46.3	TRANSACTION_208  +102.891  {buyerZIC_1.BID_3947: +103.132, sellerZIP_4.ASK_4376: +102.650)
46.6	TRANSACTION_209  +102.663  {buyerZIC_3.BID_3945: +103.423, sellerZIC_3.ASK_4336: +101.902)
47.0	TRANSACTION_210  +128.383  {buyerZIP_1.BID_4042: +144.392, sellerZIP_0.ASK_4440: +112.373)
47.0	TRANSACTION_211  +108.235  {buyerZIC_4.BID_4045: +117.269, sellerGD_4.ASK_4442: +99.201)
47.0	TRANSACTION_212  +103.215  {buyerRE_2.BID_4041: +114.883, sellerRE_4.ASK_4443: +102.943)
47.1	TRANSACTION_213  +109.356  {buyerZIC_4.BID_4057: +119.534, sellerGD_1.ASK_4447: +99.179)
47.1	TRANSACTION_214  +102.965  {buyerRE_2.BID_4053: +114.883, sellerRE_4.ASK_4457: +102.943)
47.2	TRANSACTION_215  +111.203  {buyerZIC_4.BID_4063: +120.093, sellerZIC_4.ASK_4460: +102.313)
47.2	TRANSACTION_216  +102.423  {buyerRE_2.BID_4065: +114.883, sellerZIC_3.ASK_4441: +95.143)
47.3	TRANSACTION_217  +99.752  {buyerGD_4.BID_4040: +102.943, sellerZIP_4.ASK_4444: +96.561)
47.4	TRANSACTION_218  +100.596  {buyerGD_4.BID_4083: +102.943, sellerZIP_4.ASK_4490: +98.250)
47.5	TRANSACTION_219  +102.943  {buyerGD_4.BID_4093: +102.943, sellerRE_4.ASK_4467: +102.943)
48.0	TRANSACTION_220  +101.593  {buyerZIC_3.BID_4125: +104.008, sellerGD_1.ASK_4553: +99.179)
48.0	TRANSACTION_221  +106.941  {buyerRE_2.BID_4127: +107.216, sellerRE_1.ASK_4558: +106.666)
48.0	TRANSACTION_222  +106.941  {buyerRE_1.BID_4133: +131.263, sellerZIP_2.ASK_4557: +106.506)
48.1	TRANSACTION_223  +99.179  {buyerGD_3.BID_4124: +99.179, sellerGD_1.ASK_4568: +99.179)
48.1	TRANSACTION_224  +97.313  {buyerGD_2.BID_4123: +97.366, sellerZIC_0.ASK_4547: +97.261)
48.2	TRANSACTION_225  +98.638  {buyerGD_3.BID_4147: +99.179, sellerZIP_1.ASK_4566: +98.097)
48.2	TRANSACTION_226  +101.556  {buyerZIC_3.BID_4155: +103.934, sellerGD_1.ASK_4579: +99.179)
48.2	TRANSACTION_227  +106.520  {buyerRE_2.BID_4148: +109.216, sellerZIC_0.ASK_4581: +105.588)
48.2	TRANSACTION_228  +106.520  {buyerRE_1.BID_4149: +131.263, sellerZIP_4.ASK_4548: +105.035)
48.3	TRANSACTION_229  +106.917  {buyerRE_2.BID_4156: +109.216, sellerZIC_0.ASK_4593: +106.382)
48.3	TRANSACTION_230  +106.917  {buyerRE_1.BID_4160: +131.263, sellerZIP_4.ASK_4597: +105.035)
48.5	TRANSACTION_231  +102.061  {buyerGD_3.BID_4163: +102.061, sellerZIP_1.ASK_4598: +102.061)
48.7	TRANSACTION_232  +106.258  {buyerZIC_3.BID_4159: +112.918, sellerZIP_0.ASK_4552: +99.599)
48.9	TRANSACTION_233  +99.424  {buyerGD_2.BID_4145: +99.697, sellerZIP_2.ASK_4585: +99.151)
49.0	TRANSACTION_234  +106.981  {buyerRE_2.BID_4214: +136.059, sellerZIP_4.ASK_4664: +105.035)
49.0	TRANSACTION_235  +106.981  {buyerRE_3.BID_4208: +138.107, sellerZIP_2.ASK_4667: +103.834)
49.2	TRANSACTION_236  +116.555  {buyerRE_3.BID_4236: +138.107, sellerZIC_4.ASK_4661: +112.431)
49.2	TRANSACTION_237  +116.555  {buyerRE_2.BID_4228: +139.059, sellerZIC_0.ASK_4666: +110.994)
49.4	TRANSACTION_238  +104.123  {buyerRE_2.BID_4248: +134.059, sellerZIC_4.ASK_4700: +103.410)
49.5	TRANSACTION_239  +101.204  {buyerRE_3.BID_4262: +108.107, sellerZIP_4.ASK_4714: +100.164)
49.7	TRANSACTION_240  +102.792  {buyerZIP_4.BID_4277: +105.647, sellerZIP_1.ASK_4696: +99.937)
49.8	TRANSACTION_241  +103.142  {buyerZIP_4.BID_4288: +105.647, sellerZIP_1.ASK_4731: +100.637)
49.8	TRANSACTION_242  +100.653  {buyerZIP_3.BID_4203: +101.971, sellerZIP_4.ASK_4719: +99.335)
49.9	TRANSACTION_243  +103.411  {buyerZIP_4.BID_4292: +105.647, sellerGD_1.ASK_4693: +101.176)
